10.0.2.15:48943 -> 133.42.52.24:443 S
133.42.52.24:443 -> 10.0.2.15:48943 AS
10.0.2.15:48943 -> 133.42.52.24:443 A
10.0.2.15:48943 -> 133.42.52.24:443 AP

 B
 e A S
 r
 p
 ) 3
 n
 Q
 P
  
 r
 ^
 8
 W
 R E
 ,
 0
 ]
 a
 W
 S
 +
 /
 \
 `
 V
 R
 $
 (
 k
 j
 s
 w
 #
 '
 g
 @
 r
 v
 9
 8
 3
 2
 E
 D
 Q
 P
 =
 <
 5
 /
 A
 w w w . w a k a y a m a - u . a c . j p
 #
 0
 .
 +
 -
 3
 &
 $
  
 & w
 Y
 <
 t o
 5
 -   T
 p
 & ]

133.42.52.24:443 -> 10.0.2.15:48943 A
133.42.52.24:443 -> 10.0.2.15:48943 A

 A
 =
 +
 ?
 i
 F
 +
 t
 %
 _ 7
 o
 0
 #
 N
 J
 G
 0
 0
 q
 g k ]
 U
 0
 *
 H
 0 [ 1
 0
 U
 J P 1 * 0 (
 U
 ! N a t i o n a l   I n s t i t u t e   o f   I n f o r m a t i c s 1   0
 U
 N I I   O p e n   D o m a i n   C A   -   G 5 0
 1 9 0 4 1 0 0 2 0 2 1 0 Z
 2 1 0 5 1 1 0 2 0 2 1 0 Z 0
 1
 0
 U
 J P 1
 0
 U
 W a k a y a m a 1
 0
 U
 W a k a y a m a - s h i 1
 0
 U
 W a k a y a m a   U n i v e r s i t y 1 $ 0 "
 U
 A c a d e m i c   I n f o r m a t i o n   C e n t e r 1
 0
 U
 w w w . w a k a y a m a - u . a c . j p 0
 " 0
 *
 H
 0
 & N
 k
 q V x
 R ;
 r
 %
 n U h
 Q
 s
 8
 5
 E
 o l
 5 o
 v
 u H K
 Q
 Y
 ` /
 y
 O a 0
 ] D
 <
 @
 m 0 j
 .
 W
 = !
 )
 t
 W
 T q 2 e
 . =
 #
 _ % (
 "
 Y
 Y
 N
 H D
 K I
 ' s
 6
 [
 .
 0
 C
 H E O
 }
 E
 x
 $ & l
 V 4 3
 .
 1 L '
 ) v
 J
 @
 G
 b &
 O
 9 0
 5 0
 U
 #
 0
 g : :
 k
 A F 9 0
 i
 Y
 X
 0 <
 +
 0 0 . 0 ,
 +
 0
   h t t p : / / n i i g 5 . o c s p . s e c o m t r u s t . n e t 0 T
 U
 M 0 K
 w w w . w a k a y a m a - u . a c . j p
 w w w . a j h s . w a k a y a m a - u . a c . j p
 w w w . a e s . w a k a y a m a - u . a c . j p 0 `
 U
  
 Y 0 W 0 K
 +
 0 ; 0 9
 +
 - h t t p s : / / r e p o 1 . s e c o m t r u s t . n e t / s p p c a / n i i / o d c a 3 / 0
 g
 0
 U
 %
 0
 +
 +
 0 J
 U
 C 0 A 0 ?
 =
 ;
 9 h t t p : / / r e p o 1 . s e c o m t r u s t . n e t / s p p c a / n i i / o d c a 3 / f u l l c r l g 5 . c r l 0
 U
 ' (
 g
 } h
 n k s T
 I (
 0
 U
 0
 +
 y
 p
 l
 j
 w
 X
 g p
 < 5
 w
 j
 T
 H 0 F
 !
 $ % ( D
 B 0
 L
 j w o
 |
 h P
 v t
 !
 v
 I
 I
 = :
 R Z # L 5
 }
 (
 Z
 8
 ] m
 v
 K
 u
 `
 B i
 f
 ~ _
 r
 {
 z
 j
 V Q
 G 0 E
 !
 F V
 ' c A
 2
 H (
 G
 9 /
 S
   4
 J
 = v
 j
 >
 e e
 "
 `
 6 D
 w
 o S v
 1
 1

133.42.52.24:443 -> 10.0.2.15:48943 A

 Q
 w
 )
 7
 j
 _
 H 0 F
 !
 E
 G
 o
 1
 D
 }
 Y
 !
 u R
 i
 ;
 }
 $ m ;
  
 r
 U 0
 *
 H
 a
 D
 >
 r k
 f ] J '
 J
 o
 ? =
 g * 4 U
 7 R
 ! 5
 ?
 U
 |
 Y
 x
 { U
 v
 / E
 # M h
 $
 \
 _
 C E Y
 +
 >
 1
 %
 | d l
 v
 7 L -
 6 ! D r
 = 2
 s
 7 :
 5
 s 0 y
 z *
 u
 s I P
 ~
 |
 @
 3
 E .
 =
 V
 + 3
 [
 : D # Z
 <
 H 4
 e
 P
 X
 ] s
 B k
 M
 , H 0 e
 0
 0
 n
 "
 1
 0
 *
 H
 0 ] 1
 0
 U
 J P 1 % 0 #
 U
 S E C O M   T r u s t   S y s t e m s   C O . , L T D . 1 ' 0 %
 U
 S e c u r i t y   C o m m u n i c a t i o n   R o o t C A 2 0
 1 8 0 3 2 2 0 6 3 3 2 9 Z
 2 8 0 3 2 2 0 6 3 3 2 9 Z 0 [ 1
 0
 U
 J P 1 * 0 (
 U
 ! N a t i o n a l   I n s t i t u t e   o f   I n f o r m a t i c s 1   0
 U
 N I I   O p e n   D o m a i n   C A   -   G 5 0
 " 0
 *
 H
 0
 G
 R
 *
 ^
 k A ~ m h
 G
 ] u
 3 f
 W 0 T
 5
 s H *
 q
 C i
 8 ?
 M {
 A
 ;
 } U U >  
 & N
 N p
 4
 b
 G
 |
 7 ?
 2
 1 c
 ( 3
 e M J p
 3 6 \
 #
 o
 I "
 _
 G
 o
 E b
 )
  
 0
 x
 u
 "
 <
 { 8
 @ i
 ;
 b / j
 Q
 Q "
 {
 u
 %
 D @
 @ U n
 S
 '
 I 0
 E 0
 U
 g : :
 k
 A F 9 0
 i
 Y
 X
 0
 U
 #
 0
 w e
 | @
 , 8
 <
 0
 U
 0
 0
 U
 0 I
 U
 B 0 @ 0 >
 <
 :
 8 h t t p : / / r e p o s i t o r y . s e c o m t r u s t . n e t / S C - R o o t 2 / S C R o o t 2 C R L . c r l 0 R
 U
  
 K 0 I 0 G
 *
 d
 0 9 0 7
 +
 + h t t p s : / / r e p o s i t o r y . s e c o m t r u s t . n e t / S C - R o o t 2 / 0 @
 +
 4 0 2 0 0
 +
 0
 $ h t t p : / / s c r o o t c a 2 . o c s p . s e c o m t r u s t . n e t 0
 *
 H
 U
 ,
 Y
 2
 .
 !
 !
 Q o
 Q
 e
 ~
 l
 [ -
 c u 3
 %
 X e
 G
 d `
 {
 E
 y
 e u c H
 7 "
 Q
 \ 9 $ C
 6
 \
 & z 3 q 8 * i
 I
 e .
 t j

10.0.2.15:48943 -> 133.42.52.24:443 A
133.42.52.24:443 -> 10.0.2.15:48943 AP

 +
 h v N
  
 B
 M
 , H W @
 R
 ?
 I
 \
 R
 Z
 X 5
 ^
 Z
 :
 n 0
 l
 6
 h
 b '
  
 v p
 o P
 M #
 { \
 \ h
 h
 )
 *
 Z
 ^
 f
 .
 M
 p
 g
 M
 I
 A
 \
 5
 q
 }
 n :
 t
 . t
 K
 D %
 /
 q /
 -
 A
 9
 *
 5 q
 D I S
 F
 $
 -
 G z *
 ,
 !
 A # l t ] *
 8
 i
 ?
 g H i
 @ +
 G
 |
 7
 8 g 7 ` 8 @
 X !
 ;
 p T
 . L 9
 4
 *
 #
 Q
 D n 5
 L M + _
 n e
 Z ,
 X `
 1 ,
 S B
 ' 3
 W e 4 T }
 } ? Y
 %
 .
 7 J
 q % g
 p ,
 $
 M
 D
 / j
 ` ; t
 5 +
 T ] [
 B
 (
  
 g [   l
 Z

10.0.2.15:48943 -> 133.42.52.24:443 AP

 F
 B A
 *
 ; !
 '
 O
 M
 b
   p
 e
 N
 B
 Q `
 ( [ :
 S
 % b %
 3 u
 (
 )
 H ^
 : !
 w
 }
 @ K .
 O 8
 V
 5
 <
 N
 . L
 <
133.42.52.24:443 -> 10.0.2.15:48943 A
133.42.52.24:443 -> 10.0.2.15:48943 AP

  
 ` A =
 g
 b ( B 4 .
 '
 +
 k w
 ` U B
 y
 ! a
 o
 % [ 3 0 D } d
 b
 ]
 0 Q W
 _ K
 F
 {
 A
 + J
 r
 %
 Z
 b
 X
 ' Q
 {
 x [ v ,
 k
 / 7 6
 k F
 | n _
 L E
 M   _
 ;
 : w
 & @
 ] $ = 1 5
 k
 T
 ( ( :
 s
 i
 7 @ -
 I
 (
 ;
 j
 d
 b
 J
 " h
 i 4
 o F
10.0.2.15:48943 -> 133.42.52.24:443 AP

 )
 H ^
 : "
 w Q
 |
 < C
 @ K
 n 0
 A
 _ W D
 j
 5
 Y <
 x %
 >
 %
 l
 d
 \
 e
 f
 & 8 o M
 [
 g
 n
 9
 ^ ` r 8
 U . q
 <  
 g 7
 F
 l d > H H W
 $
 I }
 1 ( 7
 ,
 i +
 E
 H o 2 U
 r f e
 H Z
 E
 Z >
 _
 ~
 L b

133.42.52.24:443 -> 10.0.2.15:48943 A
133.42.52.24:443 -> 10.0.2.15:48943 AP

 ;
 j
 t
 r
 h
 r
 ] \
 1
 y
 g Y X Z
 G
 *
 ?
 \
 7
 F
 $ L k
 [ > F
 D G
 H 8 O F
 d 0
 0
 L ]
 b H
 ? I H
 +
 2
 -
 ) j
 &
 6
 f
 t
 :
 {
 q ! \ C :
 u
 1
 h
 s
 5 f =
 R
 Z < Z
 $
 8
 W
 * > l m O { ` [
 x
 g q k
 u
 ~
 }
 D ? 9
 Y d
 S .
 ]
 0
 r
 z
 D \ L L v z
  
 ! `
 b *
 B r
 ,
 G V
 h
 F
 $
 .
 q
 k
 e
 c
 f q .
 >
 w p
 u q P a
 y
 8 '
 p
 ,   K
 , D y
 ) 8
 '
 2
 d 4
 V 2
 ! "  
 D
 ;
 M
 F : 6 X
 0
 q
 * 3 )
 m
 z (
 ,
 ;
 j
 [
 T
 3 j
 "
 h q
 L
 z 6
 %
 = N
 G 1
 s Z q M
 =
 n 2
 s k a
 F v
 U
 2 (
 c
 _ "
 =
 .
 #
 m
 \
 7
 P
 ?
 .
 7
 , P
 "
 :
 (
 x 5 y
 B 2
 {
 # j
 G
 E
 !
 q
 +
 g
 ^
 z , d +
 ;
 j
 i
 C
 f
 M
133.42.52.24:443 -> 10.0.2.15:48943 A

 ;
 j
 O
 |
 L q ]
 '
 %
 I
 G
 X
 ;
 j
 l }
 i
 W
 y 3
 0 l
 '
 C
 L L
 o
 \
 Y
  
 p
 d
 7 n
 w
 e
 `
 _
 2
 s
 4 R
 +
 0
 p D
 ~ ;
 E \
 q t <
 l
 % t
 ]
 g
 p W
 i
 7
 - {
 Z
 S & C
 3 D
 / U z w E x i
 /
 Z 2
 "
 A
 _
 C
 b
 "
 C
 '
 l K
 :
 W
 { 0 | [ t
 p y
 g { 6
 h =
 @
 3
 ( (
 P
 ? c
 N ,
 L { i v 0 W #
 l
 Z g
 S
 O
 x v
 v b x
 Q [
 [ n
 @
 Q t
 f
 g
 D <
 c
 a
 G
 _
 T
 /
 0
 n
 <
 \ .
 F 4
 V
 A
 M
 g
 V l
 z l w 3
 a
 P \
 _ F
 '
 t t
 ;
 + B
 {
 {
 K
 j D j
  
 z
 q \
 W
 h N
 D 1
 N
 6 o
 u
 p C
 ^ h
 |
 I ' O ( !
 e
 Z a
 j n
 '
 <
 c 0
 { >
 } _
 4
 A
 ~
 q 1 i
 r
 V
 z =
 j B
 A
 r
 Q
 b
 G
   5
 6 f {
 7
 < "
 {
 ,
 d F
 < &
 D H Z w
 9
 u ~
 X 6 j
 &
 8 b Z
 X
 z S
 w \
 O
 {
 z
 W {
 T
 [ :
 g q ,
 4 -
 &
 y
 F
 t
  
 [
 U
 K
 P ! w
 y
 C
 i
 ^
 R
 ?
 t
 _
 L m w B
 w
 T
 O
 _ Q P
 5
 [
 7 0 [
 l
 <
 &
 @ h  
 Z Q [
 / !
 7
 A
 R
 p
 C
 l
 / % } {
 8
 J
 O
 0 ]
 T
 } f ^
 N
 r c '   a (
 1
 x
 <
 +
 C M
 u ,
  
 q r 9   h
 {
 L
 e '
 q v
 s
 p
 $ ?
 C
 {
 <
 b
 h
 V
 H
 c
 , ' g
 ?
 M [
 x
 O
 [ &
 H
 ) O ) S _ T
 6
 w
 d
 Q c % R
 *
 h \ ?
 l +
 ,
 y
 ;
 N
 e
 "
 X
 \
 *
 + Q
 H
 z ( ' X H
 D
 S
 m
 } l Y
 Y
 e
 \
 J w
 S % 7
 6 {
 s / |
 *
 v
 < g
 D
 !
 Q
 I
 ' @ M
 _ n 4
 0
 +
 U U
 i
 D
 Y J <
 *
 C H
 . ]
 e
 ? U
 h
 ; |
 8 = +
 3 h
 t
 5 y
 B
 / Y 0
 Q C +
 ;
 Q
 W
 0
 0
 X
 g S
 %
 e
 9
 ? \ T 1 ] %
 4 /
10.0.2.15:48943 -> 133.42.52.24:443 A
133.42.52.24:443 -> 10.0.2.15:48943 A

 <
 o : h x :
 L
 v
 & 6
 } ~
 (   e
 ! . t N
 \
 y
 _
 y
 . s 0 b
 |
 {
 9
 ~
 b
 u
 " 8
 2 H
 B C
 0
 G
 E
 c v
 E
 G
 X
 |
 D
 T \
 I
 5
 d
 6
 J B
 i 4 u
 "
 B
 v p B z
 R
 '
 :
 _
 O
 + 4
 B w
 . %
 ^
 ^ *
 s
 2
 H
 ~
 0
 7
 c
 %
 '
 #
 ]
 B
 ' J
 E
 + j
 L
 + k K
 i
 % v
 s e <
 /
 ,
 -
 M < x
 #
 X
 | }
 ,
 N
 [ u
 (
 c d 0 h D p
 Z
 t
 W
 1 #
 A
 b
 _
 N
 C
 <
 *
 `
 [
 -
 `
 v 4 u
 7 .
 C 1
 +
 u <
 r Q
 o
 @
 J
 d
 n
 ;
 & A
 `
 &
 ^
 j
 f
 )
 v E *
 V _
 G S
 8
 f
 N
 Y
 \
 {
 s @ 9 l
 E
 $ i
 '
 u
 2 i S
 }
 W = W q
 p
 |
 m
 =
 I
 $
 _
 "
 c .
 a
 ,
 ~ 5 '
   + Z
 F
 n \
 v : s ~
 k
 m = ] I >
 q
 7
 B
 m a
 C
 t J
 c
 W
 [
 -
 "
 D t a
 i
 a
 q "
 t
 5 3
 "
 C
 # O A
 C
 < ~
 q
 X
 ) _
 ; Q
 X %
 B
 J
 ~
 e f
 P
 V a
 L
 u !
 0
 ? ~
 6 J
 *
 ! B 7
 8
 i >
 c T
 i n =
 B
 A
 b
 . y 3 H
 V ,
 \
 j t
 .
 (
 H
 K
 D
 T
 \
 8
 5
 n
 | *
 /
 B o
 K ,
 -
 u
 C -
 ? Y n
 L ~ m
 v
 C
 /
 } V
 W
 U
 2
 s w C y m R
 t
 ! *
 V @
 d |
 [
 S p
 =
 .
 I
 L
 M
 |
 q
 Q
 M
 & &
 x q
 A
 K
 D
 U
 Y {
 ,
 8 q
 d I
 n O % o 2
 D
 / s %
 }
 V
 h
 V
 x 8 J   c
 y
 H
 ~
 a
 B
 v
 A
 ~ O C u
 9 !
 A
 y
 /
 N a
 . S
 r
 F Y
 3
 n
 t
 0
 ^ 0 z ! 8 #
 5
 3 C C
 H h
  
 " S
 ?
 %
 h
 )
 {
 g "
 f b
 '
 >
 ~
 }
 1
 [ : Z {
 q
 9 }
 v
 [
 Q
 *
 P
 A J
 Y
 (
 Z K
 +
 V
 *
 > 0
 E
 E
 v
 {
 ^
 A
 8 `
 n
 (
 S |
 A a < B
 3
 O
 a ! K
 c ?
 q
 &
 \ f & @
 9
 4
 n `
  
 H
 Z "
 q
 '
  
 | { p | /
 a ~
 c , c
 y \
 @
 ) ]
 j g 2
 2
 L

133.42.52.24:443 -> 10.0.2.15:48943 A

 v
 !
 4
 P
 =
 R
 1 ^
   >
 ]
 , S y
 ^
 x )
 3 W
 G
 7
 ]
 _
 p
 E
 B
 a
 %
 % h K
 z B v
 0
 4
 } m
 )
 g C
 v *
 > z
 r
 2
 4 }
 " _
 2 "
 ) A
 ,
 f . i
 )
 < &
 `
 5 b @
 C D P I Q
 <
 `
 b s
 O
 K
 j
 `
 x
 u
 } Z
 K
 q 2
 K
 3
 k
 y F /
 Z *
 0
 G }
 B
 H
 z G
 -
 b
 e g
 F v g
 V
 Y
 ~
 L
 V
 V p M
 R T
 K q
 d i
 i 0 [
 e
 `
 = Q
 w
 ' ) {
 9
 6 B
 7 V
 T
 #
 H )
 * ~ =
 } w
 {
 -
 *
 o
 $
 Z
 Q
 m
 M
 Z @
 B
 L $ j
 C
 <
 U
 a -
 C
 q
 $ `
 H D L
 \ Q !
 x
 6 ~  
 *
 -
 .
 n
 ' [ d
 @
 &
 z
 3
 m
 t
 h C
 +
 ) l
 #
 &
 _
 9
 6 9 i
 _ f 1
 Y !
 Q
 !
 R t
 ` 0 q +
 X L
 Q h K
 1
 I
 E
 ] y R
 L
 = 5
 + 7   I
 ? $
 d ? b h
 P
 ; c
 9 J
 M j
 H G ?
 M
 / x
 y
 < n C f
 s
 i
 _
 u J 1 {
 0 M
 7
 *
 8
 s
 V
 2  
 )
 n g t Z Y
 '
 U
 [
 : { p { 8
 D   %
 , } )
 C
 G 1
 U
 Z k
 G
 @
 t
 R Q
 q
 B
 J
 L
 s
 t
 \
 %
 # [ : , O
 * c
 e
 x
 B
 N
 / b
 H
 S
 t
 ,
 9 =
 v
 X / Z
 C
 W
 u $ } a
 I
 t
 5
 v Y <
 w
 H p
 (
 z
 u
 6
 K
 p y
 '
 _ @
 7
 Z R y
 !
 4 ; j w
 O
 z (
 C
 b
 n
 a
 "
 N
 b ) { 0
 ' .
 K
 =
 h 8 J
 N
 "
 _
 a
 a |
 o
 T ]
 a
 =
 Z
 +
 Z
 *
 )
 > ^
 4 X
 ~
 /
 Y
 d ! P
 C
 ^
 ( N
 e
 D
 a
 V f
 z j
 F
 A
 F
 8
 {
 G
 v
 z
 = n E q
 K n
 1
 u '
 ~  
 y N B
 x
 O 8 g
 g
 I
 j
 @
 Q
 L s
 _
 e
 v `
 +
 a
 l ?
 n
 l
 [ R
 .
 Z A I l
 3
 } #
 o
 &
 C
 v
 j *
 9 :
 I
 a O , < >
 6
 B t e ? B
 ;
10.0.2.15:48943 -> 133.42.52.24:443 A
133.42.52.24:443 -> 10.0.2.15:48943 AP
 w
 / >
 I D b
 K
 _
 b
 =
 N |
 S 5 > q
 Y f E
 v m
 y T
 2
 C [ J
 ,
 0 p -
 _ 1 ;
 N
 : N
 ;
 v
 7
 ~
 W
 X
 `
 z r
 !
 s
 N O
 ; ' %
 9
 $
 ~
 T
 Y
 /
 s o
 A U s G
 V
 7
 C v
 O
 a
 X
 L
 )
 n
 P Y D
 C a
 1
 -
 * & '
 '
 {
 ]
   a Y
 ,
 }
 v
 ?
 Z
 t 0 F
 R 4 P "
 c
 f G H
 P
 #
 . O 6 u
 =
 V e
 t
 Y
 "
 1
 D
 , P J
 P T
 + J P u
 5 j ~ 0
 ( -
 h a
 ;
 x :
 z
 8
 $
 \
 W M
 %
 q
 x $
 1 W
 W
 S ;
 9   I a  
 h
 m b
 O
 M N
 d
 Y a |
 7 >
 W m "
 E O !
 b w 4
 +
 f
 0 +
 )
 v
 0
 h
 ^
 c N
 & F
 G R v
 S
 _ q ^
 >
 k
 6
 ?
 n 0
 ]
 |
 '
 K
 J D
 ^ + k
 e
 w
 ; 4 % ]
 _
 l
 i C
 Y i V
 G j
 ! E <
 e
 2
 {
 & 6 u
 8
 L E
 b }
 D )
 C
 ;
 #
 5
 $ 3 u '
 g l 7
 `
 :
 w 1 e
 -
 _
 u # [ j
 Q
 } O
 } E ;   % Q z
 o
 V
 u
 p
 J
 {
 _
 ! h
 <
 A
 a (
 Q |
 z
 ( @
 x
 D l
 r
 C B 9
 /
 |
 ;
 R
 - 2
 E
 r
 G W
 s <
 Z
 q @
 a
 j
 g
 9
 S
 l
 3
 /
 c
 Y Y E
 b y 7
 0 ?
 W 2 W
 ,
133.42.52.24:443 -> 10.0.2.15:48943 A

 %
 /
 (
 d
 X + / *
 O
 1 v
 ] p
 " 9 |
 V } s a @ 3
 /
 `
 C
 b
 '
 < ,
 Y
 K A
 A
 b
 ^
 |
 c
 ^
 /
 &
 @
 %
 R
 b
 "
 & W
 /
 /
 4
 _ N
 Q
 e
 >
 k
 % p
 } [
 1
 w
 |
 ^
 K
 J p ~ <
 P < 1
 %
 x
 R c
 @ ~ b
 3
 i
 ,
 @
 0 9 3
 Y
 {
 R
 H
 l
 z _
 N
 t
 )
 Z (
 7 B m C > _
 c
 + w
 w " z
 ]
 0
 o
 F
 1
 G
 3 Z
 D
 J
 F
 c
 Q
 j d
 G
 #
 M
 5
  
 < r "
 n
 J
 d
 8 (
 k
 g J
 I
 >
 j
 W
 s ^ Z
 5
 E
 {
 X $
 H
 <
 C
 F
 k H
 L
 ~ E
 K H j
 !
 r H c
 6 (
 x
 {
 ~
 u
 l ; n
 S v
 {
 h
 <
 N
 [
 5
 6 3
 l f  
 [
 E
 ^
 w
 Q
 "
 `
 e
 P ?
 b
 -  
 7 0
 W q
 H ! U
 D 8
 0
 5
 h
 7
 " <
 O 2
 <
 L
 d
 6
 = ( - V
 Z
 v d   7
 -
 l
 f
 j
 i & p
 d
 w
 % _ H
 3
 ' I F
 o w j
 x
 ,
 7 1
 s
 :
 W
 *
 [
 `
 l o W
 G
 M X
 B
 0
 3
 b
 T
 y J
 1
 _ _ z n a
 h
 9 O
 '
 !
 n
 F l
 _
 l R ,
 #
 ]
 b D q } j
 + D
 ;
 / 8
 }
 , P G w
 y
 T
 +
 S ^
 ~
 Z
 . *
 $ 5 ,
 L
 c
 $
 n
 { y
 s E
 q
 + 5
 O
 :
 ^
 j
 i "
 n
 <
 %
 T ] @ e
 I ) o
 E
 i
 (
 D 1
 z
 [ 7
 E +
 } , J
 M
 + j $
 :
 .
 ? z
 F Y
 c x
 Q { M
  
 K *
 %
 U
 ) G k /
 X
 }
 5
 ^
 s
 {
 &
 [ i
 3 } 8
 : j
 N
 W F
 j
 2
 ( N p C C
 #
 d
 c
 _
 6
 i t
 | U E
 W
 E N
 9 '
 p
 = K 6 p
 2 Q S
 ,
 ?
 1 M
 ;
 1
 c
 %
 v -
 0
 @ m
 :
 L
 \
 '
 .
 ! g X
 \
 "
 f
 W
 *
 8 |
 H
 Z
 m "
 d
 X
 D
 m
 m
 L 0
 @
 L W y
 <
 2 5 4 a
 D
 ' 4
 Y
 _ $
 >
 A
 l
 _ r
 ] F
 S
 :
 ^
 O 0
 U Z
 C
 Q
 , (
 ?
 G A
 f
 N
 V
 C
 Z
 { Z + / ? C ,

10.0.2.15:48943 -> 133.42.52.24:443 A
133.42.52.24:443 -> 10.0.2.15:48943 A

 `
 [ $
 x
 X Z
 I
 "
 T
 <
 R Q
 H
 Y P
 k
 $ : F
 h
 #
 q
 K
 6 A
 I d
 e
 "
 `
 E
 ( !
 ` 4 1 <
 a
 ,
 <
 R k
 @
 ! U
 a
 ?
 p
 7 Z f A
 Z i
 n
 g
 o
   g
 c
 X
 X
 -
 B
 [
 O
 y
 \
 U   -
 7
 ] > W
 0 4 &
 ;
 m k R 9
 l
 p a
 c W
 p
 t
 z
 + x <
 4   k K ! ; P
 X f v
 ! k
 + 5 9
 = &
 v
 7
 i
 E Y 3 G
 r
 S +
 % m 9
 . L + 0
 8
 J
 + e V h |
 0 Y @
 (
 `
 E 5
 K
 M Y
 A
 V
 ^
 . p
 n
 Q | X R S
 T
 A g '
 F X 4
 a
 o
 |
 o
 p
 k
 6
 K ]
 x N
 k
 8 ^
 t
 n
 8
 <
 s i
 )
 !
 [
 ,
 D
 5
 f
 M
 U
 I , > 6
 .
 ;
 e
 Q
 M
 - k
 R
 &
 %
 1
 b b
 f
 a
 q
 %
 Z
 u
 4 i
 %
 >
 !
 3
 e
 ?
 )
 L
 y
 Q * *
 O { h
 t B }
 H ^
 a F
 L
 5
 Z
 m
 X
 3
 (
 \
 3 s Z
 ( M
 j
 } 5
 B M f ' '
 p
 _
 3
 K ` w r
 =
 u
 e
 1 e
 +
 Z
 C \ N
 V
 - U
 | w
 [
 ^
 t 6
 _
 - `
 <
 g
 a
 2
 e
 z
 f
 Q
 4 4
 v
 X
 D < M
 r T
 { b
 " H Q
 . ,
 A
 ) M
 \
 ( W
 B !
 %
 6
 W B "
 I
 |
 q h
 9
 [ I
 -
 _
 X
 -
 2 <
 P
 #
 H
 r T
 h c
 r
 h
 h
 a
 y v
 L
 n
 ) y
 k 8
 r 1
 V J
  
 ' g
 a
 8
 , [
 % w
 J
 L
 /
 [ [
 1 ^ ;
 s
 =
 "
 :
 0 G
 x
 Y
 K
 V
 3 b
 Y
 R .
 L
 h
 X 8
 & Y h m x l
 {
 z Y d G
 ]
 : b 5 4 g
 #
 "
 1
 M
 5 ]
 a
 H
 i
 5 )
 _ T
 y
 k
 i L [ o
 J
 `
 X
 y
 T :
 i
 &
 = s 5 l /
 :
 < l
 M w
 f
 i
 }
 C
 O
 s [
 y G l
 . 3
 6
 a
 T
 o
 c
 j S
 ;
 G =
 p 7 S
 % J
 * . 9 n ` x
 s
 #
 _
 P ^
 l F
 &
 e
 [
 ~
 W
 - C
 ! m K
 0 h
 _ 8
 B -
 u
 A ;
 .
 } $
 3
 ~  
 L
 ` w : "
 (
 '
 b
 ,
 ^
 r n
 f
 8 # X
 2 O

133.42.52.24:443 -> 10.0.2.15:48943 A

 _
 E
 `
 @ 7
 g
 ; )
 ;
 j
 t N
 v
 %
 w
 #
 ;
 j
 $ H X N = 8 i C } o
 -
 F
 ;
 j
 +
 w
 O u
 S
 U
 8 >
 p q o
 ) H V
 K
 {
 '
 o
 T m e [ U
 n V
 k
 [
 p
 j
  
 H
 ~
 y !
 :
 5
 R
 N
 s ^
 i
 +
 M V
 Z n )
 :
 m
 O P J
 Y
 }
 S
 }
 S
 5
 {
 p
 %
 j
 w
 H C
 3
 +
 7 ,
 4
 >
 &
 ;
 Z {
 e Z
 #
 s v C @
 P r 9 H
 9 #
 N
 7
 x K
 ; 0 9
 {
 c
 Z  
 & 4
 j / 5
 z
 3
 -
 H
 H h )
 ? s
 w _ }
 @
 C 1
 h
 t
 u 0
 p
 x -
 &
 2
 y
 o y
 V
 '
 <
 ^
 Z 2
 S
 W n L
 # d
 d <
 v b O
 u
 4 ;
 \ >
 x l
 2 ~ 5 5
 > @
 z G
 A
 4 n 1
 ] >
 G
 0
 ]
 j
 d
 T
 .
 +
 d D ,
 (
 E
 V
 v
 I % + z
 @ |
 9
 h y ^
 6
 c
 9
 l A
 G
 8
 n
 P
 W n
 u r
 1
 L
 )
 G F
 0 <
 A
 "
 Y ' $
 B
 r
 A
 ?
 <
 U
 k ^ m
 C
 2
 G / 8
 }
 N
 A
 _
 ' u
 ( P ]
 # o _  
 / ^
 Y
 V
 '
 D i d
 L
 '
 X
 % ~
 \
 A
 g Z
 <
 l
 G
 m
 L #
 d v
 S
 \
 @
 *
 3 G
 #
 y
 _ 8
 3
 @
 > b
 R c
 )
 5 6
 v
 i
 = x
 5 +
 \ U e
 d i
 K
 0
 X
 z = l y
 u + R I
 M
  
 o
 # (
 d
 b
 e
 !
 ,
 H
 [ O O
 {
 7 =
 3 G
 )
 .
 B R +
 L o
 )
 N x g V
 { :
 /
 %
 j ,
 ` I
 c
 >
 }
 ; )
 L
 r
 '
 <
 i
 {
 H " J
 n O
 6
 a s "
 z
 y X
 h
 V F
 K
 1
 H
 ^
 l
 ?
 I '
 {
 H
 F 9 F ;
 P
 6
 /
 ,
 L
 d
 v
 F
 #
 h q t
 V
 j >   1
 T \
 Y
 t
 @
 2 ! Y
 ~
 : ;
 j
 8 z K
 q
 e 6
 a H
 c
 P
 |
 & B
 6 @ +
 V
 b F c p
 i
 d
 z
 T c
 G t l
 b
 y 6 U
 x
 V
 =
 s
 O v
 ) H ~
 `
 C g
 "
 K
 7
 "
 ( =
 A
 F
 q u I w k
 A
 e

10.0.2.15:48943 -> 133.42.52.24:443 A
133.42.52.24:443 -> 10.0.2.15:48943 A
 E
 k $
 o
 H
 S
 '
 0 6 s A w u
 ?
 ,
 V
 K
 u
 P ^
 W
 h
 C
 "
 9
 4 v c
 ~ w m ^
 8 : L ]
 g
 s ? I . X
 ! ,
 "
 Z
 c d
 V +
 j $
 0
 {
 /
 @
 Y K b
 l
 X
 N
 \ t 8
 2 a M
 H
 Z
 (
 g
 f 4
 T
 =
 | | ;
 G
 U v
 b E W a
 R
 r
 N
 @
 @
 '
 k 9
 l
 7 K
 V
 ( :
 \
 &  
 p
 4
 Z
 K 0 # d
 X J d p
 2 f
 u e R V
 y
 5
 %
 H O / m l
 {
 v V
 8 ( p
 i v
 . 9
 c
 + C
 b +
 &
 H ; [ S
 q
 | Y
 K p
 v
 l
 \
 K
 L
 A l
 e
 Q 0 C
 p
 ) V
 j
 J s Z M
 \
 D
 j
 R
 =
 @
 S ' 1
 I
 d
 % W
 6 ?
 m V
 8
 1 ]
 t
 :
 6
 ]
 j
 ; ?
 Q
 4
 U
 L
 P
 =
 j c
 ) ~ `
 Q
 t
 ! ]
 I
 4 O
 ; z
 ' *
 %
 }
 '
 ( (
 o
 q
 j
 k
 2
 K
 O
 !
 L
 r I
 X w  
 f
 | H
 '
 $
 ]
 G
 '
 ~ 7
 L
 H
 Y
 i | ^
 & 9
 ,
 H
 W X
 s <
 =
 u
 k
 s {  
 x
 H
 <
 X 4 *
 / 9 p 6
 e
 @ R
 F
 O
 q D F :
 m p
 :
 ] }
 C " < " 1
 e
 3
 {
 x a
 V
 5
 " h
 J
 ^
 1
 ,
 V B G
 m
 7 w
 } ;
 p
 k {
 =
 ` c
 [
 ;
 7
   Y U
   h
 (
 2
 <
 z
 -
 L T ' m x
 9 U = '
 ^
 _ k
 * (
 b
 (
 I
 3
 }
 h
 r
 )
 9
 } < l
 H
 0
 &
 E v
 _ ` _
 [ x
 j 7
 N
 T { e ^ 9 . U
 ( g !
 X
 ]
 r I + b
 < E
 W
 t
 Q
 E o
 Z
 [ 6
 s i
 w
 z
 v I
 M
 M L ?
 q
 t
 +
 V
 -
 g
 y -
 ) l y
 *
 n
 n
 =
 , W
 b 6
 X
 8 3 "
 b E
 c
 @ /
 1 w
 . B
 ~ ;
 3 ? B l " >
 ]
 l \
 ,
 E 6
 8
 I
 M
 j k ^ \
 6 w ]
 h
 A ^
 ~
 0 R `
 "
 w
 k f
 k L R
 @
 m
 6 /
 <
 9
 { m
 I
 ^ >
 7
 %
 ,
 q
 I Q
 G
 ~
 z
 V
 l
 q
 s ;
 E
 O
 {
 q [ C
 7
 P
 v
 n
 G ) m
 Q :
 4
 (
 }
 V
 a

133.42.52.24:443 -> 10.0.2.15:48943 AP

 3 8
 k
 r C
 w
 i
 Q
 s 1 : :
 ) Y
 P
 W
 @
 h 0 J O H A
 a
 U N
 <
 5 \
 6
 p
 v
 z
 O
 2
 {
 k
 S
 q
 ^ r
 u b .
 i
 B
 V *
 s
 H
 I
 ;
 }  
 U
 b B (
 R \
 {
 ? l @ :
 y 7 0
 R
 2
 ?
 B
 _
 *
 c % G
 V
 . D z . B
 [
 y u
 H =
 (
 e f
 ? 5
 {
 "
 V
 O -
 `
 9 G
 U ) _ '
 Z
 I
 8
 k
 $
 x
 ~
 U
 Z
 P
 J
 N I
 [ ^
 p
 !
 V
 ! s E
 3
 v
 b
 ? K
 I 2 C p p
 + | )
 2 ]
 @
 t
 o o
 Z
 f
 F = e :
 F
 o
 "
 p
 : l [ 2
 y
 | [
 T
 _ 7
 / *
 V
 0
 O
 ` Y
 W
 E
 C
 : 0 &
 &
 ) m
 x g
 ?
 Q
 R
 ^ P
 v 5 &
 i
 c
 '
 A , < ; K `
 < # q
 F
 u
 Q
 '
 \ q
 T
 )
 Z
 L
 *
 -
 =
 (
 6
 m
 (
 C
 j n
 B V
 j
 A
 2 :
 k +
 c j
 !
 o
 x
 !
 R
 j f h m
 T < = m
 3 B
 @ A a
 ~
 b s
 g 8
 m
 5 /
 E 2
 N
 ? Y
  
 j A
 @ +
 n
 f
 "
 e !
 n
 ` Z
 [
 \
 G
 f
 & p g
 M 7 [
 [ <
 A
 * ' '
10.0.2.15:48943 -> 133.42.52.24:443 A
133.42.52.24:443 -> 10.0.2.15:48943 AP

 Q
 U >
 d
 =
 )
 y
 # &
 ' b
 w
 m O C
 B +
 ; +
 V j M ~ |
 B |
 *
 % C
 q ;
 X
 >
 1 p
 u
 e
 Y
 R
 (
 s
 >
 J
 ?
 Y (
 k
 ) { 8
 R
 T
 m x j
 }
 Y
 4
 3
 \
 l A
 8
 `
 6 d
 ]
 { ?
 y
 % l
 Y N
 X z
 ^
 *
 H v
 , G
 6
 *
 e
 S
 4 q
 5 V G
 O
 h
 <
 U G 3
 v
 "
 l
 7 1
 g
   b
 K
 . w
 S
 &
 -
 ~
 6
 W
 d
 x
 4
 !
 >
 J
 T F
 5 ;
 x
 5
 #
 T
 U c
 %
 v
 x
 e
 . O
 I
 ] l
 b
 i l
 v
 p
 I
 g
 y
 : .
 a
 t
 q
 G
 M
 >
 a
 "
 O
 " 0 G
 &
 @ f M
 m = J
 ` = |
 d
 %
 : -
 C
 \ b Y
 p
 7
 )
 6
 K L N
 V
 }
 5 t ? +
 c
 J u
 S
 I
 v
 b
 ,
 w
 D
 Q o
 t
 b
 X D J
 o
 j &
 m "
 x , ~ J
  
 W
 l
 o O
 5
 & w X 1
 & , z
 a
 k h
 4
 /
   _ Y
 D
 G z
 / ( N
 . u
 L
 E
 m B ,
 "
 f
 - b $ ] $
 &
 A
 o   /
 Z
 0
 0
 N
 d
 |
 @
 )
 o
 l 8
 ) 3 [
 ~
 !
 K
 p d w K
 2
 ^
 \ ? G r
 l F
 =
 f m
 <
 .
 x d E R
 L
 R T 4 ;
 ]
 "
 j B @
 . k
 d Y
 G
 F
 \
 8 5
 A
 $
 -
  
 g
 *
 ] )
 9 =
 G
 #
 Z k
 r 5
 !
 4 #
 d I ( p
 1
 ?
 *
 `
 - R
 x Y
 X d
 ~ 4 2
 l
 V 8
 2 S Q {
 u
 B
 |
 '
 `
 j "
 s
 !
 Y +
 * C
 F
 e
 8 g
 g
 o M p
 i ]
 >
 ? '
 [
 1 N
 T 4 x
 +
 U
 u
 .
 J
 :
 R L
 P
 g &
  
 C _
 ;
 j
 Q 0
 v
 y 6
 p *
 \
 ;
 j
 `
 *
 c
 n
 2 p M

10.0.2.15:48943 -> 133.42.52.24:443 AF
133.42.52.24:443 -> 10.0.2.15:48943 A
133.42.52.24:443 -> 10.0.2.15:48943 AF
10.0.2.15:48943 -> 133.42.52.24:443 A
