10.0.2.15:26534 -> 133.42.52.24:443 S
133.42.52.24:443 -> 10.0.2.15:26534 AS
10.0.2.15:26534 -> 133.42.52.24:443 A
10.0.2.15:26534 -> 133.42.52.24:443 AP

 k r n
 >
 ;
 Q
 l
 %
 r N W
 c  
 k
  
 E
 c
 ! G o
 A
 =
 j
 n
 [
 >
 ,
 0
 +
 /
 $
 (
 k
 #
 '
 g
 9
 3
 =
 <
 5
 /
 u
 w w w . w a k a y a m a - u . a c . j p
 #
 0
 .
 +
 -
 3
 &
 $
  
 W
 e
 I
 [
 Y
 4
 <
 P
 B 8 >

133.42.52.24:443 -> 10.0.2.15:26534 A
133.42.52.24:443 -> 10.0.2.15:26534 A

 A
 =
 )
 ( X
 g + H
 0
 , `
 k 4
 ~
 s
 0
 #
 N
 J
 G
 0
 0
 q
 g k ]
 U
 0
 *
 H
 0 [ 1
 0
 U
 J P 1 * 0 (
 U
 ! N a t i o n a l   I n s t i t u t e   o f   I n f o r m a t i c s 1   0
 U
 N I I   O p e n   D o m a i n   C A   -   G 5 0
 1 9 0 4 1 0 0 2 0 2 1 0 Z
 2 1 0 5 1 1 0 2 0 2 1 0 Z 0
 1
 0
 U
 J P 1
 0
 U
 W a k a y a m a 1
 0
 U
 W a k a y a m a - s h i 1
 0
 U
 W a k a y a m a   U n i v e r s i t y 1 $ 0 "
 U
 A c a d e m i c   I n f o r m a t i o n   C e n t e r 1
 0
 U
 w w w . w a k a y a m a - u . a c . j p 0
 " 0
 *
 H
 0
 & N
 k
 q V x
 R ;
 r
 %
 n U h
 Q
 s
 8
 5
 E
 o l
 5 o
 v
 u H K
 Q
 Y
 ` /
 y
 O a 0
 ] D
 <
 @
 m 0 j
 .
 W
 = !
 )
 t
 W
 T q 2 e
 . =
 #
 _ % (
 "
 Y
 Y
 N
 H D
 K I
 ' s
 6
 [
 .
 0
 C
 H E O
 }
 E
 x
 $ & l
 V 4 3
 .
 1 L '
 ) v
 J
 @
 G
 b &
 O
 9 0
 5 0
 U
 #
 0
 g : :
 k
 A F 9 0
 i
 Y
 X
 0 <
 +
 0 0 . 0 ,
 +
 0
   h t t p : / / n i i g 5 . o c s p . s e c o m t r u s t . n e t 0 T
 U
 M 0 K
 w w w . w a k a y a m a - u . a c . j p
 w w w . a j h s . w a k a y a m a - u . a c . j p
 w w w . a e s . w a k a y a m a - u . a c . j p 0 `
 U
  
 Y 0 W 0 K
 +
 0 ; 0 9
 +
 - h t t p s : / / r e p o 1 . s e c o m t r u s t . n e t / s p p c a / n i i / o d c a 3 / 0
 g
 0
 U
 %
 0
 +
 +
 0 J
 U
 C 0 A 0 ?
 =
 ;
 9 h t t p : / / r e p o 1 . s e c o m t r u s t . n e t / s p p c a / n i i / o d c a 3 / f u l l c r l g 5 . c r l 0
 U
 ' (
 g
 } h
 n k s T
 I (
 0
 U
 0
 +
 y
 p
 l
 j
 w
 X
 g p
 < 5
 w
 j
 T
 H 0 F
 !
 $ % ( D
 B 0
 L
 j w o
 |
 h P
 v t
 !
 v
 I
 I
 = :
 R Z # L 5
 }
 (
 Z
 8
 ] m
 v
 K
 u
 `
 B i
 f
 ~ _
 r
 {
 z
 j
 V Q
 G 0 E
 !
 F V
 ' c A
 2
 H (
 G
 9 /
 S
   4
 J
 = v
 j
 >
 e e
 "
 `
 6 D
 w
 o S v
 1
 1

133.42.52.24:443 -> 10.0.2.15:26534 A

 Q
 w
 )
 7
 j
 _
 H 0 F
 !
 E
 G
 o
 1
 D
 }
 Y
 !
 u R
 i
 ;
 }
 $ m ;
  
 r
 U 0
 *
 H
 a
 D
 >
 r k
 f ] J '
 J
 o
 ? =
 g * 4 U
 7 R
 ! 5
 ?
 U
 |
 Y
 x
 { U
 v
 / E
 # M h
 $
 \
 _
 C E Y
 +
 >
 1
 %
 | d l
 v
 7 L -
 6 ! D r
 = 2
 s
 7 :
 5
 s 0 y
 z *
 u
 s I P
 ~
 |
 @
 3
 E .
 =
 V
 + 3
 [
 : D # Z
 <
 H 4
 e
 P
 X
 ] s
 B k
 M
 , H 0 e
 0
 0
 n
 "
 1
 0
 *
 H
 0 ] 1
 0
 U
 J P 1 % 0 #
 U
 S E C O M   T r u s t   S y s t e m s   C O . , L T D . 1 ' 0 %
 U
 S e c u r i t y   C o m m u n i c a t i o n   R o o t C A 2 0
 1 8 0 3 2 2 0 6 3 3 2 9 Z
 2 8 0 3 2 2 0 6 3 3 2 9 Z 0 [ 1
 0
 U
 J P 1 * 0 (
 U
 ! N a t i o n a l   I n s t i t u t e   o f   I n f o r m a t i c s 1   0
 U
 N I I   O p e n   D o m a i n   C A   -   G 5 0
 " 0
 *
 H
 0
 G
 R
 *
 ^
 k A ~ m h
 G
 ] u
 3 f
 W 0 T
 5
 s H *
 q
 C i
 8 ?
 M {
 A
 ;
 } U U >  
 & N
 N p
 4
 b
 G
 |
 7 ?
 2
 1 c
 ( 3
 e M J p
 3 6 \
 #
 o
 I "
 _
 G
 o
 E b
 )
  
 0
 x
 u
 "
 <
 { 8
 @ i
 ;
 b / j
 Q
 Q "
 {
 u
 %
 D @
 @ U n
 S
 '
 I 0
 E 0
 U
 g : :
 k
 A F 9 0
 i
 Y
 X
 0
 U
 #
 0
 w e
 | @
 , 8
 <
 0
 U
 0
 0
 U
 0 I
 U
 B 0 @ 0 >
 <
 :
 8 h t t p : / / r e p o s i t o r y . s e c o m t r u s t . n e t / S C - R o o t 2 / S C R o o t 2 C R L . c r l 0 R
 U
  
 K 0 I 0 G
 *
 d
 0 9 0 7
 +
 + h t t p s : / / r e p o s i t o r y . s e c o m t r u s t . n e t / S C - R o o t 2 / 0 @
 +
 4 0 2 0 0
 +
 0
 $ h t t p : / / s c r o o t c a 2 . o c s p . s e c o m t r u s t . n e t 0
 *
 H
 U
 ,
 Y
 2
 .
 !
 !
 Q o
 Q
 e
 ~
 l
 [ -
 c u 3
 %
 X e
 G
 d `
 {
 E
 y
 e u c H
 7 "
 Q
 \ 9 $ C
 6
 \
 & z 3 q 8 * i
 I
 e .
 t j

10.0.2.15:26534 -> 133.42.52.24:443 A
133.42.52.24:443 -> 10.0.2.15:26534 AP

 +
 h v N
  
 B
 M
 , H W @
 R
 ?
 I
 \
 R
 Z
 X 5
 ^
 Z
 :
 n 0
 l
 6
 h
 b '
  
 v p
 o P
 M #
 { \
 \ h
 h
 )
 *
 Z
 ^
 f
 .
 M
 p
 g
 M
 I
 A
 <
 v j
 !
 ;
 %
 l
 i F
 ^ l E t n
 U @
 v w X
 D ^
 ] A R
 a
 '
 {
 ^
 3 ; }
 7 b
 i w
 0
 C
 Z P
 L h
 A
 b P
 t
 R
 *
 >
 3 ,
 c i T
 y a
 2
 P
 U 4 x
 E
 O X P =
 > ,
 b $
 S ^ W
 L
 8
 t & Q
 v
 H
 d
 s
 c
 !
 X 4
 ;
 4
 >
 s
 {
 %
 D
 p
 9 a k z <
 R 5
 /
 m
 S
 u
 B
 w "
 a A w w >
 U
 k
 x
 O 4
 { m >
 .
 Z
 l
 d

10.0.2.15:26534 -> 133.42.52.24:443 AP

 F
 B A
 ^
 e V
 N F
 %
 y
 "
 '
 e _
 M D
 C J
 4
 G P
 6
 {
 ]
 E
 ( %
 v  
 O . ? % X
 z
 >
 ^
 ? l
 <
 {
 }
 m
133.42.52.24:443 -> 10.0.2.15:26534 A
133.42.52.24:443 -> 10.0.2.15:26534 AP

  
 ` A =
 g
 b ( B 4 . ;
 s e
 Y
 y &
 ~
 k
 C
 [
 n
 z
 m
 >
 2
 s
 ]
 d p
 p M
 U
 '
 P %
 Y
 $
 W J
 u
 ^ }
 o 5
 S %
 +
 c A b
 p
 :
 7
 M
 '
 W [
 g D : v M
 i K q
 1 W 4
 E
 [
 w
 6
 ^ L
 e
 s
 %
 L
 K * m
 (
 /
 Z
 S t
 F
 A
 \
 ]
 i
 ,
 q
 q
 /
 H
 J

10.0.2.15:26534 -> 133.42.52.24:443 AP

 * %
 v ! <
 q
 w
 u K
 ;
 ]
 (
 r
 u v z -
 C
 Z H > }
 r
 1 _
 ]
 z V
 i
 ^
 ~
 5
 u b
 * f
 J
 = j X p L
 Q <
 N
 ^ u
 l
  
 K
 p 4
 n
  
 H , &
 Z :
 F
 j { >
 2
 p
 F 2
 !
 5
 Z
 +
 V 2
 e
 E
 r 7 ~
 X
 |
 Z
 `
 r
 '
 ?
 C
 2 h M
 c
 k l
 .
 N - T - m
 S
 + | p ~ & *
 '
 ,
 P
 .
 i
 1
 w ;
 -
 C
 " 6
133.42.52.24:443 -> 10.0.2.15:26534 A
133.42.52.24:443 -> 10.0.2.15:26534 A

 /
 Z
 S t
 T 9 :
 9
 W
 B
 U
 +
 _
 N E
 J
 6
 E 6
 5
 #   7 p
 E 7 9
 '
 E
 :
 W
 0
 \
 o
 [ N
 k
 -
 ^
 A r /
 5
 %
 e
 @
 b
 v ~
 y
 ~ < q
 6
  
 - ( c i
 a
 a =
 %
 X
 W
 u s
 <
 t
 d
 ~
 [
 o
 D
 a
 r
 h { X
 .
 & # a
 F
 ,
 k
 >
 < Y k
 .
 3
 u s #
 x #
 X
 @
 /
 Z
 S t
 j
 ) X
 O
 m s E
 X
 r (
 D
 /
 S K
 X
 q m
 v l
 :
 ,
 0
 r I
 [
 5
 V
 |
 Y P 5 | >
 C O L
 I
 N
 P j
 w
 q
 >
 1
 { 6
 ?
 ]
 c
 >
 2 , Q y ` { " p
  
 w
 [
 Z 4
 U
 [ J
 \
 b
 c
 5
 !
 D x A
 l
 O
 w
 w
 '
 $
 5
 9 }
 % 0
 %
 6
 H y 0 >
 > q
 k
 M
 ; l # 1
 \
 X
 8 O .
 Y
 \ > D
 7
 ; * g
 V
 >
 * (
 W
 | h ;
 V = #
 }
 J 9
 \ y
 9 7
 :
 6
 *
 )
 I
 g
 S
 s
 ?
 % 4
 / J O
 B
 H
 * 3
 l
 H
 R
 s ' L
 j < K w
 ^
 d
 J w
 "
 o
 E
 0
 g
 /
 D
 _
 Q
 h
 U
 +
 '
 R ,
 .
 T
 , N
 e
 s M
 f E
 }
 j "
 !
 ^
 % O
 z
 %
 P
 i . ~ Q
 e
 p
 R Z
 `
 Z w 7
 5
 Q \
 f
 r T
 :
 `
 5 Z 9 q X
 M
 Q
 S
 c
 0 _ J
 /
 Z E
 A I 0
 r
 q F
 l
 G
 W o Z j
 o )
 N I N
 y
 8
 O \
 E
 O
 k ]
 # A
 Q
 L
 }
  
 2
 j
 @ * g ,
 Z
  
 Q
 :
 1 _
 g
 .
 2 c
 O B
 % <
 V
   U p
 n ~
 Z
 x
 +
 <
 V y
 c
 E
 <
 ,
 V
 N
 c w <
 t
 X
 G )
 e
 r
 c
 H
 i
 5
 +
 9 u
 U +
 P
 <
 j .
 w
 f N F
 > , _ D
 1
 -
 z x
 .
 r
 a x x \ U
 [ S
 +
 )
 *
 j
 R
 4
 p
 o
 \
 Z
 F
 m
 B
 w
 ; Z
 j a
 ~ (
 W
 F "
 '
 V e
 r
 l
 % e w
 c q '
 4 , |
 ) Q $
 ' l
 } D
 H
 }
 v
 # Y
 ( D 1
 X D
 z
 c
 g
133.42.52.24:443 -> 10.0.2.15:26534 A

 K F
 ]
  
 E X
 Q & r q l :
 ^
 [
 5 =
 8
 )
 : D x
 > [
 t
 1
 ^
 z
 /
 R
 G J
 ? d C
 :
 {
 0
 y
 | L @
 Z
 4
 o I V
 T 5
 +
 o
 z
 -
 6
 0 8 S
 ! V
 8
 O H
 T
 - X
 } -
 }
 , : M h G k : \ u
 #
 <
 7
 ' \
 b
 K
 ? t
 ; o
 y R U )
 < N i
 > *
 B
 r
 g
 R
 a g
 u
 - p
 H
 4
 K ]
 = N (
 A
 n
 s
 @
 r
 D }
 D
 7 9
  
 B x ; 6
 y
 O h
 h ,
 J
 r
 +
 l e k
 Q D
 m _
 L 7
 .
 M
 t
 I
 x
 g
 ]
 u
 o
 C
 K
 , V
 $
 R M f
 N " .
 D I
 4
 Y w
 b
 g ,
 $
 &
 F
 } )
 u
 < H
 W
 )
 i G
 ?
 ` 9
 k
 l
 `
 ,
 {
 #
 )
 *
 0 t
 < n
 ]
 w
 . T u
 F
 8
 G W
 5
 ) E
 /
 8
 }
 X S
 k
 H 1
 %
 d
 m q
 /
 Y
 X ]
 :
 W
 '
 : @
 <
 k t % K
 , p
 v Q
 e
 Y
 p J i
 S
 N
 \ w
 W
 u
 X
 '
 ?
 [
 o
 '
 L
 &
 ` : o
 C
 n
 0 o "
 t
 d
 {
 W
 3 R 5
 e 1
 }
 5 B
 v z X e
 6
 g
 ! 8
 )
 6
 m
 }
 T K
 5
 y
 9
 l C O
 B
 h H
 u i
 0
 R
 ^ w
 *
 @ L 9
 X
 &
 \
 ! A %
 6
 q Q
 g
 W
 S
 N
 h
 n
 \ 3 }
 1
 / Y ~
 ` D
 s 3
 ]
 z S
 I
 j
 * <
 @
 B I n
 j
 L
 - >
 k
 B
 w
 ^ b
 '
 n
 t
 F O -
 g
 g # G , d
 s R
 C 2
 - X
 2
 !
 <
  
 *
 $ O F
 &
 d ~
 X
 m
 ^ Y
 a .
 J E j - a
 8 O
 1 & w
 6
 U
 ? K 5
 j
 %
 v
 E
 ,
 B
 H W
 T 1 ( g Y 3 q
 {
 D
  
 >
 f
 J K
 ( 6
 A ' a B
 p
 0
 Z z
 t b
 3 o \
 < c
 0 n *
 T
 * ,
 0
 W
   L
 4
 t 8
 +
 N
 p
 , 4
 e
 " ]
 t
 !
 %
 r
 5
 x
 E F 2
 B
 4
 + % i
 X
 L
10.0.2.15:26534 -> 133.42.52.24:443 A
133.42.52.24:443 -> 10.0.2.15:26534 A
 a
 i
 O 1
 \
 x
 ~ ?
 c
 O o
 e
 O
 ( = %
 R
 } }
 L
 q
 + <
 |
 M 6 w
 "
 L
 |
 .
 w
 ~
 " H P k
 .
 | f
 !  
 |
 u 8 )
 ~ -
 $
 #
   S
 > 8
 D @
 Y
 |
 B
 n
 [ ;
 J
 d
 ,
 P
 E
 \
 F R
 R M
 2 K _
 .
 O
 0 H
 M
 -
 q (
 H '
 w
 7 $ : U C
 g &
 f
 " C
 "
 8 \ m
 0 <
 s H U
 I `
 "
 ] -
 t b
 2
 \
 } K
 Y
 . %
 4
 _
 (
 0
 D J 2
 4
 #
 j
 = ?
 V P
 a
 Z
 } A
 ' N
 4
 W
 V Q 1 f
 $ I K
 : (
 n
 %
   ;
 `
 U
 y
 w :
 i
 P s
 0
 %
 .
 a
 X
 '
 [
 -
 & 9 6 % S 6 N $
 \
 ` P
 ! G + o J
 S 3
 n
 s
 |
 p
 1
 k
 U O @
 @ T q
 k
 r
 * X
 f c 6
 ` e x
 l
 { ^
 o
 0 p
 Z
 H
 r
 6 %
 *
 )
 f B
 O
 5
 Y
 n
 _
 > \ #
 n H H 0
 2
 g 9 A
 ?
 8 K : a
 D
 p
 A
 %
 6
 z
 M
 L
 B
 E >
 X
 x
 H Q }
 [
 O
 >
 < W
 R
 8
 . 5 B
 ^
 j
 >
 J Q j
 7 A
 9
 7 y
 t H
 5
 D >
 8
 f
 ,
 f
 D 6 )
 T P
 a
 D
 8 ^
 Z N
 1
 \
 Z
 [
 W a
 0
 y
 M 2 $ \
 4 E I
 1 8 Z
 v
 j W
 8
 5
 @
 )
 )
 !
 J
 @ #
 R
 S
 3
 9 j
 p
 s / N |
 F
 e
 -
 Y
 h j Y 5
 ?
 (
 4
 ` R 9 > x
 " n >
 u
 {
 f l & T 5 H
 1
 8
 i
 W
 _
 .
 =
 s
 A R
 ^
 B
 n
 v
 i _
 ]
 E Q N
 r
 z
 F
 \
 { z
 #
  
 `
 f e S
 \
 X
 . =
 u
 ?
 K
 i
 ~
 > `
 u
 @ M
 G
 *
 J
 # d
 6 S j D
 +
 Q
 0 f 2 = z f
 : $
 R
 !
 x
 h
 p
 S c
 e
 U |
 > n
 5
 Y <
 H
 L
 k % O
 ]
 r
 `
 4 M
 j |
 * e
 x
 E k
 x
 c
 m
 {
 Y . K =
 e %
 g
 3
 S
 [
 p T
 %
 ]
 O
 % \
 /
 3
 H ~ - <
 6
 {
 % H
 ]
 R
 '
 5
 } M p
 z
 3 ]
 R
 \ k * - f
 s
 #
 x
 *
 .
 @
  
 j
 : 2
 I n
 (
 i ~
 G
 E   "
 I
 1
 8

133.42.52.24:443 -> 10.0.2.15:26534 A

 o o
 ?
 T
 ? ( =
 | ^
 l
 q
 K @
 C S
 E >
 k K
 3
 1
 \
 } j |
 * [ ;
 ]
 c 3
 m  
 ~
 n l e
 G " r 7
 D
 {
 e
 4 x " K 4
 7
 * V
 ' F
 -
 1
 4
 b
 I
 >
 / e
 3
 3
 U
 \
 1
 U - u
 . F 7
 V
 {
 O
 3
 p
 b
 G
 Y ' i B 7
 /
 )
 z
 /
 < i f n
 & s
 ,
 = L
 t \
 1
 z
 @ S
 s x
 2 # '
 u
 6
 f
 j
 r 8 t A
 {
 `
 b
 b [
  
 ~
 + } T
 4 &
 c
 z < Z
 ` @
 /
 a q
 n
 7 I
 )
 t
 : _
 T
 X q
 O V
 u
 #
 -
 '
 Z ]
 = B
 O
 ] x
 g
 I p t
 ^ !
 I
 & I
 q
 K
 R
 f
 : I
 w s G
 U b
 9 , t
 |
 2
 t v
 #
 b
 [
 ~
 w }
 ~
 P
 C & (
 # w C
 ~
 y :
 w e
 |
 n 9
 1 -
 \
 H
 j 6
 Y r A
 H 1
 & Z
 J h
 #
 *
 & O
 u
 c
 C
 |
 y
 e
 2 * Z
 ! *
 L p
 f
 3
 o -
 W
 "
 I w s
 u J
 \
 5
 a d
 V K
 \ 5
 &
 X r
 = i
 C q (
 @ x
 g
 Y H
 K
 <
 D w
 K 0
 o  
 r
 K
 }
 |
 y 8 i a Z
 E
 t
 j A
 E
 m \
 l
 f k
 k
 >
 ;
 d
 Z
 o H
 B
 x
 {
 _ r
 $
 n
 s
 A
 P i
 ^
 g
 B !
 g
 H
 4
 b
 k _
 J |
 8
 J c
 & b I b [ V
 ;
 k
 w
 a
 6 0
 U
 l
 V
 }
 '
 Z
 & F
 .
 B
 $ ( q
 u
 h - J
 F
 B
 0 y H
 2
 k
 J
 M
 4
 m (
 ^
 (
 R
 K
 u
 /
 1 $
 _ m
 7 O G
  
 #
 H
 .
 ~
 {
 2 [
 p 3
 )
 i s
 Q
 ? z e m
 C
 ^ ^
 H
 J
 K
 , a
 # Z ) Q y 7 G
 k @ /
 W
 ]
 T
 X
 [
 a 3
 q
 W { Q
 [
 R
 }
 3
 O j
 U
 n } e
  
 a
 \
 _ 5
 Y
 Z
 e
 t -
 -
 H
 Q
 Q
 9 c
 e
 )
 j
 k
 \ L
 ,
 v
 4
 v e \ > X
 & "
 V
 G
 _ 1 G
 *
 \
 ^ H Z ,
 /
 H
 I P
 [ N
 "
 F
 | L
 " t
 ] 7 R
 L u
 )

10.0.2.15:26534 -> 133.42.52.24:443 A
133.42.52.24:443 -> 10.0.2.15:26534 A

 q { 1 @ 4
 w
 C k
 p y = K
 Z
 D
 [ k Q
 { f O
 8
 z u
 8
 u
 d a v
 ? .
 e w J
 Z 9
 . l
 ? B
 V
 c
 C C
 1
 #
 B
 ~ [
 *
 p
 ?
 y
 [ 3
 \
 n
 i
 | v
 \
 Y
 j
 v
 0 M
 M
 c
 P \ ;
 J
 - E b
 d
 w p `
 G K a
 !
 / 6
 ~
 /
 f
 = "
 `
 & k u Y
 _
 0
 [ T # "
 u
 3
 !
 G
 S }
 R
 O
 ( R
 p
 S
 y M
 2 !
 a Y R
 t
 1 x K
 X
 E
 5
 p U
 Q c
 l u
 !
 k
 C
 , z
 )
 t
 Z + P e
 b
 `
 %
 O
 +
 s ] <
 A
 |
 i 7 /
 _
 7
 D L
 F H
 B Z
 : \ \
 K f
 X
 ;
 ]
 l
 &
 I
 N
 _
 s
 =
 -
 2 .
 N ?
 ^ z .
 $
 m
 > d
 z
 ( k
 z
 .
 -
 r
 [
 r >
 B ] s
 @
 7
 ( ^
 y
 g
 B
 {
 >
 {
 { ;
 K
 j
 _
 6
 <
 m
 Z D
 M
 D l
 1
 ^ o
 v
 d
 m
 A
 ~
 g
 B
 S a
 u
 m
 J
 >
 d
 R U
 K
 m
 C J O
 < = q @
 X
 U
 <
 n
 (
 )
 |
 O
 p a k
 j
 `
 o 7 H 7 Y
 e
 {
 @
 o
 W
 s 5
 4
 @
 v
 _ *
 j
 X
 / p 7
 l m
 '
 r
 >
 N f
 ^ !
 s = r
 Y K ; ; l @
 (
 u V
 :
 A
 d
 s F
 M
 & c
 ` 1
 -
 % ?
 S
 D
 R
 N " x Q
 c M W
 U E
 R
 f
 4
 F W
 U &
 X
 z $ J
 G
 @ 7
 ~
 k
 3
 a c
 P
 4
 ] }
 - `
 l
 K
 V
 t
 Q N
 z M
 + x
 } V
 {
 9
 > m a
 [
 E
 n
 9 (
 9
 a
 / ,
 V
 u
 J
 (
 6
 ]
 X z o
 I
 \ r M M
 $ U H
 R 7
 Q " G
 @
 Y
 n /
 m (
 ?
 q y
 L W
 <
 i
 o
 I
 e
 s
 *
 [
 S (
 i -
 & n
 E
 8
 k
 u
 .
 \ D c
 ; #
 7
 z t
 d
 y
 E
 9
 ?
 1
 D
 6
 u
 +
 _ l
 ] w
 T M
 W
 $ - ? B b X
 F
 * x l
 |
 I
 ? 6
 f
 *
 6 '
 X
 w <
 N
 7
 [ C
 E X )
 9
 \ j $ .
 ;
 * R
 ,
 )
 q = "
 P
 P
 | v D
 0
 G
 Y
 " !
 6
 |
 ) g
 t W
133.42.52.24:443 -> 10.0.2.15:26534 AP
 o
 J
 &
 a H
 i a
 $ $ 4
 < Z
 i
 %
 W
 P
 <
 +
 (
 }
 {
 > h U
 V N ^
 6 O
 e
 t
 ;
 M
 u
 D
 h V n
 y
 F
 5 d G <
 U
 @
 5 V
 >
 #
 0
 , )
 Q
 V
 e a K t
 !
 q ^
 ! 0 L \ (
 3 J
 R
 =
 E c p 7
 0
 _ r
 -
 g
 X
 q
 {
 G
 h
 1
 %
 R
 ? n @
 a ,
 ? v 7 3
 i
 G
 ~
 X
 Y
 J W
 Q k
 3
 y \
 Q
 f
 < &
 a
 A ` d F ,
 <
 =
 \ ~ i
 F / ,
 N '
 6 U
 x ~
 ) d
 w
 * l
 T V
 o
 B
 Z A
 h f $
 | J
 I 5 ;
 T
 ^ u 9
 S U
 ) ?
 $
 V _
 p 1
  
 ] 9
 D
 N
 x
 C
 8
 ? C P
 D k % !
 ) *
 *
 A
 1 c K '
 b T h . 9
 n
 U
 # B L
 D h
 L > N
 A (
 I
 z
 ^
 % _ X 9
 y
 S
 ^
 g g
 w
 ]
 A >
 @
 -
 !
 8
 ) R
 : c *
 C
 P
 J 5
 Q ^
 [
 Q F V
 ^ F 7
 R
 E
 U 2 0
 ; @ E
 +
 7
 v s @ $
 n
 T
 (
 [
 v
 4 +
 9 h
 b - B
 ,
 7
 J D z
10.0.2.15:26534 -> 133.42.52.24:443 A
133.42.52.24:443 -> 10.0.2.15:26534 A
 r
 @
 ' E
 /
 l s
 h U
 \
 (
 &
 @
 k
 4
 I
 w F
 B
 a
 }
 z M
 5
 |
 "
  
 =
 D J H
 i
 7
 A N
 T 2
 } b k 4 < i
 ~
 ~ _
 a
 /
 ?
 '
 _ G ' %
 ~
 J
 4
 u M
 C #
 Q
 8
 [ r
 d R
 y
 ^
 5
 ? -
 ? %
 ~ o :
 W
 @
 :
 8
 | w &
 u
 8 6
 * R
 L ?
 \
 3
 V |
 T
 }
 r g
 L
 _
 ] $
 $
 B
 R   ?
 N
 f #
 0
 K
 N
 2 _ a
 s
 H
 K
 W
 P
 ?
 _ +
 k | <
 P
 k
 # @
 Y
 3 ] C
 [
 ,
 V . `
 < e C
 ;
 M
 6 *
 3
 w c H .
 N %
 d z
   r
 b
 5
 a
 +
 [
 u ;
 Z
 9
 '
 I u
 h *
 .
 w
 +
 @
 }
 f
  
 b
 Y
 h
 z
 Z
 % ]
 L
 <
 J 0 , y
 2
 ? m
 O (
 N A ^
 z
 w "
 y 2 W g
 ]
 < k v
 i K
 i [ z n
 " 3
 p 7
 4
 2
 ] K
 0 @ x
 d
 ~
 <
 {
 ! R
 % = )
 Q
 3 ^
 o
 K
 {
 X
 , ] 4 )
 H
 = >
 @ \
 z d # 6
 U
 ~
 H
 t
 . w
 L } x
 M
 % 1
 s
 j (
 V . r >
 i
 * 7
 -
 1 p b
 q
 ,
 c M
 7
 6
 j
 6 u ^ p
 4 <
 y M
 ` ) ?
 >
 U | W
 e e @ %
 + V
 9
 H
 Y
 l  
 E Z ' 3 N m
  
 L
 3
 b N
 + ? N C x 0
 < c
 7
 E
 |
 u q
 \ j
 .
 < l n
 S $
 + `
 p
 6
 W
 )
 }
 D
 `
 %
 }
 t
 | -
 D
 #
 > b
 d
 p d _
 -
 Y o
 p
 +
 $
 g
 o
 :
 G \
 '
 c
 A @ J f
 N + M
 j
 v
 } l
 L
 i
 5 \
 Q
 A %
 m . L
 A 0
 m
 x
 v
 b
 v $
 C
 0
 k
 N d
 z 3
 G
 ;
 Z
 + P
 j m
 '
 D
 M a
 I x
 o
 ~ i @ = N
 j
 X V
 J
 p
 = /
 D ?
 [ "
 3
 R
 }
 s
 w
 6 n t 5 i
 P
 c
 .
 $
 2
 Z - G
 g
 $
 ?
 V
 3
 F /
 "
 & l V
 H ] 6
 R T 0
 ~ z E
 ! , P i ~ =
 6
 F
 X
 y : y
 W
 b
 -
 W i
 V
 o O T
 @
 V
 F A
 E
 y
 b
 z
 ~
 f
 x
 s
 u )
 9
 u
 E l

133.42.52.24:443 -> 10.0.2.15:26534 A

 # I
 +
 S
 )
 U
 P
 ' K
 f
 e ~
 ? ' a
 3
 R
 Q
 9
 B
 ` +
 S
 M
 @ *
 A , ?
 T
 J
 &
 m
 4
 Y
 r
 ,
 9 @
 U
 5
 v +
 |
 z
 @
 V
 d
 "
 ' /
 n
 V +
 ^ ;
 V
 e
 Y
 s |
 G
 X
 >
 ^
 q U
 +
 H ?
 .
 * C
 y
 !
 c K y
 V
 5
 0 |
 1
 ,
 0
 )
 9 , 5
 r L a
 q
 Z
 8
 b b
 %
 Y
 6
 V
 h a
 s
 2
 S
 / 1 Q ( `
 2
 . x 5
 l & _
 T
 (
 G F
 S $
 '
 ] p 3
 v j e
 5
 $
 C
 = ~ ^
 i
 T Q
 j
 ,
 ' ( b d D
 b _
 T
 _ P
 s #
 Q
 "
 )
 M B
 b
 F
 B U a d
 1
 q
 B
 '
 :
 ' ^ t
 0
 g `
 H
 '
   & L
 e
 h
 p
 P
 i
 @
   l
 ,
 q
 u
 "
 j
 M Y -
 m
 ~ k
 h
 v
 C ?
 )
 W T f S 4 X
 <
 ; ? y
 )
 x
 #
 . # 1
 )
 e { Q
 f $
 s X
 B
 d
 P
 2
 Z
 1 1 T
 * }
 D
 V
 s
 z
 l
 C `
 Y i
 u
 r
 3
 E
 _ p
 x u `
 N g
 g
 1 U
 M
 6
 - r v
 ?
 $ 5
 y O
 4
 (
 W (
 5 7 s ] _ f
 v
 #
 [
 S
 X H
 ;
 n 0 O
 o
 2
 r
 9 6 C
 K
 H L
 !
 $ @
 u
 ( 4 4 f ?
 M -
 b
 #
 y
 n +
 b b
 )
 u
 " T k
 P
 G o
   -
 v
 V
 w
 U
 }
 b
 b "
 j
 &
 1
 C ! c Y 5
 &
 f H N
 g
 s ` m
 H
 ' k
 ?
 3 5
 [ J
 F
 X
 9
 7
 /
 l
 @
 $  
 ?
 3 k
 E D
 = {
 ; :
 V M v
 p
 :
 3 y 2 `
 \
 [
 ] U
 4 u
 %
 )
 P
 7 !
 ,
 # E
 K
 ;
 u .
 c
 @ = s
 -
 ]
 I
 x j
 w
 B
 -
 >
 x
 Q
 % w
 J D A
 ~
 ! = o
 E { g
 I
 /
 B ;
 8 }
 5 N z
 ; k
 @ ) C P
 c & = t
 h
 Y _
 r
 {
 D
 K X X B ) 2
 Z
 +
 !
 q
 z I , ! W
 7 ^ v
 V   E
 k T
 s
 a Q
 t
 1 5 G
  
 {
 M ~
 J
 h f = l
 j
 E
 c ^
 d
 .
 X
 1
 .
 ( e
 W
 1
 F
 k ' ~ Q
 X
 4
 '
 ~
 c
 }
10.0.2.15:26534 -> 133.42.52.24:443 A
133.42.52.24:443 -> 10.0.2.15:26534 A

 =
 G
 W
 ~
 5 &
 }
 T
 a
 +
 F
   k
 % v
 d ,
 a - z
 !
 N
 C
 E
 [
 4 x U
 s _ H
 w k g
 b
 _
 |
 @ H ] _ 9
 2
 n q
 l
 m v c
 f
 z
 w
 g
 I (
 , ,
 O
 %
 * 8 c
 _ F '
 I
 h n g
 S F
 U
 # O
 .
 ~
 >
 E
 b
 G
 { "
 T
 :
 2
 }
 % u
 q
 0
 F W z
 b *
 f
 (
 ' /
 s e
 .
 ?
 e +
 ] S
 9
 T
 Z >
 *
 o %
 _
 ?
 0 ' `
 \ >
 0
 ;
 /
 N
 5 7 *
 `
 h @
 x <
 1 n D '
 *
 $
 < w
 w b
 Z 9
 H
 8 W
 h
 5
 S d + i
 5 [ /
 ~
 v
 - j
 K
 Y ' "
 # [ %
 -
 G
 !
 % M
 . B M q
 n P r
 P
 + n ~
 V
 H
 Q
 -
 :
 -
 N s
 C
 A
 ;
 $ d
 L
 `
 J
 M
 ,
 _ :
 c
 X 8 S
 E
 Q @ g *
 K o > 8 u r
 l +
 $ ] U ! u
 a
 h
 ]
 Y R Q [
 [ /
 m
 , K
 l |
 I M
 m
 ( $
 5
 f
 s
 s J
 n
 A
 -
 T
 i
 9
 "
 4 &
 K
 % k
 0 o J
 F
 U n
 D
 I
 m
 j
 e
 z
 3
 b 1 o
 e "
 L
 g : Q
 }
 5
 R f H
 k
 d
 O C
 v [
 .
 S r
 <
 X ? a
 g t
 _ C
 c
 b `
 |
 B
 s
 x
 v
 Z
 _
 ]
 W
 N
 Q
 )
 ! k K
 - O -
 7 p
 {
 K w f
 L }
 ,
 U
 h n A
 ,
 p
 (
 *
 R
 [
 z
 =
 * 6 _ Q :
 e
 $ p
 1
 d
 u
 ~
 4 G . l n _
 X
 ^
 6
 ]
 J
 Y z
 s
 _ >
 a
 l
 J
 $ )
 "
 H
 >
 .  
 c
 _
 $
 L
 -
 k } g J
 v
 V G >
 W a
 5 ;
 u
 b
   L U l 3
 s J
 `
 . 9
 /
 2 &
 9
 F K
 J 2
 Y
 g o s
 Z ) P g F B 3
 7
 A
 a X
 r
 J *
 S
 \ K
 F
 ' %
 5
 &
 (
 H
 I
 '
 H n
 P F
 y \
 e
 Z
 " q
 & c
 i d ]
 T
 K
 W j
 Y
 W
 S A
 q s
 A
 R
 ? K X M
 _ $
 9 K
 <
 -
 5 o
 M
 V
 4
 `
 |
 F 4 v 8
 -
 p m
 2 c :
 8
 & 7 j
 t
 !
 2
 $ d
 N
 `
 ? :
 < M
 D
 D
 ?
 [
 R
 C
 b 5
 ) c
 2 !
 # r D
 4 `

133.42.52.24:443 -> 10.0.2.15:26534 AP

 g
 ?
 .
 O i m
 L v x
 M - -
 )
 X
 U
 }
 k 3 P
 +
 f
 E
 A
 2
 8
 ~ j b
 Q
 N
 @  
 ,
 x
 C v O
 P
 5 < E f >
 &
 9
 K
 U
  
 s (
 r
 E
 d X
 H
 u
 v k
 /
 u
 /
 r g
 1
 a P
 d
 D
 !
 Y
 :
 E
 F E
 F
 T 3 t j
 2
 $ R
 1
 {
 F
 u
 / x
 c
 =
 k /
 2
 C 7
 B
 r
 n
 E O
 C
 %
 I
 N
 ;
 h
 D
 K
 A 3
 (
 O
 N |
 }
 b
 \
 Q Z
 }
 _
 6 r
 ?
 h
 3
 Y
 `
 Z
 |
 y v
 ;
 A
 7
  
 0
 0
 D
 h d n
 g
 d
 I
 =
 c
 z
 x x
 * *
 s D @
 =
 8 |
 O 2
 l
 g
 ,
 +
 I
 B
 I
 z X
 N 1 t +
 / d
 <
 *
 "
 ;
 J
 I
 /
 o S N !
 L ` P w W
 F
 G
 Z R   ^ i
 Q S
 &
 [ -
 '
 H
 O H u
 L K
 6 _
 B
 >
 " l
 R v - d
 + ) m
 7
 R
 z
 % L
 >
 P
 ~
 @ q
 |
 Y ]
 >
 s V
 k D
 f
 C
 M
 V } e
 M
 q
 C y (
 ] p _ r  
 L
 g
 +
 s
 q 4
 w
 ?
 c `
 _
 7 /
 { r 0
 z
 e
 s
 q c
 E I (
 M
 |
 \ z T
 +
 N
 D
 J
 V
 Z
 I
 k
 z e p
 u
 F
 K ~
 .
 M
 g
 A
 l
 D [
 ; 3 x . ;
 x p
 j #
 E
 = O y
 M O A 8 |
 '
 6
 l
 g S
 X
 \
 p
 ` c
 e X
 B r
 M s
 :
 6
 2

10.0.2.15:26534 -> 133.42.52.24:443 A
133.42.52.24:443 -> 10.0.2.15:26534 A
 ] q
 )
 j
 x
 s )
 [
 A X
 W
 l 2 d
 U
 M
 `
 7 8
 6
 z
 U {
 Y
 z ?
 > ~ 0
 L
 >
 p J
 o j
 B
 S ^ & M
 O k
 e , M
 n ~
 C
 j U
 r #
 <
 V
 S
 o
 Z v ~
 8 e
 A 2
 Z
 b
 [
 G u
 7
 D
 T t
 G
 |
 A
 !
 " r
 >
 c
 f t
 t G \ !
 \
 6 T
 T |
 ^
 h
 $
 J r c
 3
 '
 b
 Y
 F *
 y
 M _
 ^
 2
 \
 \ $
 F H M B 6
 ?
 K
 T
 a C
 ! ;
 l
 t f
 C
 [
 :
 = X
 y
 b 3
 x
 |
 a ?
 N u
 #
 _ 0
 + G
 '
 9 R Q
 t
 $ _
 *
 +
 O
 w
 8 V
 #
 G
 c 5
 w
 s
 Z
 {
 @
 O
 j
 n
 r
 3
 J
 n 5 )
 G I
 =
 o
 W
 & \ 7
 l
 i
 ? 2
 %
 D Y
 N K v 0 X
 m -
 9
 O
 { e X
 Z +
 Y
 < . X }
 *
 9 _
 j
 1 c &
 &
 K
 X
 ,
 X + Z
 P
 $
 x
 U =
 t
 u
 h
 v
 6
 :
 I
 l # = S
 P
 U u
 $
 / W 1
 8
 ( G
 ! r
 w i L
 A
 <
 K
 D 9
 Z 8
 @
 > 9
 z f
 R
 w
 F
 | K I
 C 2
 y
 `
 .
 $
 }
 H
 : @ F
 ! B
 a
 ^
 ?
 [ m
 1 5
 =
 ) N
 a a 5
 o
 >
 d & i &
 n
 <
 d
 + H
 W
 b
 &
 k
 [ v ( 3
 n u
 b 1
 Z
 ~
 (
 M
 f v
 2 .
 , A p
 U
  
 3 w L f
 j
 ]
 =
 $ j
 7 F
 z
 I
 o A W b `
 =
 4 G #
 ^ ?
 G
 q Y
 ;
 9
 2
 4
 C
 + 4
 q
 O u 6 v
 ]
 r
 Z
 . ^
 5
 @
 {
 &
 j c
 = Q
 n
 ^
 :
 J
 J A t ? 0 4
 D
 M
 ?
 {
 s 9
 x |
 X
 J
 ]
 S s l
 | E
 %
 5 E x
 h c
 !
 s
 b #
 e c
 M
 &
   A X
 _
 w e C @
 c
 6
 \
 0 v &
 0
 k
 '
 6 & $ J
 b
 R
 k p 1 r
 j V !
 @ 5
 1
 E j V
 j
 r
 > . ]
 H
 t
 i =
 " / -
 4
 * {
 1 i
 @
 p
 z
 2
 R
 l j
 <
 , W
 ` r
 t
 u
 #
 e G
 :
 w k
 D J ( D [ ~ M
 P E o
 V U <
 % 8 7
 \ 8
 d
 =
 e
 X
 `
 h O %
 m
 M
 <
 G ~
 B
 Z
 Y |
 } !
 $
 S
 C B
 )
 s

133.42.52.24:443 -> 10.0.2.15:26534 A

 ] @
 >
 v
 7
 B J <
 C
 Y
 <
 k
 j
 J =
 f
 +
 J `
 a
 F T
 R
 #
 h
 i M ' 5
 n
 j N
 g
 5
 u
 \ %
 '
 :
 @
 a >
 $
 6
 * i p
 L ] t
 <
 C
 |
 ^
 P
 b w
 ) C
 I r
 8 /
 E
 R `
 &
 X i
 N
 z
 p = [
 4 K
 S
  
 ~
 G
 O U
 z M \
 o 6
 = u S v
 @
 N
 9 M
 '
 V
 /
 n
 9
 M
 g
 y
 R < I j w
 p
 &
 ' N
 a [ U
 0
 ;
 P 5
 W 4
 5 l
 G
 = # &
 Q
 w
 { T
 R
 P
 )
 8
 f
 Z
 G w
  
 }
 ;
 M
 W
 A
 B
 \
 "
 , P
 p m
 f H 3 t
 o
 5
 ^  
 1
 m
 a
 .
 _
 V :
 m ^
 Y
 j \ ] f
 1
 ,
 G
 A +
 &
 x
 } { :
 ]
 S
 w
 P B j
 &
   Z * ?
 p
 |
 /
 ?
 6
 O H
 V
 k
 - ~
 \
 5
 {
 W N
 f
 j
 G
 |
 * ?
 ( .
 e
 !
 I
 o
 m
 * ] L )
 K
 x C r
 u
 t
 l d (
 9 q
 _
 @
 K
 i
 } 9 /
 y a
 P
 I
 H
 p
 m :
 V
 l 2 S
 d 2
 9
 6 "
 ~
 w %
 v J ~
 1 =
 a B
 S
 ^
 r
 F
 [
 K l
 i
 :
 $ i r
 N
 \ M
 >
 S
 b
 b
 z t J
 J
 G
 o
 V
 [
 $ x
 =
 * q
 9
 &  
 0 ( 5 l
 v
 O Q
 )
 D
 F
 [
 -
 ! 1
 E |
 [ Q S
 # 4
 {
 5 E /
 /
 8 1
 w
 x
 % \
 Y n <
 /
 s 1 o
 r
 ;
 r q
 K K
 y !
 ~
 :
 z ]
 D
 f
 =  
 E
 +
 > N ;
 0
 ?
 v
 >
 { ( >
 b
 7 j
 F
 n !
 w ( 1
 O
 3
 9 2
 \ f
 v m 1 -
 `
 F
 z
 & G /
 / _ n
 % ( !
 e U
 <
 J  
 @
 {
 3 B Q
 A
 d + &
 m
 ~ u b
 R
 W
 ]
 O
 ~
 )
 <
 ^ 5
 o W
 Q
 a G ( {
 p
 O
 3
 Q V ~ ^ t j
 Y
 q a
 M
 @
 9
 1
 "
 ]
 [ % D
 f ^ '
 :
 E 1
 }
 ]
 F
 j Z # ,
 < s
 @
 $ e
 x w
 x
 U
 m U 5
 X Y
 X $ K
 |
 V b
 ,
 . 8
 M
 g !
 7
 ) ' :
 \ G
 9 ^
 Z
 <
 v
 7 6 +
 c c
 (
10.0.2.15:26534 -> 133.42.52.24:443 A
133.42.52.24:443 -> 10.0.2.15:26534 A

 R _ ' d S
 T
 +
 j O \
 u i f
 k e 8
 I p
 T P
 X
 ]
 =
 S
 N
 / ~
 / H I u
 E 0 F
 W ^ J
 2
 a
 P V m
 a y 1 Q K Z
 N
 b
 +
 { B
 4
 f
 p
 V
 e
 #
 b
 q
 N
 I
 F
 @
 #
 *
 r ,
 9
 j
 \
 9
 E
 o
 a
 K
 ! ~
 e
 w
 t A
 x < 8
 !
 2
 = p n
 z
 @
 8
 s
 q
 e ; `
 S
 $
 r
 Y
 m
 > > ~
 #
 D
 . ~
 V 0
 {
 b
 r {
 m x r Z :
 }
 < I
 - \
 u e o 7
 3 1 # : u
 [
 q
 d
 I
 B
 f X
 z G
 x /
 j
 # n
 9 )
 (
 s
 8
 W
 ~ R {
 j
 y
 y
 x d
 ? %
 u `
 !
 }
 ? \
 t
 , G
 \ q
 [ P
 / S
 q
 A
 l
 _ B
 =
 1
 o
 1 1 E
 j k
 1
 m _ U 8 i !
 ' { { M E
 *
 V ~ E
 p }
 h
 I
 k P
 d
 ' K / >
 8 D 5 G
 3
 5
 *
 L
 X '
 I
 G
 u
 A
 7
 _
 T A
 4
 e S
 M
 ]
 ^
 s 8
 W
 d
 w
 ,
 #
 \
 s f %
 L
 $ F
 ! c
 #
 1
 H
 W H 7
 n
 W 9
 X
 b
 <
 . = : :
 t _
 i
 ~
 K
 4 ! S
 @
 /
 Z
 S t
 ^ '
 D
 C
 e j ?
 r $
 `
 8 B H
 a
 w _ x
 I T
 p v
 Y
 m
 Y ] #
 k F
 0 h
 O :
 A _ a
 Q G
   & d @
 %
 K
 @
 B
 (
 4 D 6
 D }
 n
 M
 k I
 L
 g
 8 G g R
 *
 { F
 S
 W
 G 5 }
 ,
 K b
 e
 <
 /
 S
 9 _
 K < o
 Z d
 ?
 f
 : J
 1 [
 V
 {
 9 R
 R
 5 F
 z > u (
 u
 p
 I k U
 } t
 b d
 y " 3
 :
 V M
 o
 D o
 ?
 Q
 H "
 ,
 h
 i
 I
 Q X
 )
 8 K
 Y ! " a
 E
 .
 D
 ^
 9
 9
 Y
 : q
 D 0
 H
 q
 [ P
 F O
 8
 # d p
 `
 H 2 H
 6
 T
 H
 H
 u
 O { :
 l
 M % j
 m
 7
 m
 K
 7
 j
 C
 R 4 4
 %
 6
 F
 N
 4
 N <
 m ] p P
 M t
 /
 t
 I S
 O
 1 P ~ c
 &
 i u
 #

133.42.52.24:443 -> 10.0.2.15:26534 A
 d
 w J
 z b
 8
 X a
 U
 ] u W
 ! S S
 2 f g ?
 ! 3
 ? m
 : p
 | ; X
 :
 }
 C
 Q
 J
 ~
 r /
 O |
 P H
 ~ p
 @ $ E f
 ~ % ;
 8
 T
 \ B g
 ) s
 G
 ? n
 0 '
 ;
 3 >
 ,
 { W
 ' O j
 c
 d
 Y '
 x
 O
 \
 A
 ,
 x
 y b j
 3 , J
 6
 N K
 b
 G .
 f >
 ,
 ;
 L
 -
 p ( s 5
 *
 v
 7 | 7 >
 H p W
 3 ,
 = F
 , o _
 # L
 e
 L
 A
 &
 v 0
 O m T b ]
 j
 _ i
 A 6
 ( V
 y :
 f
 p
 g
 X
 n Q
 t S
 f !
 ^ :
 T 5
 n
 "
 1
 n T d a Z A ! M !
 M V
 3
 H q r ! 7
 {
 K |
 H y Z
 O E S
 0
 <
 9
 C
 D
 : 4
 3 U
 u
 "
 \
 v W
 R
 T
 |
 @ ~
 l ] } "
 f P 0 + >
   B e
 O
 c
 &
 p
 \
 >
 %
 $
 Q
 -
 Z
 1
 7
 & P
 8
 &
 l #
 8 8
 ` U
 1 K
 }
 / G
 K
 c
 9
 * )
 v <
 { W
 (
 /
 H
 O
 - N
 D
 E g
 < 6
 _
 0
 a
 _
  
 ^
 O
 O Y
 ?
 q
 ? V
 P
 a
 ;
 -
 n )
 9
 8 N
 >
 U ?
 4
 z ?
 q
  
 0
 B
 R
 a
 ^
 U
 }
 L
 f
 H
 n
 ~
 Y
 A U
 )
 M & u
 8
 @ Z
 $ # o   ^ L 6
 ;
 i .
 s
 y
 j
 F
 A
 '
 '
 m
 P
 l
 m
 a
 7 6
 %
 A
 -
 1 H ]
 5
 f
 E
 W N
 < '
 z ^
 O
 9
 G
 K l =
 * q
 h
 $
 o
 Q
 2
 = | 1 _
 m
 *
 V
 x
 x
 L $ T
 h
 '
 s
 }
 I S
 H
 h
 p
 Q w
 Q
 c
 D
 ~ p
 Y w i
 J
 o
 1 E
 # V
 H J
 F
 U . [
 ^
 ' _
 | W . s
 4 !
 i
 g
 n
 p ` c
 [
 -
 c
 T $
 j
 "
 p
 "
 k
 E E W
 )
 Z
 : W
 M
 n
 L
 $
 ]
 j
 K 3
 ^
 d O
 @ < t
 A
 2
 + q
 4
 r J
 %
 :
 * b r L
 / } "
 z
 U
 S
 J
 r
 9
 N
 o V
 6
 :
 7
 A k
 I '
 6 Y
 x y l
 ! m n
 ? B
 8
 =
 ; ] d .
 f m 8
 r L 5
 S
 .
 ( n
 H
 (
 9
 f
 D & | C
 b
 \
 E & X
 c E
 / _
 K
 b A
 ,
 [
 w : X `
 d
 1 B 8
 &
 0 =
 ^ I z 3
 8

10.0.2.15:26534 -> 133.42.52.24:443 A
133.42.52.24:443 -> 10.0.2.15:26534 A
 0
 *
 r o n n
 Y
 L \ H 1
 S
 "
  
 t
 > 3
 7
 i
 m
 b
 * P >
 >
 !
 ;
 m
 S
 F s
 ` (
 5
 i
 @ b
 :
 S | m
 J i
 S
 2
 7
 2
 " ? '
 L A  
 9
 % d
 \
 * [ #
 . %
 B
 1
 ?
 u
 0 c
 K
 9
 J -
 H
 q
 b U
 3 S
 |
 M
 + y
 _
 ? x X
 8
 W
 `
 t !
 I U d m
 L
 3
 9
 1
 ~
 0
 *
 M
 z
 T x e
 <
 z s
 & 9
 # F l
 <
 (
 w
 Z Y
 .
 I L
 O D
 6
 z
 2
 F
 )
 P n
 H
   t
 W
 E
 { o E ^ 1
 H %
 6   . 5
 A =
 &
 p r (
 ]
 O
 e
 s "
 @
 Y
 @
 4 f F
 &
 ,
 t
 A *
 \
 O
 h
 A
 A
 K
 p
 g N
 -
 ?
 }
 @
 *
 b
 ) | H I q
 ?
 <
 _
 #
 G
 t
 i
 B
 x
 A
 r
 ~
 t ~
 i | U
 | U
 k
 #
 K
 M C S = n
 _
 g
 3
 9
 3
 t
 |
 J U
 9
 (
 9 (
 z
 z
 :
 j
 Q >
 a
 R
 )
 *
 C G
 < A
 K
 l 3
 d
 E
 h
 s y
 i
 t Y
 : : [
 >
 K
 } Z - %
 r
 q
 C
 D
 l d
 %
 U
 <
 J
 C
 1
 ]
 l
 } Y
 I
 e :
 . ! E
 z + p * I
 >
 * v ' $
 H X
 K K
 B
 (
 W
 % j
 #
 " Y
 k
 N
 9
 9
 P
 p
 8 x C 4
 , v p
 J
 K
 t
 ] ' T M r G
 G
 G
 ~ v
 O
 B
 V
 2
 l
 -
 /
 J j 4
 .
 `
 B
 9
 c
 L a >
 c
 ' > L W -
 V 8
 d
 z
 p p b
 ? f
 0 {
 > Z
 A
 &
 d
 _ 5
 q
 D
 f & %
 F   c
 4
 T
 (
 l
 ; - C
 E
 U
 |
 ] 4 E
 D
 W
 6
 E
 J ^
 m
 ;
 0 $
 r w
 + J
 5
 s
 P ] c
 X d W < k
 d
 Z d
 R
 u $ ;
 ;
 z (
 #
 ; v D
 y
 $
 e
 . O
 ,
 x H
 F
 O
 [ f
 e u v
 Q ,
 "
 e {
 ;
 q
 ;
 t &
 @
 L
 1 ~ B R _
 k
 a {
 X
 v
 ! H Y
 f 8 ,
 { W 1
 Q
 q

133.42.52.24:443 -> 10.0.2.15:26534 AP

 ^
   m
 6
 w
 o
 _
 ] -
 h
 N
 x !
 `
 ?
 V
 L
 z
 Z
 @
 ^ !
 z
 j
 s j
 w
 Q
 v
 _
 Q
 _
 l
 e
 } / P
 c O
 < C s
 _
 :
 2
 ]
 h W
 u % b
 @
 8
 c @
 3 L
 c 7
 l
 _
 )
 e |
 e
 [ ]
 U p
 ^
 p
 y x
 e
 K
 z <
 ?
 =
 ?
 ?
 t
 e ,
 J
 ^
 0
 q
 b
 u
 / \
 k *
 !
 ; ^
 N
 : y x
 - 0 ^
 B U
 N
 ( @
 g |
 h J
 *
 D
 l
 S N b
 , Q
 V
 ; ,
 m +
 v
 m
 0
 6 k
 U
 G
 G +
 ? H :
 e
 C F
 R
 + { +
 ) =
 T
 - n 3 ' ?
 `
 #
 E
 ;
 i
 e
 J
 z
 6
 t e
 q
 N
 *
 i
 A
 +
 d
 F ~ u
 ~
 S
 $ 4
 r { [
 Q j *
 %
 * s
 L K (
 S i
 ?
 j
 # w
 R B n
 0
 W
 g :
 + f
 V
 2
 R
 * J
 / + %
 N
 +
 t i 4
 )
 e
 m
 4
 _ =
 l
 V
 Y V R
 z
 , \
 @
 d
 *
 !
 6
 U `
 { -
 ^
 '
 R
 O
 w Y u
 r
 T
 r
 A
 7 #
 3 K
 >
10.0.2.15:26534 -> 133.42.52.24:443 A
133.42.52.24:443 -> 10.0.2.15:26534 A

 [ l
 |
 }
 = e
 .
 I b
 Z
 c K b
 C
 6
 =
 /
 g  
 G
 M
 V
 ^ S ] z
 :
 b j X
 $
 i w
 | T * d
  
 ) *
 l
 % Q $ s
 F
 F l
 f k Y
 : {
 e
 q
 3
 2 >
 ?
 K
 O
 n
 , $ d
 x
  
 P
 3
 [
 > _ v
 %
 !
 w
 / n
 O
 .
 Q ' g N K
 ~
 $
 d
 F K G
 p
 t '
 H
 K
 C
 6
 @ i
 >
 : 5 > 7 F
 - 7
 ?
 w Z \
 g ) K
 :
 + x r
 U o
 [ D
 Z F
  
 u
 x
 P
 8
 s
 U
 d &
 i
 ~
 ; ^
 ` V
 k
 \
 R ]
 b 1 I ` .
 > (
 g
 k T
 L
 P
 A -
 %
 b
 (
 _
 <
 x x
 s
 b !
 o ?
 P
 C
 ^
 *
 f @ _
 !
 @ " h :
 / n D
 c
 V
 = I
 R
 , a
 s F
 1 Z C < [
 3
 u
 ?
 a I
 0 4
 A
 = A
 a Z
 E h
 0 ) Z
 & P
 c
 6
 <
 D
 l
 . w " T
 < Y Q
 l
 P
 G
 \
 T < } V   _ ]
 r
 6
 l
 0 #
 v
 j
 B
  
 '
 p T
 |
 ?
 ]
 v O
 # g U B !
 M Y
 z
 {
 !
 1
 }
 $ [
 b ; k I h &
 V
 c
 ^
 0 >
 `
 . c
 \
 5
 y
 J
 T 8
 M
 T
 M
 _
 7
 k
 !
 @ Q Q A " z F
 W
 N N
 5 d
 4 O y
 ;
 M ,
 X R I
 #
 g
 !
 N
 u H
 R 9
 x
 e
 `
 g W   *
 +
 ,
 c S
 O u
 g
 +
 ^ V 8 7 C n
 @
   F _ <
 1
 _
 C
 v ~
 c
 . K
 A 8 X :
 7
 Q
 H K Y . h
 o _
 ,
 q
 g /
 x
 8
 q
 ^ f $ 9 X F @ l l
 N
 %
 $
 L
  
 } J
 X
 5 8 z
 3
 F S
 o
 n
 -
 Q
 ` f k
 X
 $
 S
 I
 m ( (
 w
 7
 v
 H
 ^ D C
 .
 k 6
 J
 4 ` L 9 H -
 k
 x
 9
 d i
 q
 }
 j
 2
 h
 L
 7 H 2
 y
 e
 D {
 !
 p
 C
 A
 %
 d
 |
 (
 j
 g
  
 , ?
 G
 a L 3
 : '
 c D
 Z
 I P
  
 .
 :
 -
 A B
 =
 D S
 C %
 _ 4
 y q 8
 b
 l
 n
 L
 h
 1 O & ' C
 u X
 M
 B P
 8

133.42.52.24:443 -> 10.0.2.15:26534 A

 F
 6 7
 $ B
 <
 3 \
 7
 _ N
 U
 U
 |
 R
 G L #
 s
 B L
 D M
 U
 &
 7
 L *
 L
 &
 8
 E Z
 $ S
 Q . z U
 !
 3
 q g
 [
 +
 i v =
 k
 T
 w
 X
 g
 P H | F x ^ }
 +
 ?
 C
 v /
 p - @
 I
 @
 O
 ~
 c !   b n %
 ~ p
 U
 K
 > m a
 x
 C G &
 9 V
 L
 h
 E
 S
 9 f
 0
 |
 ? m p
 V
 9
 n
 V { _ > A
 :
 H
 & / & s
 " "
 r
 x
 # Z Y
 F
 '
 8 6 h _
 g
 s
 *
 y
 l =
 a
 I
 O
 w ]
 }
 C
 ^ >
 g
 "
 R
 t v
 ^
  
 K
 u
 O
 b
 $
 j
 { >
 $
 u
 ~
 n 6
 ] r
 D p b
 ^
 $
 d
 f
 B
 z
 2 d
 0 1
 l
 \
 -
 `
 j
 B 5
 ;
 l q
 k
 e o
 Z
 3
 %
 " < l
 o
 Y ;
 [ \ ? l *
 ( r
 y
 d
 U
 >
 s
 ? 3
 1
 1
 B
 ,
 e # [ g
 E o ;
 w T
 g
 {
 }
 W
 J \
 |
 n
 a
 E
 1
 g 2 + W x
 G
 \
 U k ) 8
 ?
 h r ) R 5 ; v - e
 ^
 F ^
 h
 4
 V
 $
 A "
 T T
 Q
 N
 .
 s }
 Y
 w $ 4
 R
 / +
 F i
 f 4 7
 g
 = b
 ;
 =
 \
 J V 7 O
 u
 o
 : A F
 <
 r
 n m
 1
 d
 A
 Y
 +
 z
 L
 %
 p T
 z
 i
 j
 G
 7
 .
 ^ 5
 a
 8
 U
 I
 `
 1
 < m
 O
 { :
 L
 i
 y }
 &
 _
 `
 > c $ d
 =
 : @
 v
 U
 A
 K
 9
 q
 Q
 t 4
 %
 K
 X
 2
 *
 ? 2
 Q
 Y ` 5
 +
 -
 c
 I
 x i K A
 z
 7
 <
 p I
 5 s
 p
 X
 A
 o # U
 \
 O n ] B
 f
 ?
 j f
  
 ; 0
 .
 < a
 & f " J
 Q
 B
 } I
 Q
 ~ M
 W e y
 *
 ) ^ M
 a
 f u M
 P
 ,
 _
 B
 g
 %
 -
 ;
 N
 4 0 { 6
 : _
 A
 c
 h
 M
 @ Z
 b
 g
 T
 )
 }
 3 l
 c
 E
 3
 [
 a
 @ ! 7
 } [
 6
 | E R
 m
 # b
 t [
 L
 K
 y
 t
 Y
 J V r
 8 Z
 ~
 3
 G
 h
 Q C
 Q _
 L
 |
 Z
 D , @ b . 1
 i
 v
 ;
 S
 * ]
 h
 | 4 T
 <
 w U
 Z
 N
 @ F
 s
 ^ d }
 A v
 ; '
 l
 R
 V i c j
 D
   S
 : ~ k
 :
 "
 1 m
 W }
 =
 ~
 \
 l V
 [
 w
 /

10.0.2.15:26534 -> 133.42.52.24:443 A
133.42.52.24:443 -> 10.0.2.15:26534 A
 f
 )
 V H
 j u
 `
 d
 (
 M
 (
 ] 7
 @
 -
 c C /
 f
 ! E 8
 @ u
 -
 ? >
 _
 b
 7
 3 V ?
 # 8
 S
 ! [
 (
 u
 4
 L
 7
 R , M
 _ Z
 '
 ?
 y
 E
 o h 3
 N
 M *
 | +
 ~
 @
 b G
 2
 )
 ,
 f
 G J
 j
 R
 I M
 ' v
 _ 3
 &
 U
 e
 s
 E .
 1 8
 1 B
 o
 <
 +
 +
 %
 %
 2
 t
 5
 V
 X 0
 r
 = W \
 A
 9
 w
 ] - ~
 u
 H
 A
 L
 }
 '
 < n
 R 1
 J
 f
 9
 c _
 * @ n
 $
 k
 T
 p ~ 7
 e o
 *
 [ ~
 '
 a a
 5
 ~
 [
 ? o
 _
 i
 {
 M P
 e
   ' G
 I
 * ;
 i
 A , -
 z
 L
 o q
 | H
 ^
 ! S
 z
 $ K '
 5
 #  
 :
 ^ j 1 D e
 t
 r
 ]
 X W ~
 D ,
 Z
 '
 "
 L '
 T . F
 x
 u
 Y
 `
 "
 + ` % \ ` Q
 I d
 I
 t
 g
 3 -
 v
 I
 W 7
 t
 H 8 F
 S
 s R ! q o b T
 P
 b n
 7 e J
 8
 r ?
 R
 $ A
 |
 \
 l
 { `
 >
 ~
 *
 j
 q
 ` | . Q Y W
 )  
 )
 3
 9 f
 b s
 p | B C
 }
 j
 F
 7 / E
 |
 y
 &
 b
 2
 J O
 7
 W @
 $
 b
 ) [
 k g   :
 J #
 7 > 4
 7 w
 b
 \ S 4 z
 y w .
 .
 )
 O Q !
 8
 F
 " # m
 ( u L F E
 " T | A ] 4 a
 Z
 %
 x J
 C
 F
 P H
 r g
 l u P
 f
  
 s
 N
 &
 &
 [
 .
 m w U q
 1
 f
 y U
 i
 | Q P
 2 ; x N
 *
 q b
 Y
 s
 J
 ( l [ W
 W
 K
 m
 V
 % j %
 U
 :
 ! b 4 : D Y
 |
 W
 @ y
 ^
 b Z
 D
 B
 ~
 F (
 L
 ~
 I
 K
 i $ e
 <  
 0
 =
 c
 Q b O
 Z x
 + F - d X
 ) m
 d <
 r
 Z
 k
 B
  
 n |
 =
 C
 u
 K _
 T
 i
 (  
 N
 x
 $
 O _ b
 =
 ] )
 a
 r
 O
 '
 1
 # a i
 P
 #
 Q
 .
 ^ G W T
 Y
 M T
 s
 = *
 $ 7
 [
 m
 ^
 b
 )
 g L
 A
 T b
 Q E
 @
 p N : L
 c @
 . V ]
 o
 H
 ' X
 K
 j
 s
 0
 k

133.42.52.24:443 -> 10.0.2.15:26534 AP

 Q
 \
 m  
 v }
 } _
 :
 A
 @
 h
 &
 r
 U C
 M #
 <
 7 0 H
 P
 /
 S
 {
 : J
 V
 3
 p 5
 '
  
 $
 8 1
 :
 ~
 {
 k e
 ]
 ~ ]
 \
 ]
 . t
 % R
 >
 W
 ; #
 u
 I "
 s
 g
 (
 t
 / Y d
 V
 A % G l
 ` Y v
 3 @
 b
 U
 ^
 h
 n
 l
 } G 5 i
 D
 c + T
 R
 %
 m
 '
 / J
 > 8
 F
 h U
 5
 {
 ( L
 .
 D i
 u
 }
 i i T
 " ? ^ ?
 f
 p H
 ?
 P
 v
 8 R h
 @ E
 \ _ x
 H
 r
 +
 $ w (
 Q w C C )
 }
 | S
 t
 c
 [
 : /
 &
 9
 L
 &
 &
 E V
 K z * 2
 r h
 V
 Z
 u
 7
 U
 h v
 9
  
 . J
 `
 2
 5
 D &
 / T
 Z
 '
 9
 @ d G |
 L @
 ` b
 !
 i "
 K
 J
 ? b P
 k !
 X
 U
 ^
 w
 4
 ]
 .
 c
 U
 v
 P
 (
 4
 %
 |
 ]
 | o \ A
 ^
 ?
 S 1 Z * w
 ' P
 Y
 @
 N 1
 d
 "
 |
 g
 ^ [
 7
 z G
 $ ; -
 d
 A [
 \ }
 i
 Q
 j W }
 * b y
 X '
 )
 p
 8
 % / % S
 5
 u
 '
 E ?
 F ! $ I
 8 q
 6 ;
 5 A
 F f
 0
 i
 -
 o
 6
 d
 [ |
 N *
 e #
 m
 h @ " r
 ;
 \
 `
 }
 A
 O
 2
 @
 J
 I
 P
 [ `
 ;
 X ^
 *
 /
 f
 .
 [ o
 8 G K C
 6
 ~
 I
 s C {
 \ ; $ l 0
 B { ~
 .
 3
 / d
 -
 j
 K
 3

10.0.2.15:26534 -> 133.42.52.24:443 A
133.42.52.24:443 -> 10.0.2.15:26534 A
 6
 H (
 ;
 8 =
 d
 y
   %
 6 u
 a
 n
 C R
 S q
 x s
 p
 "
 L
 P
 m u Q
 b w
 K
 + *
 &
 4 h
 ; .
 i
 % { 7 =
 C
 I :
 ]
 n V
 m *
 q
 M k
 z
 w
 y
 K "
 / [ <
 s
 X B +
 -
 V
 r = Q 8
 R
 #
 K
  
 @
 j /
 N
 A ~
 n
 2 E
 Q
 ^ 6
 w
 x S ~
 a A ( }
 e
 f
 $ W
 T
 o
 { D 3 O ! D
 a =
 ( K
 c s .
 s g N
 &
 g L ]
 6
 6
 [
 .
 :
 [
 %
 |
 d h
 (
 l l 8
 a
 ]
 ~ $
 F
 H
 ~
 $
 z
 R
 t
 d
 b
  
 D o E
 [ d
 l
  
 2 =
 F
 n e "
 0 k Q
 n
 { q
  
 C
 K 7
 ;
 2
 @
 {
 w z ~
 7 v b
 Z
 `
 O
 ) C p
 s : 1
 y
 l
 ,
 c N
 r
 f
 -
 F
 %
 ]
 l
 U
 $
 Z T <
 )
 H
 B
 3
 C
 % o
 B
 ) R
 P j
 B k Y "
 t !
 }
 i
 w S
 n
 @
 1
 2 Z ) [
 w
 r y , #
 `
 . 7
 E
 _
 v > J < S
 B G 1 k
 9 ?
 " V
 ,
 R I
 s
 a
 @ t
 ]
 b
 F
 v h
 ?
 9 3 ;
 c < _
 S
 T y ^ g
 r
 2
 b
 ?
 = s S A
 9 ? P
 . i
 ?
 G s
 j
 U
 x
 ; c m
 l
 c
 < U ~ .
 4
 +
 Z L W c
 8
 <
 d 2
 +
 R
 "
 =
 w
 q C
 %
 M
 f
 6
 X
 >
 ~ P L  
 Y A
 f
 ] w
 > I
 T j / X
 T
 j J < n
 )
 \
 9 6
 ? b U C
 O x
 K N
 D
 [ y E ? 6
 h
 0 X
 J 7
 r J
 r
 H
 8
 r
 ]
 r (
 s M
 M
 d
 P
 - w
 Z
 > ( |
 c ; \ $ l
 w
 T z ,
 ` @
 J
 s
 7
 ? 8 %
 %
 ` ;
 s
 Y
 (
 n
 2
 C
 A
 2
 h
 d " Y
 m
 j
 E 6 a
 D C
 v
 n
 -
 >
 9
 x
 *
 ]
 4 d
 M
 = Z
 ) 5
 I
 y
 a C P
 $
 n
 u
 S
 ? ' 0
 i h ] w @
 p
 w
 #
 !
 M
 ~ *
 P
 T O
 C
 C E f n
 v
 ?
 & d
 <
 A 0
 5
 R
 9
 l
 m
 K z
 8
 y 5 8 @ $ t n
 g
 h
 ? o
 u
 &
 ?
 X
 s
 c j
 '
 e
 4
 8 R R
  
 L 4 q
 x 4
 w
 ) ~ =
 f
 " "
 t u
 y {
 ?
 k P
 A 0
 I
 | D t
 V
 &
133.42.52.24:443 -> 10.0.2.15:26534 A
 ! D
 H
 S Q
 { 3 1
 s
 E
 I
 @ a
 o z
 a ^
 B h 2 R 8
 q
 @ T -
 n
 3 I
 Y )
 !
 m
 [ 6
 x ; K
  
 P P P
 / X
 +
 J
 & l
 I
 c
 Z
 4
 o c S F
 C w
 ~
 f 6
 9 z 1
 _
 m
 3
 a
 Z y %
 4 | u
 c
 A y
 $ " /
 q
 6 a <
 4 P c C
 @
 :
 ~ x X
 G
 u $
 / Y =
 2
 v
 s
 V
 :
 ^ , @
 ~
 P K R W }
 5
 R .
 V ( N U
 }
 # q
 F
 G
 i G X .
 _ 0 T
 K
 G
 *
 h m
 , p `
 L .
 ^ A
 1 3
 ! 6
 w
 p q C E }
 d
 s
 w
 9
 &
 U
 /
 w
 / u
 E
 C | K @ ? < Q
 s
 f
 P
 2
 k
 n >
 ^
 s
 G
 (
 0 f
 M
 (
 { $
 y
 F
 5 W f
 B
 /
 c
 w @
 + ` (
 k *
 z
 _
 V ) + ? N ^ V
 J
 |
 "
 `
 _ r h
 a
 v
 2
 C
 H C A  
 i N '
 O @
 S R
 r
 '
 7
 [
 t I
 8 _ l W r | f
 q
 k
 > J U
 4
 G n
 d
 >
 ; W
 7
 h
 W
 @
 2
 #
 X
 M
 t
 8 . 3 T
 R
 \
 p
 `
 , ,
 V
 V
 N m
 J
 1 C
 +
 ] )
 k
 o
 3
 T
 B
 P w
 .
 }
 " v
 h
 < %
 T #
 *
 q
 T 4 } ,
 : T x
 5 >
 6
 2
 =
 f
 q d B W < p
 q p
 U
 F N
 Q n
 "
 r
 A
 k
 B Y
 P
 H
 R
 2
 z
 v
 3
 ~ b }
 Z
 *
 +
 S M ?
 g
 d n
 \
 b
 S
 U %
 2
 H
 L |
 i
 r
 H
 a
 6 S j 5 y
 6
 T f J
 Y
 I > R
 _
 [ T
 W
 [
 g 7
 _
 r i
 5
 =
 ~
 ^
 M &
 e S
 w
 o
 b
 X
 Z ~ J
 "
 3
 9 + E
 j
 w
 s I
 D Y
 H & U
 x
 . X
 a u
 t
 D
 ^
 g V s  
 s
 \ $
 t
 X
 ]
 +
 D
 S < ) ~ _ E
 h
 \
 @
 j
 0
  
 m s
 C 5
 >
 +
 c
 x s L
 P K
 N C !
 <
 h
 ` 9
 H
 { ' k w
 @
 /
 X
 S
 ; . v
 ;
 > r
 #
 (
 I + j g
 2
 _ +
 [
 ?
 o P F
 8
 &
 4
 m u K D ' Z
 6 _
 -
 e J
 }
 j J E V $ n
 Z
 F
 z
 [
 I D
 C
 S
 ? ) 1
 j e P
 \ K
 b 5 1
 h O
 )
 . H s
 H
 W
 W x
 5
 9
 `

10.0.2.15:26534 -> 133.42.52.24:443 A
133.42.52.24:443 -> 10.0.2.15:26534 A
 1
 l C K
 k 0
 J
 ;
 q
 , k / 3 |
 _
 f
 z
 E
 V
 i +
 p
 P ,
 c
 *
 %
 p 0
 h
 R
 f f
 <
 S 0
 G G
 - 0
 S
 N z
 B
 K |
 4 4
 Q
 P L 0 H
 g
 `
 e
 E E
 I @
 j
 E z
 & ,
 ~
 o c
 C
 j N #
 Z r
 f @ F
 Z
 G
 a ,
 I
 > T
 v
 % ] *
 d
 )
 d
 & $
   %
 f =
 v
 )
 g
 N
 k
 4 ~
 V
 T
 r
 u
 k ~
 Q @ V )
 z
 q
 J
 h
 c
 Y
 !
 ?
 Z
 k
 j l
 i
 q ^
 4
 >
 & %
 D
 s
 \
 "
 h c n ;
 u
 J
 s
 v g
 N
 [
 X 7 7
 %
 ,
 v
 ?
 %
 *
 M & Q
 v
 y
 8 $
 <
 0
 {
 C
 ( |
 v
 k
 *
 *
 W
 r 9
 D
 t
 F -
 +
 q
 M
 [
 <
 .
 &
 _
 L
 w 3
 i
 \
 5
 Z
 B 8
 1 $ ^
 3
 8
 U J
 W
 0
 %
 w
 d
 w
 +
 U
 l
 v
 R /
 "
 '
 G
 \
 ,
 s
 i
 0
 @ ?
 B
 F C # 1
 *
 _
 K
 \ 7
 1 (
 s
 { G ; K
 -
 %
 < F
 = p
 ! y
 @
 D
 )
 x
 C
 T ^ +
 0
 ! S
 W >
 8
 -
 M f
 t
 [
 @ 6 +
 U " L
 N ;
 M -
 r }
 k F
 ~
 Y a
 P P i
 L
 h
 w d
 A f 6
 z
 N
 ( m
 z
 Z
 1
 } .
 +
 u
 p Z
 q k
 ;
 '
 Q `
 : +
 A
 d
 8
 < { p
 [
 - ) V
 X 5
 I + q
 d
 9
 '
 (
 0
 f t <
 }
 H
 h
 > 4
 { >
 C
 T
 5
 5
 j
 _
 y
 p
 W
 %
 5
 x
 \
 V
 x
 3
 T W g
 R
 @ 5
 ]  
 ~
 $
 /
 h
 o
 v
 ' i
 /
 u
 *
 N
 "
 v
 I
 )
 A 4 * M
 k
 2 |
 n
 . r
 y 5 |
 d
 @ M
 F
 e M d
 +
 l
 n
 W e f 0
 I [
 . :
 N
 3 N P
 |
 V W
 ,
 # O
 D t a
 ]
 M
 A
 1 f K
 s
 y
 # d
 $
 X !
 D
 <
 * 3 V B
 c
 -
 N
 p
 c
 4
 k
 %
 ]
 < A
 D
 <
 >
 i
 ^
 i
 L '
 V S W
 D
 /
 ,
 ( A 6
 Q
 0 A
 q
 B ?
 D
 n ]
 f
 N d
 x
 7
 :
 (
 y i

133.42.52.24:443 -> 10.0.2.15:26534 A
 (
 u
 l
 ?
 2 A &
 W A
 g
 #
 @ }
 V t
 7
 5
 / s ? C
 g
 J
 # u
 K n
 J
 A j
 >
 Q > $ k 1 <
 6 } J
 o
 J R g
 q
 y ' R
 M n
 2
 h
 K
 }
 p
 i U -
 -
 N 5
 )
 a
 2
 W
 T
 A /
 a
 3 P
 s
 F
 K
 a
 1 c ! / (
 8
 1 +
 G
 $
 g
 p b E <
 d
 .
 y 8  
 s
   ^ Y
 T c
 o
 O
 J e
 /
 R
 z )
 {
 /
 e
 7
 v
 W
 x
 W
 I
 - Q @
 ;
 1
 #
 )
 ^
 :
 D
 t ;
 D K
 a
 " Y &
 L
 l
 ; 7
 e
 > %
 E e
 '
 A w -
 d
 $ K
 C L
 D
 W
 W
 8
 ]
 h
 , L
 #
 [
 &
 C
 f
 o
 r C
 3
 a
 ]
 W
 # U
 R
 }
 `
 Q
 %
 Y
 .
 E
 ' { ,
 8 ^
 ,
 J ?
 B
 v
 N h
 3
 / I *
 v x d
 ( 3
 q
 Q
 |
 z l N +
 ?
 s
 4
 2
 q
 l
 f
 N G
 q r
 )
 $ P D N p / &
 {
 l
 ; E
 l
 D
 A
 0 p
 A
 [ W
 N #
 k
 P ]
 . K
 -
 %
 o D
 _
 k
 ~
 x
 M 7 a
 v
 9
 I
 ` r
 s
 ]
 f
 k ; 5 ` U * d J
 I
 N 0 U
 .
 $ a T
 C T b
 [
 u
 ,
 Z
 s
 7 M
 m
 T
 D
 !
 r 3
 /
 ] . !
 0
 % {
 w
 Q
 K S
 Y
 0
 #
 a
 L
 _ )
 (
 i +
 !
 F
 a
 d
 X
 ,
 :
 d L 1
 6 F
 = N { Q
 w %
 K
 w
 q
 ~
 n
 l
 L
 @
 _
 Q
 j
 h
 M
 t
 v h c
 c
 $
 '
 '
 g
 j
 u
 {
 C 0
 4 D i
 \
 Z .
 #
 /
 4
 S
 6 T
 h
 D [
 i
 k
 ~
 4
 Q
 T
 @
 t
 T G D
 O
 )
 l
 $
 0
 ;
 D
 -
 1 L K B
 7 Z
 Z
 n
 R +
 )
 ]
 " X
 b y X
 _ M i f
 )
 ;
 ]
 j : D
 \ ?
 R
 )
 s
 Z
 5 $
 ) >
 B R
 C 5 D
 '
 }
 ` ?
 d 0
 y
 g S 7
 o
 i
 E
 2 W R
 w 0 H
 ~ ~
 u
 K Y
 ~
 m >
 4
 r > A , 1
 w
 `
 P
   U
 L y b o k "
 $
 I
 g
  
 - g
 8
 $
 q )
 {
 j
 Y <
 &
 _
 h
 `
 I a
 Q B / ) 1 & _ M 6
 F
 C
 H
 t
 b
 b ' X
 =
 H

10.0.2.15:26534 -> 133.42.52.24:443 A
133.42.52.24:443 -> 10.0.2.15:26534 A

 }
 {
 H ?
 s
 =
 6 ^
 2 - ] ?
 ) D W
 #
 f
 ;
 C
 N
 m p Q
 # X
 6
 H +
 T
 @ = 2
 h N
 $
 +
 a $ Q
 j
 N
 R y
 M ,
 O
 P
 [
 z
 4
 c
 v
 z
 w
 x
 U
 d % ! )
 G
 o
 G
 C
 ) ; L
 M d p
 s
 h
 H t
 1 n "
 V
 d M
 D
 B t
 D
 W
 A
 .
 : 6
 A G
 e
 T
 y
 _
 k
 8
 H x s ? 6
 R
 \
 Z
 g
 _ d
 a l D
 S
 5 5
 , 4
 y
 C
 <
 m
 e
 S
 ) ^
 ' a &
 ,
 x
 o
 U
 7
 S z
 # 2
 b
 K 8
 + M
 r
 F W
 W
 k
 D a
 x n
 8
 <
 j
 0 S @
  
 5 X
 d s
 8
 ) }
 =
 2
 .
 | 6 ?
 U
 C
 l z
 Y
 l
 q
 * y B
 . 1
 n
 C M
 m 9
 h
 = z
 o % %
 T
 Y
 x {
 ` _
 J
 S
 c a A
 #
 ~
 1
 _ V
 '
 x V x
 ( }
 >
 ( i
 > + T /
 l
 L
 ^ =
 N
 $
 G
 N
 C
 @
 O 0
 }
 G
 e
 Q G 1 D * L
 6 $
 [ \
 \
 4
 _ V C h
 | B ` ! j O
 H
 " R
 " / 5 , p -
 #
 * %
 "
 y p ~ R
 i
 0
 {
 k '
 | i
 k
 v a 3 t M
 0
 +
 %
 ~ X
 _
 @
 }
 q 7
 [
 K Q E
 6
 c 4
 C v
 R
 p q
 I
 { I C
 T k . 2
 t
 @
 `
 \
 L
  
 ? S
 *
 /
 d
 l F
 #
 `
 M
 :
 i
 e
 1 Y
 Y Y
 m
 Z
 ^
 { ,
 3
 t
 w
 5
 1 z X
 ` 1 }
 l
 t
 A
 a J
 /
 ]
 Z
 1 A v
 c
 B
 x ~
 H
 9
 ~
 r
 N
 <
 0 v
 0
 z d
 } j
 =
 O & W 4
 {
 B
 " 8
 6 ? A % ) K n
 @
 3
 m
 ? C 1
 i
 r
 Z 4 B
 <
 S "
 U d
 f g
 -
 X h
 o ' 4 w
 ; ,
 |
 - ,
 -
 J 8
 &
 T 8 O
 R
 O D
 U
 @
 x
 \
 ) &
 ^ K + 5
 j ! a
 |
 K
 _
 &
 O
 U Z
 i F
 - t
 T Y
 8 G A @
 )
 j
 ! ;
 Z S
 W Y t
 X
 x a
 t
 /
 X V
 ; ? /
 s
 R T
 n
 M R {
 y x 2
 A
 .
 i 5
 g
 Y
 W
 s q N
 | |
 3 I
 |
 3
  
 1 k C
 5 Y
 t
 D X j
 D t
 ] C | ?
 l
 + 1
 7
 {
 C J

133.42.52.24:443 -> 10.0.2.15:26534 AP

 "
 !
 /
 Z
 S t
 ] #
 | F
 q < V
 # + {
 +
 H k 3 v
 s
 * <
 E
 d
 S a
 e
 $ ) z <
 G /
 9 " v g E h r
 \ !
 (
 ?
 , s
 H
 ) A
 P
 +
 c
 g
 O X
 5
 C
 h
 3 6
 (
 )
 P
 #
 | Z 3
 F y
 o
 r
 S 7
 r
 4 8
 ;
 e 6 r
 w
 u
 m O
 s
 2 -
 ^
   h
 r
 S x
 P
 o
 m v
 -
 f
 k s # ?
 H
 B
 P s $
 N = + "
 F ? "
 R
 0
 } = )
 .
 [
 m
 F
 G
 '
 \
 D
 ^
 " l
 H [
 Q
 ^ ! p ?
 {
 G
 &
   P
 n 9 }
 2
 w
 b
 )
 e
 z
 : N _ w P
 a 8
 = 0 y
 a
 y
 G { : 4
 #
 9
 h
 M
 r
 Y
 . :
 x
 (
 > S
 r
 9
 y
 ^
 Z
 f
 j
 q Q ]
 a
 { =
 j U   ~
 ( Q
 R
 2 e a g C
 7
 *
 O
 q
 \ 6
 >
 o
 4
 < h 7
 B _
 5
 ]
 8
 u
 [
 / n
 ) J 3
 X
 h
 i
 + `
 t
 }
 5 A
 c
 t x .
 S
 ^ U
 n
 [
 ! i
 -
 *
 \ u
 i
10.0.2.15:26534 -> 133.42.52.24:443 A
133.42.52.24:443 -> 10.0.2.15:26534 A

 ]
 v L N
 + M
 j
 }
 @ 3 '
 z
 I 0
 W s
 V %
 k
 7
 j
 j
 d
 S
 v
 f
 |
 )
 q
 J o
 s
 s
 %
 8
 _ S i
 q
 T ` ; ,
 2 m
 W
 x n 3 U
 g C
 c d
 _
 "
 1
 K
 9
 ~ ~
 l
 f
 5 U
 g `
 x R
 5 ? O
 `
 C
 #
 U
 6 M o
 `
 ` v
 L
 '
 &
 $ j
 p
 N
 6
 1
 2
 ?
 + P v 2 C y c
 =
 k
 ^
 7 0 B
 9 < z u |
 ~
 (
 n
 W ~
 "
 .
 6
 z Q
 A Y
   ' 6 K
 G
 h
 T W
 ^
 C
 % U
 " z @
 R
 h
 -
 0
 u
 M ?
 #
 h ( - t D
 u
 l
 c 2
 8 Z
 ;
 =
 :
 $
 > 7
 M
 z ,
 ; P ^ p - ? = |
 w F <
 s
 k
 .
 :
 B M P
 F
 G
 H
 \
 t
 t
 N
 I
 i 0 m 2
 [ _
 )
 x
 \ d
 1
 E
 K
 ] 0
 W
 @ O @
 @
 7 S
 ~
 k
 ' z
 u
 W
 g q
 %
 n p l
 8
 v e
 a
 A
 b < I
 L
 2
 5 [
 #
 r
 %
 7
 _
 H
 G
 >
 D
 0
 P  
 1
 C K
 ! V
 6
 "
 % [
 > X L
 < |
 I
 r
 X E &
 c
 5
 ( V
 + 2
 "
 + a
 *
 B
 W
 P
 Z
 %
 b 0 #
 !
 v S
 O q  
 e j
 ' z [
 z
 f
 x
 , v
 (
 U
 s _
 @
 R r
 C F <
 W
 Y *
 p
 L
 x
 V c
 ,
 H b 2
 8
 s
 7 ' I
 l ~ n y g  
 d { + P
 `
 {
 (
 W  
 F d )
 1
 b
 {
 3
 8
 o o O N r
 !
 a
 Q
 { r ;
 R
 [
 J
 >
 u
 ,
 b
 j
 @ `
 1 a
 M
 M
 w Y
 6
 E
 1
 <
 | <
 a
 g
 P
 %
 4
 w N B
 z o
 =
 2 I %
 " {
 N
 * h
 =
 (
 j
 <
 U _ C
 -
 9
 {
 P
 6
 J 7 e t
 : X l
 s
 K
 8 ; k
 Y
 *
 ~
 | -
 k
 Z
 i 3
 C <
 )
 %
 `
 8
 # T ! y
 k G
 u ?
 M
 a
 :
 E r
 " R
 V
 +
 f
 d
 C
 8
 i
 ;
 /
 <
 '
 H
 s
 &
 8
 :
 G
 9 Q
 k |
 ! o
 $
 7 L
 5
 o
 X r \ y
 @
 0
 \
 = z
 @ ,
   r
 m
 R
 N 9 ] X C
 &
 q
 x *
 2
 S
 _ '
 _
 W
 t
 N T @
 t 0 X {
 I
 A 0
 L

133.42.52.24:443 -> 10.0.2.15:26534 A

 " T
 E
 k
 t
 u 8
 W
 ]
 ~ &
 \ F
 L
 5
 } | 5 k
 z g j
 0
 !
 7
 | D D
 x
 )
 7
 |
 /
 &
 /
 M
 H
 M
 X
 `
 B r
 Q
 2 o N
  
 w
 ] 6 J {
 J
 w %
 z & } 9 H
 X c p U
 !
 * r
 ( ' p
 ; q $ @ [ > >
 ; v
 n M g
 J
 V )
 g G
 q
 N Q B W
 A  
 [ Z 2
 5 w
 ! " 8 o p S
 K
 $
 L
 u
 Y ] /
 d
 * )
 6
 # u
 A l 2
 T
 X (
 p [ ~ u
 5
 c '
 ,
 j
 ! O
 , M
 ^ h
 g U @
 k
 -
 @ ~
 7 l - i
 8
 =
 x
 i {
 8
 : g
 }
 t {
 ^ _ [
 m I
 M
 j
 v
 ^
 y h
 9
 /
 i >
 q
 H
 e
 G
 0
 ?
 K
 ?
 w F
 c
 V
 6 [ T
 }
 0 < F 7
 /
 ; m
 4
 { 7 l
 ,
 -
 v
 L z
 e
 W
 !
 z
 ; [
 s P
 V
 f
 p
 ?
 J l N ?
 < m ;
 V b
 e
 Y
 J
 *
 * M V
 f 1
 O
 c
 & =
 ~
 _
 Z :
 A
 g
 @
 n
 :
 m
 V
 ]
 u
 )
 , q m
 I r
 W w 5 _ c
 L
 M
 z
 d
 z
 !
 R 8 K O 4
 L ` f : ;
 a
 ;
 s
 r u
 1
 c ( ;
 A
 y \ 4 c
 F 5
 H 2
 |
 E
 " ^
 W
 i
 p k -
 > - i
 C J |
 E .
 g ,
 ) 6
 ! D
 2
 q f
 A
 Q
 =
 V -
 (
 % ,
 ^
 X
 Y Z 8
 i
 6
 E
 $ M
 j `
 7
 2
 3
 _ O
 1
 H
 m
 0
 O
 a
 w
 |
 { q
 Y
 W
 f \
 8 {
 [
 j
 F
 A
 $
 1
 K   + F
 S
 R v J h
 k
 8
 .
  
 = =
 V
 L m q
 x ?
 k
 2
 R x W
 U <
 u
 ~
 Y
   g a T
 ] k
 S
 ^ `
 j
 D J
 k
 P D
 /
 G a U
 |
 G
 }
 D
 & v
 8 &
 f
 l . )
 B
 Z
 0
 Z >
 L B
 m
 ,
 c
  
 { a
 t
 Q
 v
 \ - u n
 *
 x
 Q 5
 E
 l
 /
 :
 [ x `
 "
 r
 k 5 b
 i \
 %
 P
 d
 f
 _
 F
 . >
 ? S )
 ] H _ d W
 `
 @  
 E
 | &
  
 R
 D
 1 ;
 9 q } /
 / Q A
 o
 [
 O
 Q 3 u
 :
 X
 8 }
 b
 {
 c
 : + [ b
 G
 ! '
 i
 = K h d
 | _
 `
 5
 j
 + h
 p J
 p
 S * ~

10.0.2.15:26534 -> 133.42.52.24:443 A
133.42.52.24:443 -> 10.0.2.15:26534 A

 l b
 L .
 _
 e
 H | b
 D B
 [
 K 5 [
 ~ -
 >
 t
 z
 + 7 t
 > p !
 E
 J
 > b
 _
 %
 w
 [
 Y ' G *
 M
 z
 T 2 :
 o u k 8
 N F
 m
 X N "
 N
 k <
 C
 7
 4
 ] H
 %
 <
 ` H O
 i \
 _
 8 5
 ]
 1
 l z
 s
 4
 C
 $
 2 <
 k ; Q L
 E k
 M
 7
 5
 6
 x
 u }
 u x . ^
 N
 < O
 R  
 9
 g
 Y
 V
 ,
 X
 +
 u k o
 @ ^
 v
 s 2
 k
 0
 e
 I
 Y L f
 & j F K
 ~ o
 m ^
 y
 Z
 c w 6
 c
 t
 y
 7
 }
 e
 ?
 @ 5 @ o
 Z
 Z
 ?
 b ` ) M
 U
 ] + p T
 L
 D
 q " &
 (
 7
 N
 # > S
 ]
 ;
 g g @
 i < #
 H
 % D C
 Q <
 g
 n %
 ~ [
 !
 E
 j
 @
 ;
 J
 ' I #
 w
 < :
 1 6 U
 B
 3 !
 v G
 o
 # .
 h _ P R
 K
 |
 j L
 m
 m s
 p
 5
 6
 *
 + >
 >
 d { 3
 Q P
 a
 z
 p
 @
 y -
 r
 4
 .
 )
 k
 (
 V
 { 7
 X I
  
 F &
 l 5
 Q
 "
 l |
 (
 ;
 1
 {
 v
 m
 k V h
 e
 = N
 & C a
 ,
  
 d
 _
 +
 4
 s
 @
 x
 Z d
 *
 8
 S A _ f
 U
 X /
 k p
 U
 ! L
 -
 %
 r
 A ;
 T
 O
 a
 q
 C
 G
 g
 ^
 n
 g
 W
 m 3
 R ?
 y
 , I M "
 c
 ?
 D
 B
 +
 + T
 @
 S
 P
 #
 { 0
 k 4
 r W
 " 3
 v
 J e %
 @ -
 ^ l
 v ,
 w
 g
 ?
 7 E
 8 " =
 S e ,
 L
 N
 c Y
 #
 T
 s
 h F   X r
 &
 y
  
 q
 + C
 7 ` _
 A
 E
 w
 < i
 q ! j
 (
 i
 [ A
   6 `
 b |
 K
 i
 k
 w
 P
 x c
 V (
 J
 R
 M
 > - ?
 9 ?
 9
 % # Z
 ,
 y
 B
 $
 s 3
 ( <
 ,
 ] ^
 T
 $
 ? F
 T
 G b H M k k
 %
 u
 z
 K
 \
 ` # - P
  
 T
 i *
 R
 S B
 &
 K
 +
 R
 X
 c
 +
 R
 1
 z
 | '
 N `
 _
 +
 n 4 T
 1
 D
 l X +
 ~
 g [
 }
 y
 p D
 I
 M
 ' C
 M
 N J f
 G C
 I
 y
 V
 I Z
 2
 L
 )
 Y
 D
 #
 a 3
 W * n ?
 " <
  
 x
 K
 2
 u
 r Y
 M

133.42.52.24:443 -> 10.0.2.15:26534 AP
 S ^
 \
 z
 o ? T
 =
 f w e
 k K p
 0 o
 v { + K %
 [ w
 +
 C
 4 v
 Z
 1
 L
 g 0
 $ h
 L u U 3
 2 Q 8
 C
 i
 - f
 Y 4
 9
 }
 8 ' ]
 t
 D ,
 B x
 Z 5
 @
 p
 o ,
 o s
 2 A
 :
 L + I O 4
 '
 Q
 2
 &
 /
 S
 :
 u
 3 m
 <
 A
 `
 w +
 O
 +
 K
 = .
 k b
 j y
 Z s
 D P
 <
 n
 f
 B I z V
 3
 >
 d
 ~
 ]
 m
 f
 U \
 c
 "
 =
 G
 < r
 &
 b
 :
 r
 _
 ]
 t
 ,
 F
 ^ 4
 a
 F ]
 3
 e
 Q 1
 @
 ) P
 [
 G
 Q
 o A
 X S
 ; j
 _ @ R k
 t
 8
 Y
 %
 b ?
 Z
 #
 o !
 ' N
 C
 n W
 S
 x
 z X
 ; [ e $
 P _
 R $ >
 5 b
 P
 | l P t
 ( z
 ) Q
 o h
 ^
 "
 1 K 8
 > 2 !
 L
 S
 K
 :
 `
 : W p <
 #
 N
 R
 N
 F
 k $ @ + 0
 J t D
 B S
 T !
 -
 ^
 %
 i < a
 s
 ,
 + D |
 p l
 x
 V
 + L j |
 , X
 M g
 v
 & g
 L
 ,
 v
 ) {
 m
 * f s j
 w
 C
 a 2 p
 p
 ]
 N $ ; P
 &
 w
 D
 _
 1
 P
 " f
 V
 y
 h
 \
 n
 L c S
 6
 C
 Y s
 Y 6 +
 K
 : + j
  
 c
 4 M + o
 7 =  
 ~
 '
 O U
 &
 "
 D '
 %
 &
 o % Y
 0
 { f
 C
 *
 c
 2
 u
 j
 V
 O
 E
 e
 |
 '
 3
 d
 . \
 c
 7 u
 j
 A ]
 U
 d 7 B
 ^
 O )
 _ 5
 X
 @
 $
 _
 1 X w A /

10.0.2.15:26534 -> 133.42.52.24:443 A
133.42.52.24:443 -> 10.0.2.15:26534 A
 :
 \ w 6
   `
 O A
 |
 [
 ?
 `
 7 Y G
 / U
 e
 e
 $
 G
 !
 {
 z
 H
 / [ d %
 P ) '
 A 2
 A
 2 T q
 1 q
 s
 0
 l P
 0
 g
 * L l | h
 F
 [ 0 o
 `
 d
 3
 (
 T D s
 l Z
 `
 1
 C S
 \
 Z P
 !
 8 P C l
 L
 S ~ \
 \
 %
 1
 d
 d )
 .
 [ <
 P
 n
 | f
 * D `
 u
 b
 3
 E
 '
 X
 5
 2 : z
 Y
 1 5
 &
 <
 =
 O
 E
 3
 d
 |
 k ; t
 @
 L
 o } / R
 M
 {
 M ; P
 G u
 %
 { /
 G {
 t
 f 9 0
 ;
 ( T
 [ ? T ,
 g
 E
 K
 E
 u
 ]
 & X 0 ]
 6
 d c ? 9 S
 B
 V J B
 +
 (
 2
 * E
 A
 *
 ~
 o
 m
 S
 N
 ! 0 D
 q " !
 +
 % E h
 !
 O
 { d
 A P d $ " D R
 B  
 -
 Q
 i o
 !
 M 5 5 I
 3
 >
 X
 K
 <
 n , 8
 E /
 l R
 D Q
 = {
 H ]
 e
 o ] ?
 $
 4
 { H
 `
 3
  
 T > + $
 ?
 [ f
 .
 x
 4 p
 $
 7
 c L
 m
 \
 T i
 y
 k a
 1
 z
 O I C
 5
 h
 (
 9
 Y
 g d
 $
 D
 \
 g B
 [ Y %
 y
 Y G
 G
 D
 Q C V u
 v [
 *
 d
 T
 w \
 =
 (
 O
 R
 < 4
 i
 .
 :
 J )
 O
 o
 7 2
   '
 %
 k
 q
 6
 '
 / W V 8 D
 x
 0
 |
 "
 ,
 !
 - P U >
 Y
 -
  
 e z
 ^ ]
 r U x
 ;
 n M F
 ^ 8 ; & k
 Y
 |
 g
 \
 y
 ) }
 =
 & A
 {
 J
 8
 c
 x
 =
 m a
 _
 e
 O
 !
 2
 =
 x 2
 :
 Z ~ > T
 Y V
 ;
 l
 C
 &
 s X %
 '
 C &
 {
 < 3
 1
 *
 /
 Q
 J v
 B
 _ ;
 l
 0 B I B
 B
 7 t
 w 1
 A
 |
 5 m
 '
 #
 -
 5  
 - )
 H `
 X
 `
 7
 " & # n
 >
 % m
 W ] x - ]
 h w +
 t
 \
 =
 D
 E 8
 r \
 }
 ;
 [
 >
 8
 q
 A
 '
 r Y
 ]
 0
 = .
 H ^
 t p ,
 x
 7
 H
 m
 { W
 i
 V @
 a
 q
 X
 @ v
 0 t
 Q
 8
 D
 z
 X
 {
 8
 R
 O
 >
 u g }
 c v ^
 ( 3
 o
 g
 _ ;

133.42.52.24:443 -> 10.0.2.15:26534 AP
 & s
 8 ^
 *
 W
 R
 b y
 " K =
 m
 @ 9
 | A
 a
 D H W Y
 e
 A
 "
 4
 b `
 9
 ' 4
 5
 q
 ^ n
 @
 g
 t
 L
 E
 @
 C
 " U
 ,
 g
 ;
 * . :
 y
 S w
 ?
 m L s
 }
 v
 |
 o
   , R
 #
 2 `
 e
 C
 =
 @ "
 7
 B
 ]
 L
 X G (
 % y
 G
 . n .
 5
 W
 < *
 J
 h
 c
 {
 ;
 x
 .
 " 8 o
 v
 l
 v P
 B
 " a
 r
 &
 X s
 ,
 0
 =
 o z
 Y
 F e
 d + <
 8
 f
 V 6 q
 W , x / - O
 m
 u q
 j
 6 t
 O g
 0
 e
 R b
 4
 L C & J p n
 X
 ? a   u f a
 Q
 O
 " 8
 u
 '
 ) X
 ? p w
 . 1 z
 b
 !
 Q b
 >
 {
 w -
 B a A
 b
 x
 < j G ?
 *
 w
 $
 v
 1
 2
 #
 ~
 s
 `
 t
 d
 *
 C
 i
 i
 l
 6 5 _ _
 [
 d
 y d
 Z ! '
 T H
 C P +
 "
 | p ~
 ?
 3
 ^
 v
 L
 Q e
 n
 >
  
 ;
  
 }
 X L
 H
 S
 b %
 [ L !
 -
 a
 u
 g ~
 n
 U M
 @
 ~
 I
 0
 + J
  
 }
 H
 H
 g
 r c   $
 n 6
 e
 , =
 {
 [ v
 a n
 |
 K
 H O G
 >
 6
 {
 z
 ' h 3
 ? p h 2 p
 [
 %
 l
 w [ ;
 j +
 j
 .
 - '
 ,
 q
 ;
 u
 L
 }
 =
 d ` J
 E > j
 h +
 h
 s
 j s
 5 j
 `
 v
 '
 V
 E '
 Q
 m _
 )
 ^ o
 h
 {
 " Q &
 >
 ` m
 9 A 6
 ^
 h [
 )
 2
 v
 Q
 H `
  
 >
 J
 \
 h
 \
 e r ~
 v v e
 X
 L
 K
 0 f (
 ) D 3
 q
 F a / > L
 s !
 O p
 2 W c d a
 h 2 3
 _
 m ?
 Y
 y 4
 |
 < ^
 2
 f
   ,
 3
 X $
 J
 6 )
 ! =
 C
 r
 `
 k \ ! G
 +
 m
 1
 x 9 I
 5
 ^
 U
 q
 L
 G   @ /
 b
 @ g
 q
 @
 v
 B
 e
 \
 P
 r
 N
 R
 X Y ~ 8 . G
 G
 S
 U Q
 U
 (
 F
 =
 b
 x h D j
 Y
 o h
 D -
 9 v
 e j
 ? l
 b 8 u
 Q 2 >
 8
 f
 b X 9 ;
 \ @ { c
 ] g
10.0.2.15:26534 -> 133.42.52.24:443 A
133.42.52.24:443 -> 10.0.2.15:26534 AF
10.0.2.15:26534 -> 133.42.52.24:443 A
10.0.2.15:26534 -> 133.42.52.24:443 AF
133.42.52.24:443 -> 10.0.2.15:26534 A
