10.0.2.15:50831 -> 133.42.52.24:443 S
133.42.52.24:443 -> 10.0.2.15:50831 AS
10.0.2.15:50831 -> 133.42.52.24:443 A
10.0.2.15:50831 -> 133.42.52.24:443 AP

 x U
 S
 s ! D
 +
 +
 $
 N < b f
   Q
 >
 %
 X B J x C
 Z
 E
 2
 h
 >
 ,
 0
 +
 /
 $
 (
 k
 #
 '
 g
 9
 3
 =
 <
 5
 /
 u
 w w w . w a k a y a m a - u . a c . j p
 #
 0
 .
 +
 -
 3
 &
 $
  
 4
 '
 6 I
 O
 $ $ ^
 s
 j l
 O
 @

133.42.52.24:443 -> 10.0.2.15:50831 A
133.42.52.24:443 -> 10.0.2.15:50831 A

 A
 =
 \ n
 p
 W o   [
 |
 * S
 I 7 ~ w f
 d
 0
 #
 N
 J
 G
 0
 0
 q
 g k ]
 U
 0
 *
 H
 0 [ 1
 0
 U
 J P 1 * 0 (
 U
 ! N a t i o n a l   I n s t i t u t e   o f   I n f o r m a t i c s 1   0
 U
 N I I   O p e n   D o m a i n   C A   -   G 5 0
 1 9 0 4 1 0 0 2 0 2 1 0 Z
 2 1 0 5 1 1 0 2 0 2 1 0 Z 0
 1
 0
 U
 J P 1
 0
 U
 W a k a y a m a 1
 0
 U
 W a k a y a m a - s h i 1
 0
 U
 W a k a y a m a   U n i v e r s i t y 1 $ 0 "
 U
 A c a d e m i c   I n f o r m a t i o n   C e n t e r 1
 0
 U
 w w w . w a k a y a m a - u . a c . j p 0
 " 0
 *
 H
 0
 & N
 k
 q V x
 R ;
 r
 %
 n U h
 Q
 s
 8
 5
 E
 o l
 5 o
 v
 u H K
 Q
 Y
 ` /
 y
 O a 0
 ] D
 <
 @
 m 0 j
 .
 W
 = !
 )
 t
 W
 T q 2 e
 . =
 #
 _ % (
 "
 Y
 Y
 N
 H D
 K I
 ' s
 6
 [
 .
 0
 C
 H E O
 }
 E
 x
 $ & l
 V 4 3
 .
 1 L '
 ) v
 J
 @
 G
 b &
 O
 9 0
 5 0
 U
 #
 0
 g : :
 k
 A F 9 0
 i
 Y
 X
 0 <
 +
 0 0 . 0 ,
 +
 0
   h t t p : / / n i i g 5 . o c s p . s e c o m t r u s t . n e t 0 T
 U
 M 0 K
 w w w . w a k a y a m a - u . a c . j p
 w w w . a j h s . w a k a y a m a - u . a c . j p
 w w w . a e s . w a k a y a m a - u . a c . j p 0 `
 U
  
 Y 0 W 0 K
 +
 0 ; 0 9
 +
 - h t t p s : / / r e p o 1 . s e c o m t r u s t . n e t / s p p c a / n i i / o d c a 3 / 0
 g
 0
 U
 %
 0
 +
 +
 0 J
 U
 C 0 A 0 ?
 =
 ;
 9 h t t p : / / r e p o 1 . s e c o m t r u s t . n e t / s p p c a / n i i / o d c a 3 / f u l l c r l g 5 . c r l 0
 U
 ' (
 g
 } h
 n k s T
 I (
 0
 U
 0
 +
 y
 p
 l
 j
 w
 X
 g p
 < 5
 w
 j
 T
 H 0 F
 !
 $ % ( D
 B 0
 L
 j w o
 |
 h P
 v t
 !
 v
 I
 I
 = :
 R Z # L 5
 }
 (
 Z
 8
 ] m
 v
 K
 u
 `
 B i
 f
 ~ _
 r
 {
 z
 j
 V Q
 G 0 E
 !
 F V
 ' c A
 2
 H (
 G
 9 /
 S
   4
 J
 = v
 j
 >
 e e
 "
 `
 6 D
 w
 o S v
 1
 1

133.42.52.24:443 -> 10.0.2.15:50831 A

 Q
 w
 )
 7
 j
 _
 H 0 F
 !
 E
 G
 o
 1
 D
 }
 Y
 !
 u R
 i
 ;
 }
 $ m ;
  
 r
 U 0
 *
 H
 a
 D
 >
 r k
 f ] J '
 J
 o
 ? =
 g * 4 U
 7 R
 ! 5
 ?
 U
 |
 Y
 x
 { U
 v
 / E
 # M h
 $
 \
 _
 C E Y
 +
 >
 1
 %
 | d l
 v
 7 L -
 6 ! D r
 = 2
 s
 7 :
 5
 s 0 y
 z *
 u
 s I P
 ~
 |
 @
 3
 E .
 =
 V
 + 3
 [
 : D # Z
 <
 H 4
 e
 P
 X
 ] s
 B k
 M
 , H 0 e
 0
 0
 n
 "
 1
 0
 *
 H
 0 ] 1
 0
 U
 J P 1 % 0 #
 U
 S E C O M   T r u s t   S y s t e m s   C O . , L T D . 1 ' 0 %
 U
 S e c u r i t y   C o m m u n i c a t i o n   R o o t C A 2 0
 1 8 0 3 2 2 0 6 3 3 2 9 Z
 2 8 0 3 2 2 0 6 3 3 2 9 Z 0 [ 1
 0
 U
 J P 1 * 0 (
 U
 ! N a t i o n a l   I n s t i t u t e   o f   I n f o r m a t i c s 1   0
 U
 N I I   O p e n   D o m a i n   C A   -   G 5 0
 " 0
 *
 H
 0
 G
 R
 *
 ^
 k A ~ m h
 G
 ] u
 3 f
 W 0 T
 5
 s H *
 q
 C i
 8 ?
 M {
 A
 ;
 } U U >  
 & N
 N p
 4
 b
 G
 |
 7 ?
 2
 1 c
 ( 3
 e M J p
 3 6 \
 #
 o
 I "
 _
 G
 o
 E b
 )
  
 0
 x
 u
 "
 <
 { 8
 @ i
 ;
 b / j
 Q
 Q "
 {
 u
 %
 D @
 @ U n
 S
 '
 I 0
 E 0
 U
 g : :
 k
 A F 9 0
 i
 Y
 X
 0
 U
 #
 0
 w e
 | @
 , 8
 <
 0
 U
 0
 0
 U
 0 I
 U
 B 0 @ 0 >
 <
 :
 8 h t t p : / / r e p o s i t o r y . s e c o m t r u s t . n e t / S C - R o o t 2 / S C R o o t 2 C R L . c r l 0 R
 U
  
 K 0 I 0 G
 *
 d
 0 9 0 7
 +
 + h t t p s : / / r e p o s i t o r y . s e c o m t r u s t . n e t / S C - R o o t 2 / 0 @
 +
 4 0 2 0 0
 +
 0
 $ h t t p : / / s c r o o t c a 2 . o c s p . s e c o m t r u s t . n e t 0
 *
 H
 U
 ,
 Y
 2
 .
 !
 !
 Q o
 Q
 e
 ~
 l
 [ -
 c u 3
 %
 X e
 G
 d `
 {
 E
 y
 e u c H
 7 "
 Q
 \ 9 $ C
 6
 \
 & z 3 q 8 * i
 I
 e .
 t j

10.0.2.15:50831 -> 133.42.52.24:443 A
133.42.52.24:443 -> 10.0.2.15:50831 AP

 +
 h v N
  
 B
 M
 , H W @
 R
 ?
 I
 \
 R
 Z
 X 5
 ^
 Z
 :
 n 0
 l
 6
 h
 b '
  
 v p
 o P
 M #
 { \
 \ h
 h
 )
 *
 Z
 ^
 f
 .
 M
 p
 g
 M
 I
 A
 F
 \
 # q
 4
 S
 K
 y
 3 % N C
 \
 ^
 5
 a
 {
 & 9
 _ u
 %
 I $ | w E
 s
 ; u U
 k V
 Q B Y
 ?
 8 -
 P
 {
 ( ) 5
 4 w W } g
 2
 !
 i R
 b C &
 C
 + Y
 ^
 b
 ! X
 {
 z
 w W
 d
 # w
 .
 i
 r
 ~
 ,
 ] 5
 D
 X 2
 X 5 `
 $ R
 J
 X u
 8
 "
 =
 _
 ]
 v
 %
 N !
 ^ L
 G ^
 ~
 M u
 i
 '
 "
 a
 n
 -
 `
 z
 ?
 u

10.0.2.15:50831 -> 133.42.52.24:443 AP

 F
 B A
 `
 C R
 >
 L
 w K }
 /
 g
 v
 + -
 ?
 > d E u
 %
 Y A
 i
 n
 h
 H
 Y e l
 ( R i D ]
 T d q
 R 8 q
 2
 K | 8 8 8 p
 R
 /
 5 7 f

133.42.52.24:443 -> 10.0.2.15:50831 A
133.42.52.24:443 -> 10.0.2.15:50831 AP

  
 8
 ( C
 | y
 \
 D
 @ p Z Z
 )
 e s
 ` O
 _
 M l o
 H A
 . t *
 0 =
 j
 {
 @
 m c
 % l
 $
 3
 1 } S D
 ( )
 "
 l
 - h
 F
 5 ( D
 5
 G ! I 5 " t
 l f
 (
 |
 d = F
 `
 H
 7
 4
 K
 (
 R
 s
 z
 5
 { m
 E
 U z
 H
 '
 5
 ( w
 $
 E
 V
 h
 e
 N _ q
 c W
 9 ? ; T t
 ' _

10.0.2.15:50831 -> 133.42.52.24:443 AP

 * R i D ]
 a
 e l
 D
 k
 !
 Q
 6 !
 S ,
 %
 `
 *
 T )
 a
 W =
 H
 n
  
 +
 ~
 - 0
 ( s
 n
 0
 z
 p
 A
 $
 3
 e
 ;
 Z s 5 2
 3
 j R Y
 N i
 f
 s
 = -
 R
 M
 j
 >
 |
 = F p r g
 p 1
 n
 { f
 +
 E
 x
 w 1
 ?
 l
 9
 _ L e -
 2 <
 c
 y .
 a
 5 8
 |
 T C o
   k } @
 & ]
 Q C
 < i
 D
 ;
 ; [ S y
133.42.52.24:443 -> 10.0.2.15:50831 A
133.42.52.24:443 -> 10.0.2.15:50831 A

 w
 $
 E
 h E
 | %
 U
 7
 C
 ~
 @
 t
 6
 .
 b ! X >
 [ m V + g
 V z
 v
 r
 $
 ;
 d }
 e
 &
 *
 Q { x V
 ]
 P
 4
 .
 f
 w c {
 q
 / C "
 '
 9 -
 b
 H
 [
 {
 M
 \
 y
 X
 "
 c
 $ F
 ] |
 2
 )
 F \ H
 T J
 y
 o
 c
 H
 z
 3
 ]
 ; l
 d
 r `
 I x y B
 K
 * . E
 @
 @
 w
 $
 E
 1
 t
 G { m |
  
 S
 \   `
 K
 ,
 ; > \
 @
 < h e
 ]
 x
 }
 V
 _ ] v
 )
 e
 {
 Z
 J 0
 R
 n
  
 b
 s c G
 q h k
 R
 Q Z
 H
 { [ &
 &
 A
 R
 H
 z m
 F K <
 : e
 E
 w Y
 w o
 J
 F P
 U $
 ?
 n + R
 z
 6
 }
 6
 9
 Y 4 F o q I
 M
 N
 ; x Z
 $ h
 )
 7
 ^
 {
 I
 * V
 2
 D
 >
 2
 7
 Q
 {
 4 a A (
 |
 ` M
 C n
 A .
 k
  
 U
 D X
 h z
 W
 u
 y
 P
 z c
 K
 f V
 4
 A
 ? K
 < v
 5 E
 8
 -
 z   "
 4 + E m
 d
 4
 O
 g
 X 1 f [
 h
 t
 p
 D K
 E
 R X
 ?
 > c ;
 k
 g
 9 V ; G
 Z } , K j !
 q u #
 v
 : 3 < C
 > 4 z
 y
 g
 l z
 X
 '
 P
 a @ |
 3 >
 S
 2 g
 g
 6 e b
 R
 h Q
 g
 u
 `
 5
 )
 `
 a
 G
 7
 '
 D
 ] . Z
 R T
 x p
 Q
 ~
 I 7
 1 <
 n
 m
 6
 {
 y t
 {
 y !
 ?
 X
 : = f Q
 s 2
 ( 3 X
 < v
 n ` \
 (
 w
 \
 n &
 8
 Y
 n
 y
 n ^
 b y
 U
 g o \ C
 s
 5
 '
 o =
 )
 }
 : X
 + 6
 I
 C
 z
 ,
 ~ .
 ;
 G
 X E K
 `
   p
 o
 m ~ F >
 w 9 /
 = K
 5 +
 c
 {
 E
 a
 i
 j
 U -
 ^
 *
 c
 R 8
 D B
 _
 m
 H %
 R
 _ '
 n i
 C h
 0
 <
 a
 e
 H N B
 [
 O
 f 0 c
 N
 a
 w
 M
 O
 J
 v
 p
 l Z
 A
 G f
 p
 v
 r
 m
 S
 \ U s
 ~
 ` ~
 D Q
 s L
 6
 B
 ? v H
 X O
 1
 ,  
 b & W
 .
 +
 $
 S
 q

133.42.52.24:443 -> 10.0.2.15:50831 A
 d { P s
 l
 1 :
 K t
 }
 : z
 k
 h
 F !
 o * k V w
 "
 s
 U
 u
 M
 |
 R
 :
 _ 8
 $ d C k
 W
 e
 L w 0 < v
 0
 m
 k
 1
 J
 9
 z
 c q
 Y
 ~
 ,
 [
 8 t t
 m
 u $
 _
 / b
 % W
 "
 # e
 k
 ' B
 * 1 \ I e
 D
 .
 o D
 z
 m
 c
 #
 g
 w U c
 m
 T 9 4
 P
 G
 ;   7 V
 J -
 ( w
 `
 p
 &
 $
 e
 =
 z
 T (
 c h
 y
 j
 1 ) 7
 . G   N
 F _
 ^
 ,
 [ ; "
 | >
 d
 O
 O
 K
 #
 . 0
 3
 ( O P
 +
 $ _
 *
 *
 1
 (
 M 7 ,
 R
 K
 j
 a
 0
 d : c
 $
 K
 |
 V 1
 c
 + i 4
 f
 F ] . <
 I
 A v
 > :
 w
 i 5 Q
 z
 N q >
 z
 X O 9
 |
 ?
 J
 7 0
 t
 @
 _ U | @
 * z
 ~
 b 5 /
 G
 G
 z { X
 K
 {
 ] s K
 ?
 _ +
 &
 O
 B
 6
 y
 X
 )   G
 ,
 ` m j \
 < S
 @ L
 ` }
 5
 b
 5
 I
 ! Q
 2
 y
 . (
 f
 _ W
 U e u
 F
 ( B
 9 s
 a
 ;
 i
 8
 V
 t "
 \
 t y )
 @ K \
 9 $
 [
 !
 $ E
 x
 9 {
 M
 h
 y
 P
 x v
 w
 m W r
 6 P
 V b o
 M
 p G
 < W ? v
 ^
 U
 4
 @
 s |
 R
 Y
 ? * b
 q ^ = B n l
 \
 a P
 \
 I l
 X
 #
 I *
 \ Z
 ] 0
 a V d
 k
 s 8 8
 Z
 "
 A
 y T
 s
 m
 { } m
 | ~ T
 Y w
 F
 d
 w b
 W
 ^
 )
 1 `
 w
 9
 Y W b
 ? E 9
 _
 i
 X e 6
 C y &
 8
 T h
 I
 3
 c
 :
 5
 u - r H j r
 w
 ~
 ^
 S q
 `
 & [
 ~
 F
 r }
 h >
 G V
 T u
 6 5 A Y
 y
 O
 F
 $
 q %
 *
 j
 %
 0
 M
 \ 8
 /
 }
 r P M
 O q 1 0 _
 ~ x <
 {
 3
 X F
 '
 u
 o
 :
 5
 N c M
 8
 {
 K |
 e
 3
 ,
 M \
 7
 = u i
 Z B
 S
 p 9
 D
 [
 L
 I #
 c
 w
 + e w
 c
 8
 ,
 B
 H
 2 O
 | `
 C
 ' *
 ~ |
 A
 # x Y
 W
 B
 8
 } &
 m
 S u
 9 v )
 Y
 J ;
 Y \
 F
 H
 E
 ^
 A
 3
 K
 Z
 M
 S
 0 ' b
 Z } _ " g
 @ G
 x 7
 s m `
 u
 v I b V _
 H
 q
 _
 + I
 k U c y
 w
 } K ]
 4
 y 0
 |
 h
10.0.2.15:50831 -> 133.42.52.24:443 A
133.42.52.24:443 -> 10.0.2.15:50831 A

 w
 _ 0 f
 . G
 J
 w
 y \ 3
 5 q
 &
 ~ ,
 J
 ]
 t
 @
 8
 ~ , # ~ < ^ 9
 $
 U M
 ?
 V T
 m
 F
 + ` 8 1 ` f
 `
 #
 %
 < S *
 R
 -
 a
 6
 ; y
 } T
 y y k f .
 C k
 4
 V
 R
 H
 ;
 <
 o
 L
 S 2 F ^
 I
 I
 n
 %
 S
 % s
 2
 $
 ! c 9
 I
 q
 q
 ) y T k
 ^
 r L
 +
 .
 " Y
 U
 e
 (
 `
 C T
 Z
 y [
 a *
 D = Y
 p (
 ] o $
 5
 s   } x : =
 %
 .
 Y
 R
   4
 K `
 { f
 c
 U m A
 t
 F
 T '
 v o
 T X
 , 9 R
 '
 - { s
 a
 Y g 5
 % ( <
 m
 8 >
 \
 E
 E
  
 _
 m
 1 ^
 R
 ! :
 &
 g
 O @ 8
 N
 T
 J
 x c
 :
 /
 P
 R
 .
 @
 B d
 > u l
 ;
 X
 u <
 b
 (
 ?
 q
 O
 X
 r z
 L
 =
 < E
 ]
 X
 ~ !
 8 Q
 !
 A
 T
 + w
 [ & R
 }
 k
 % 1 $
 i
 a
 R
 k
 {
 y
 {
 E
 )
 F V
 ` u A
 > ]
 r > p
 = 8
 r E
 '
 R
 .
 v B Z
 A c
  
 )
 @
 ) c *
 I
 a
 " j
 O
 ;
 @ "
 F
 k
 ?
 f
 ~
 g
 t F N
 M l ; 3
 Z
 1
 v
 , w "
 /
 ~ S
 O g
  
 : N
 5
 8
 )
 #
 D 1
 (
 <
 t
 ^
 L ]
 i
 2
 0
 I )
 I
 P X f M
 i
 3 { h
 {
 ~
 5
 R
 Y
 Q
 B |
 t
 X
 O
 9
 k
 n
 v
 /
 W
 . # ^
 f t o b
 ~ 3 W
 ~ [
 g D
 (
 t <
 T
 c Z
 5 P
 N
 8
 m T
 >
 e
 5
 Z
 r
 N &
 " M ~ {
 E
 !
 } h
 X ' H
 >
 ?
 ?
 s
 P r
 "
 D
 "
 R
 W (
 <
 E c
 )
 t /
 a
 Z ;
 u
 N
 R
 q &
 V
 q M a f 4 (
 v
 K
 3
 d
 D
 j
 _
 !
 N
 7
 "
 # 2 G
 p m
 c
 Y
 "
 0
 x
 1
 * !
 9
 Z
 Q
 B
 C
 $
 % (
 M j
 k
 _
 f
 E
 y
 W
 ( - t ( V
 S
 )
 \
 A &
 v
 I "
 r
 \
 w
 '
 i
 y
 z
 +
 u W
 :
 /
 f I
 A
 > l
 r
 I ,
 <
 3 6
 I
 > [
 P
 X W
 i <
 m
 ^ o
 . ^ X n

133.42.52.24:443 -> 10.0.2.15:50831 AP

 m
 } f
 7
 v
 W & Q P
 J
 [
 '
 5
 L
 v
 %
 i
 @ a
 A
 V
 Z q k
 s
 k
 1 A
 7
 Z c v 4 j
 h
 *
 b }
 8
 y =
 > )
 +
 n
 N O c 8
 f
 ~ [
 ,
 &
   8
 *
 s 8 a
 P W +
 ) i < R
 b 0 D
 #
 Z n
 f
 5
 :
 k h V
 } 6
 #
 $ * {
 < v
 7
 m ^
 I !
 R
 y  
 0
 h
 E R 9 T
 R
 Z
 9 %
 "
 j 9
 !
 ^
 !
 b n 5 \ T D
 y B
 H
 | ] > N i
 X
 9
 h
 $
 z
 6 k
 h
 N
 , J
 i
 5
 K &
 L
 X
 1
 ;
 E
 K D h
 ] O
 ; [ ( 0
 {
 #
 A
 s
 9
 + l ?
 E F j
 & v
 W   Y
 |
 h
 :
 e
 :
 Y
 O $ R
 |
 ?
 r
 -
 C
 z
 L T T
 ] z
 l L
 u D ~
 x
 w ; \
 c
 V ?
 k p
 \ H
 H F } d
 F
 J 1 2
 n
 h
 A
 ~
 v
 M
 B /
 % @
 D
 Z
 u
 . , o O # o
 '
 s w
 8
 n
 h
 y
 b
 r
 T u
 q , A
 < Z a g $ _ [
 )
 @ |
 %
 F
 G ( 8
 U
 1 7
 t c
 l
 ^
 ( )
 >
 X ;
 (
 o
 W
 A
 = l
 I
 j =
 - 0
 5
 +
 /
 7 b
 O o *
 [
 c r
 e y /
 ? $
 {
 5
 Z G i
 9 8 X ;
 2
 > w
 U
 ! @
 t
 a *
 N
 X n o
 c
 { (
 u .
 h
 1
 G
 >
 A r
 A
 @ *
 =
 5
 &
 3
 5 S P 6
 " 3
 X +
 I
 ? Y &
 } l
 I
 x

10.0.2.15:50831 -> 133.42.52.24:443 A
133.42.52.24:443 -> 10.0.2.15:50831 A
 l 1 2
 k .
  
 N
 ^ 9 N C z > @
 L
 f
 3 E
 I
 %
 #
 M 7 z S
 9 q v |
 7 8
 r
 P
 `
 P
 %
 [ z
 n 4
 2
 \ ( h 6
 ?
 F L I K . |
 > D
 Q
 @
 \ x
 ?
 e
 b @
 & ^
 & U
 = b
 = }
 +
 ^
 ? J
 1
 ) b ~ s < |
 f K
 l
 ]
 t y z
 '
 c _ k
 (
 )
 e
 i
 e q k
 .
 v
 j W C _ S
 z
 <
 1 >
 ^
 0 '
 %
 b
 q X !
 | O N {
 &
 B
 H
 A m
 F < 0
 z x
 ~ #
 ;
 r
 -
 h
 '
 g ' g
 ] 8
 '
   E
 / 0
 S ]
 5
 = V
 k v
 N I
 ( ! A
 .
 @ 1 9 ?
 g
 p E
 G /
 7 D ?
 q x
 '
 H d *
 P ]  
 =
 P
 G Q
 m
 3
 O q
 J
 w
 e
 ) <
 a Y
 Z
 K y U
 c A
 p
 5
 H
 _
 0
 t
 . 7
 h
 n
 2
 W
 y
 |
 V L Y l
 r
 r
 t c
 X r :
 z
 &
 N w
 h
  
 ^ U
 * e U ~
 J
 >
 u i W 2
 U m
 ] P
 O S 2
 $ 8
 !
 c
 } F f a
 e
 V
 U
 K _
 z a
 t
 Y
 U
 1
 i
 G T
 O & $
 |
 w
 v
 n
 r 8
 u
 E
 g
 L
 2
 ( n
 L 8
  
 ) p
 V
 n Y O
 M
 z
 R
 "   . ! :
 l 3   c 4
 `
 =
 B |
 &
 `
 N 6
 /
 ,
 8
 &
 f d
 S
 7
 % S
 5
 = %
 Q T m
 ? h .
 J
 8
 # x B
 0 Z
 s } s
 B p ^
 # # \
 b
 L
 V
 q
 0 9
 } #
 Z H
 k
 | Z :   ^
 D k
 v
 O
 9
 %
 0
 E W
 `
 f
 Q @
 +
 /
 u
 ,
 /
 x ]
 Z g
 b O
 i 9
 M
 x
 2
 [ M p
 F
 z
 U
 7 R
 2
 I
 i
 M
 7 o
 @
 d
 J
 @
 i
 E ! 1
 J 7 n
 s
 t @
   ] 2
 % 4
 j
 >
 #
 )
 # t I [ u
 ; 2
 `
 V O
 E B m :
 | z
 J d
 /
 | A
 }
 , p
 u
 O 2
 1
 }
 /
 m 5
 -   d t
 { r  
 b
 J
 T
 c
 3
 C %
 !
   W ,
 4
 } {
 $
 ] p
 ?
 b
 D
 7 = }
 N n ] (
 v 0 3 F J
 D ?
 s
 u
 ; i 4
 p
 7
 P
 ' S
 d .
 _
   a
 _
 Z
 z
 ( & E
 ` 1
 T 0
 K
 A
 ; p
 $
 } <
 )
 $ m
 v
 5
 I
 t -
 b P B J V
 > ) T '
 ;
 Q ]
 ^ P
 ?
133.42.52.24:443 -> 10.0.2.15:50831 A

 ~ F
 M
 Z H ?
 }
 [
 `
 V
 w
 e
 k 2 y M
 s
 2 O
 u
 K -
 e
 7
 *
 e
 [
 .
 .
 W : }
 D W
 P
 m |
 * ' B
 v
 ~ 8
 v
 9
 T !
 V
 n 2
 M >
 L \
 w
 p t
 x < a
 g ~
 5 O r   7 z
 E y
 A
 +
 L
 M
 o W
 ` . y
 e
 % 0 a
 O
 F
 S
 H
 ] d S J f
 j `
 Y - x
 P
 X
 _ T .
 B
 ?
 9 X
 |
 -
 3
 f
 H
 k
 a d E O / R
 o
 $
 X r
 z
 Z
  
 O )
 r 7
 z
 ; 4 _
 M
 u ]
 9 p #
 &
 M
 b =
 n 6
 -
  
 T
 N
 k h
 2 0
 C
 T
 Q 2 >
 y
 6
 J
 `
 m
 [
 o 1
 | y
 w
 v g
 /
 a N 3
 -
 e S
 ^ 0
 0 x
 @
 )
 +
 F
 5
 }
 .
 S /
 G
 = i
 7
 =
 V
 :
 % +
 )
 =
 ~
 _
 '
 ?
 y
 ( 9 1 `
 $ l / !
 k
 "
 ^ K
 d
 /
 9 n
 }
 " :
 j
 %
   i #
 g 4
 3
 F
 G
 2
 ,
 B
 l 9 W
 m
 #
 q
 Y
 W
 z
 r 7
 q
 V Z
 F
 I
 i
 Z v
 I x
 /
 K
 2
 r
 `
 >
 [
 g 3 b
 @
 h % p
 _
 U
 n
 s
 /
 C
 n
 # 4
 v
 P
 C ( 6
 C
 L s { 7
   5
 :
 y m
 #
 =
 M
 t
 q
 L t
 Z
 X o D
 a
 L
 ,
 5 ~ >
 z
 n 8 ,
 | J x
 ;
 r
 s :
 M
 6
 I
 O
 c
 T
 :
 %
 T " k 7
 t
 | # / A !
 #
 @ y # #
  
 F
 x u
 ' d
 1
 ?
 1 x v 7 C w
 U
 A
 T l ] !
 v
 ]
 Z ( j x : F
 a
 =
 *
 `
 n
 c < O
 } \
 : $ J /
 E
 o
 j
 t z
 +
 c
 A k R
 P
 f
 T l
 \
 X
 7
 /
 -
 0 {
 _
 @
 0 X
 2 Y $ _
 \ g k
 [ w o
 l O
 o
 %
 w
 M
 U
 / W
 }
 y
 }
 ^ +
 ( o
 &
 $
 E
 '  
 s M
 5
 C
 B
 &
 (
 X
 "
 8
 k
 Y /
 Y
 5 s B 1
 ~
 -
 " , K
 j
 e
 B
 B
 .
 ?
 8 ~
 G
 ]
 E
 C
 i
 R Q \ s
 < q
 (
 ^
 s
 g
 '
 p
 M
 X I
 a
 ]
 9
 7 R
 A h
 H  
 - B
 )
 ; O
 d ;
 T
 v F
 &
 P K 0
 M c x d n D
 r
 |
10.0.2.15:50831 -> 133.42.52.24:443 A
133.42.52.24:443 -> 10.0.2.15:50831 A

 z #
 f
 &
 ?
 2
 R t f
 F Y
 *
 e ` `
 ' e 8
 D
 Q
 ?
 6
 ? L F w
 /
 v R 5
 F
 p t
 Y
 Y
 4 .
 @
 #
 m
 D
 E
 w
 R
 Z
 !
 9
 V
 a
 G
 k =
 R P
 w
 ? y Z
 9
 h z
 %
 ' d
 u
 E
 N
 )
 r f
 [
 5
 W
 ^
 0
 6
 6 a
 4 [
 , 6
 K
 E ;
 Y
 f Q
 T D
 7 q
 !
 M
 q
 L Y
 {
 @
 D
 0 q 0
 8
 X Z Z
 ? u
 4 U
 m @ A
 U
 4
 F
 N
 %
 6
 m
 . 0
 %
 E
 G
 |
 ? r
 !
 } '
 +
 p
 ?
 4 k
 j
 .
 ? ^
 Q 1
 M
 T
 X Q Y 0 >
 &
 ~ d
 ; O
 Q 6
 ;
 V
 J y
 o
 '
 j C
 / c
 : K
 W
 )
 :
 0
 . r k
 6
   W
 \
 -
 K
 A
 ?
 ^
 ~ {
 b
 l
 >
 ;
 * : V
 }
 R -
 _
 Z
 S k J
 x
 ' -
 $
 >
 W
 g
 . g t
 8 R
 N
 = ^
 Q H
 +
 8
 Q
 x G
 d
 /
 < w [
 s ? `
 ` $
 B
 ( =
 h
 G F
 r
 r
 M L ( U ?
 q
 f
 ~ x X
 ^ %
 Z
 }
 0
 f
 \ " h
 2
 g
 >
 |
 ,
 -
 V
 A /
 t s
 _ X
 8 Z g
 r
 u D
 ]
 l
 o [ ^ k 2 e
 :
 .
 r
 )
 1 . d
 +
 = $
 d D
 r
 I
 6 o
 G
 @ 9 U 0 t [
 -
 0
 i
 A
 2
 q
 N
 U v
 }
 B
 Z
 } R
 m
 6 w
 v +
 m
 l
 C )
 V
 6 H 9
 }
 Y < i
 1
 B
 j v
 K
 4
 )
 z q
 z * E
 + L
 M
 -
 q ! O
 7
 3
 r
 |
 f '
 / Z \ #
 _
 #
 J
 P
 ,
 _
 C v
 e
 X
 G
 I
 )
 8
 , g
 U
 3 ' .
 z
 J
 \
 | O
 # 1
 4 4 k _ ] W
 O
 P
 o
 B :
 *
 _
 ~
 ^ ]
 [
 @
 [
 L
 @
 h
 $ _ e
 x
 &
 U -
 S
 !
 X
 * o ) 7
 < O
 "
 _
 h
 / h g ~ ?
 G
 5
 !
 Z
 @ 0
 )
 e
 O 6 "
 $
 j
 2 >
 &
 e @
 '
 V
 ' 2 :
 \ d R
 7
 !
 1
 z
 -
 f ~ W
 i
 =
 Y A
 t
 B
 Z
 B
 z
 $ >
 @ q s 4

133.42.52.24:443 -> 10.0.2.15:50831 A

 ?
   _ )
 Q
 `
 s
 B
 >
 \
 6 F ?
 y
 7 \ d T
 F
 L
 -
 T
 (
 A [
 e e
 } =
 N u G
 _ G
 D
 " ;
 %
 w
 4
 2 D
 Y
 r
 H "
 l
 ( # O
 Q e D @ e h t
  
 [ 7 > E
 7
 .
 n
 ' g i s
 % j w
 t
 e <
 } O O
 | _ +
 c
 .
 %
 k -
 J e
 8 ^
 ^
 )
 N l
 #
 >
 ! B L
 [
 b
 w
 m 6
 h
 <
 u G
 m %
 }
 4
 - b
 k
 A '
 & v
 <
 - z
 o y U
 e
 C
 [
 Y L
 b }
 "
 _ I
 . F r
 S
 1
 # % ;
 K
 Z 9
 "
 B
 G O S
 [ +
 4
 ) 4
 @ B
 s
 x T
 @ A }
 x
 T
 w
 Q
 n e
 &
 w
 > $
 $ +
 ,
 !
 _
 j
 t h
 \
 .
 5
 }
 b
 y
 F
 1 *
 i
 R
 5
 ^ g
 t
 m
 F
 D
 p
 K
 z
 C ]
 ]
 b
 M F
 N 3
 c
 ' R M
 >
 V
 Y
 '
 R | x
 Z
 7 :
 Q
 7
 ^
 e K
 U
 H
 Z u
 I
 @
 A (
 ; T
 s
 P
 c p
 + i
 x 8 o
 7
 >
 d
 L
 3 O
 * & A |
 V
 H o
 C A
 u
 {
 V ? ] V
 n
 @ F
 ? O
 t $
 z
 N
 B
 \ y
 ! O A
 ]
 1 ~ 4 y
 8
 v $
 s
 w y
 K +
 ` r -
 q
 :
 l
 p
 k
 J
 o
 h #
 X a i
 ~
 # ' E
 [ v m a
 6
 r
 ! .
 5
 t
 { \
 C
 ] N
 O
 U 7 W
 d
 R
 ! "
 = ]
 N
 T
 X
 I
 :
 V
 W
 1 $
 5 '
 / {
 ^ )
 W b A ; C
 -
 w
 2
 }
 e
 2
 C _
 C
 : C
 K
  
 b
 -
 7
 @
 %
 E
 `
 T U {
 s q
 C
 ]
 i *
 7
 2   ~ M
 5
 [
 8
 }
 \ C   Y b 7
 ^
   = R :
 3 i
 ^
 r Y J
 s a
 '
 q + =
 [
 6 , 2 O s
 )
 0
 r
 O
 X I
 w
 4
 ) [
 B
 G 7
 K
 l K
 y
 P 5   '
 ? S
 V
 8
 X J
 b
 H M [
 F
 u
 '
 C p Q
 &
 ^
 } t v G
 d H
 S x
 k
 ` B
 W
 W
 3
 7 ^
 .
 $
 i
 T
 b R +
 G
 E
 `
 .
 n
 F x
 q
 ' v
 0 C
 } > x -
 ]
 -
 J G
 } !
 z
 e 4
 H U x
 A
 n E
 O `
 S
 2
 O
 j
 x
 m
 | ;
 t y
 2 =
 &
 $
 6
 Q ~
 C 8 [

10.0.2.15:50831 -> 133.42.52.24:443 A
133.42.52.24:443 -> 10.0.2.15:50831 A
 N
 ! M &
 !
 ! z
 p h
 p
 )
 4
 E
 8 9
 @ ~
 ! W x
 !
 !
 t n
 L
 F
 Y
 #
 `
 L
 @ 4
 X }
   1
 7 !
 A
 V
 ?
 l
 r ,
 U +
 A
 `
 h
 r
 L
 6
 , h O l
 _
  
 a
 ? y D
 Z
 .
 G o
 A
 e
 p
 v
 <
 >
 w U
 L ]
 J
 +
 y
 4
 0
 Y S
 s
 _ (
 7
 8
 @ P
 [ ~
 <
 @
 x
 p
 8 M !
 . :
 - E
 m
 0 x B \
 Q 7
 F
 i (
 d
 3 ;
 A
 U c
 a V
 w
 E T
 ` <
 y
 4
 u
 0
 i c   6 b
 N 3 N
 f
 i d
 6 #
 \
 m ?
 I K
 ] R
 Y
 V 6
 &
 h 7
 b i 8
 \ " c K
 \ c
 i
 Q   i
 8
 [ C j
 x
 j
 O w
 r
 O
 ` l a
 U
 6 C
 @ V r h
 {
 }
 "
 L
 5 ~ r
 k
 w V
 / a
 |
 ^ ;
 f N 5
 9
 l _ % F
 & f
 ! 2 :
 : k
 o
 l
 5
 1
 F
 ;
 E S S
 ~ k  
 D 2
 D L
 1
 /
 5
 u
 t
 J
 U 4 J
 Z
 v
 w
 a
 o ! ] Q
 K
 E _ a
 v J
 V J
 v
 9
 m
 g F 8
 $
 4 o ;
 I
 w
 7
 s p
 r
 )
 n A
 U
 8
 v n
 k
 U
 :
 ~ h
 < '
 m v z
 ) X ? l _
 H
 (
 0
 ^
 j % 8 t
 h
 w
 z
 T \ f w
 X
 ?
 ] r
 e O ` y @ f
 N D ?
 6
 (
 ,
 j
 P
 5   r T H
 \
 <
 Q
 b
 F "
 a t
 ,
 x ,
 S
 { %  
 *
 T ` i }
 c
 ' A
 x
 {
 O
 / 0
 0
 H
 o Q
 q
 N 5
 M
 x
 7
 L
 j
 I s
 n
 c
 Z
 "
 j
 u {
 !
 >
 q A
 x
 G
 ?
 }
 k l
 @
 +
 $ P 5 "
 V
 .  
 $
 n
 F :
 (
 K *
 V
 J E Q
 2
 )
 h ` E
 {
 { l
 o
 ] z
 ~
 [
 W
 #
 R K
 P
 G
 J
 1 B 1
 (
 W
 k
 ) p
 0 .
 ~ ~
 i
  
 Z z
 E n t B D
   [
 E
 i
 u W
 " g
 G S 1 ,
 P
 H
 `
 :
 I
 M
 q
 `
 2
 -
 ~
 P
 8
 * w
 r
 s L
 v
 r
 y o d e
 /
 (
 [ u n
 )
 Z
 8
 i o
 ? (
 7
 C
 ^
 r u o
 \
 g
 a
 V
 X R
 6
 P 7
 F
 V
 }
 @
 { u
 o
 2
 k
 G
 B
 g
 8
 = l
 z
 p I
 Z `
 w " H s
 [ G

133.42.52.24:443 -> 10.0.2.15:50831 AP

 D
 V
 Y
 !
 0
 p
 A X
 n
 |
 k
 @
 d
 = & { x
 J h
 s
 ;
 v
 + q
  
 -
 1
 S
 I
 q o :
 w 9
 *
 o
 M
 A
 $
 =
 K
   q 7 O p
 2 q w ( ;
 l
 ;
 3 q
 !
 b
 T h
  
 T
 ] '
 8
 B
 G
 j n
 )
 m
 <
 M
 : d =
 0
 ~
 }
 1 p
 "
 Q
 )
 (
 &
 ^ [
 1
 s
 W
 =
 \ "
 - J
 d /
 ` m ? |
 X -
 ( s
 -
 w
 %
 ;
 & 9 8
 K n
 x
 M 7
 <
 Y Z
 ?
 t
 E
 [
 >
 $ @ ] =
 K
 R 6 z e
 4   2 s
 \ ~ S
 F
 /
 e
 J
 .
 r
 A E i
 y } Y
 /
 R @ P
 % }
 " U
 ,
 j
 q ~ +
 ,
 } - 5
 J
 \
 V
 N
 L
 >
 ` c
 .
 z
 j
 /
 %
 |
 e
 8
 - V
 ' { m q m f
 {
 ,
 &
 f
 (
 Q Y
 0 -
 h e
 O \
 9 v ,
 X
 `
 z
 ,
 t
 W
 Y
 _
 ?
 (   N
 d o
 1
 u
 R
 k
 2 }
 [ Z ^ @
 r
 V
 N ) H = a 3
 4
 6
 +
 '
 ] V
 g
 g
 r
 |
 F
 ( 0

10.0.2.15:50831 -> 133.42.52.24:443 A
133.42.52.24:443 -> 10.0.2.15:50831 A

 ~
 r B
 v
 H
 e { -
 z
 , = *
 Q ,
 t
 y
 g
 q Y
 _
 4
 -
 } '
 4
 ` B
 t
 K T
 O j
 B
 X N
 ;
 U
 l
 f .
 \ Q
 w
 N
 v M
 E E
 R
 f
 z
 a
 b
 g
 ! [
 C
 F
 ! o
 v < ?
 B
 *
 T
 {
 v i
 ~ q
 , \
 &
 S
 7
 %
 N
 p
 z
 T
 ?
 Z
 p 3
 B
 ,
 B h
 ;
 2
 n
 4
 t T 7
 E Y B
 u O )
 @ Q )
 P
 u ^
 x
 A
 5
 ;
 u
 =
 J
 W =
 %
 9
 x ' i
 * + )
 ! t
 r S M 5 n
 %
 X
 C
 3
 O
 K
 M
 \ x
 ) ;
 Z
 H 8
 $
 V & ~
 m 1 3
 ( c
 1
 a
 E Q
 l
 /
 %
 -
 3 N
 G
 5
 G
 f y ~
 V K T
 Z { n A
 I
 ?
 7
 5 s
 e
 A
 x 4
   H
 D
 {
 c
 M
 '
 l A
 .
 ~
 7 c
 = n
 w S \
 "
 ` <
 "
 z 5
 _
 p p
 J r o
 e h
 G
 v
 & o
 d
 $
 m
 )
 f l
 o
 E Q
 '
 +
 U
 N
 ^
 ~ _
 J
 0
 M
 V
 e
 G
 Y
 E L
 ;
 D 4
 F
 s
 }
 >
 *
 s
 t
 H {
 @ S
 /
 |
 ?
 @ b q
 =
 J =
 ^
 q
 _ Z
 j
 H N |
 6
 H
 M i
 `
 G w
 2
 x
 z
  
 r
 Q
 Y
 E } z
 Z W
 :
 4 >
 _
 G &
 i
 '
 (
 e
 $
 "
 c L Z S
 ^ d y &
 t
 ( T
 " _
 Q U
 k
 `
 Y " / 9 q
 5
 b
 a
 "
 L _
 a
 -
 +
 U H
 ( i
 r
 _
 ' n
 -
 !
 &
 s { 9
 B
 + \ .
 T B @
 ,
 |
 J ] O x
 w
 5
 [
 y
 6 > N 8 a
 ~
 w
 [ 9 F A ^ 4 [ 0
 '
 V
 h
 ; p z }
 T y
 \ g \ 5 U
 U
 -
 r E
 I
 B l
 X
 C p w %
 X
 ) 9 ]
 W
 4
 o
 k
 D
 ?
 z >
 "
 B
 E
 H
 .
 )
 N
 /
 g
 Q
 ~
 f W " -
 K
 f
 >
 J v
 / T
 :
 x `
 )
 G
 ;
 \ ;
 !
 0 [
 *
 G O l t m } L
 K
 + L
 y
 ?
 =
 Q l
 # A
 7
 }
 W
 S
 N l
  
 |
 T
 #
 ~ y x
 e
 E
 -
 9
 _ @
 ]
 Q
 =
 5
 ]
 =
 *
 x M
 [ }
 l '
 L
133.42.52.24:443 -> 10.0.2.15:50831 A
 T v
 Y + V
 C t
 ]
 1
 !
 "
 J
 6 b 2 ^ t + 8 2 e
 8 &
 }
 u T
 {
 m H
 Q
 .
 7
 m
 8
 -
 1  
 q
 7
 m
 0
 O
 B
 e
 Q
 3 D
 Z U
 s
 (
 b
 J
 {
   - 2 H
 -
 f
 ? r
 Z # @ f
 e
 a
 G
 U
 $
 @
 k
 E
 ^
 $
 ] 2 , =
 Z
 P 1
 0 Y
 e
 _
 7
 ~
 $
 N
 x *
 ^
 ) 8 D
 5
 *
 8 N
 G
 h
 [ t
 M
 h
 9 N
 O
 + 0 G 4
 ]
 m
 x y
 L _
 :
 V
 ; 4 . 7
 ,
 i T
 ) l ?
 P 9 "
 i
 R
 : B
 [
 t
 W
 d ]
 J
 E
 *
 E
 x
 a
 ]
 _
 1
 % H
 1 @
 + >
 d
 ) E \
 (
 0
 E ( Q `
 w C   f
 s
 Z )
 b o   4
 p f
 \ P V j
 _
 m
 h
 n
 q
 ( } N
 N n
 {
 # u
 /
 M S
 ( D
 { N x ^
 Q
 p 8 C
 \
 n
 k
 Q
 4 | 9 2 (
 @ r [
 #
 b +
 a $
 6
 >
 ;
 | Z *
 -
 .
 {
 f
 1 d p
 ]
 { N C
 |
 I
 l
 d @
 ~
 m
 1
 q < E
 I 3
 C
 a
 ) =
 L
 ( /
 g
 ]
 m
 1
 `
 Q \
 N .
 S |
 * k
 / a j
 2
 P
 >
 { !
 |
 W
 , K
 ]
 Q
 D S
 b + " h U i
 _ ] W >
 7
 T m
 6 ,
 @ x
 ~
 #
 h
 x M
 H
 v 6
 [ 1 \ {
 )
 u
 n D
 M 9 E L
 y
 i
 F D
 ; Y
 {
 D
 \ { I
 ]
 ;
 T l s G
 r
 \ C
 W
 T W E
 n
 t
 E \ * K
 z
 1
 7
 s
 0 h 3
 % l / h
 \
 9
 O
 I
 l \
 %
 u N '
 N Z K
 E
 Q
 |
 \
 F
 c V
 r
 ^
 b
 4
 &
 O
 A
 (
 d g
 c
 % z
 t
 Y
 f
 <
 2
 Y
 H
 ^
 5
 R : ( 4
 i /
 K V =
 b
 B E
 `
 * c
 E
 0
 \
 X
 L p
 p
 t
 j
 k p
 0
 ) R
 B
 !
 8 1 x
 ( O u K
 S ^ e
 G
 c I
 I }
 e .
 u
 t ] 0
 9 '
 L Z
 1 @ h
 Q
 x
 b %
 c
 T
 H
 ?
 / ] D
 w
 N
 _
 Q
 X
 G ~
 v
 '
 H
 o
 @ h # h
 l
 O
 > V
 2 c f
 (
 ! A
 O
 c
 v

10.0.2.15:50831 -> 133.42.52.24:443 A
133.42.52.24:443 -> 10.0.2.15:50831 A
 o
 b
 '
 .
 E 5
 `
 d = ;
 |
 q
 s
 8 l
 p   u
 6
 9   B w q
 X
 D
 h
 ` H
 *
 o
 P
 ( 6 S i
 ~
 = Z
 _
 "
 /
 g C C
 W
 e
 %
 j
 B R C e g
 <
 g ^
 y [
 {
 (
 P
 > d
 $
 [ {
 c K ^
 A
 w q
 6
 ,
 P @
 U
 j
 {
 0 }
 x
 2
 ,
 ;
 E f
 0
 .
 R
 5
 w &
 Z f K
 s
 c
 S
 n
 y
 3 Y ! 8 P
 \ I
 >
 Z
 W
 q
 q
 1
 &
 L ~
 ] 0
 k Y
 N >
 U p
 4
 5
 t
 R
 j -
 '
 V
 c
 !
 @
 8 G
 ;
 u
 C
 g % C
 8
 Y
 O >
 0
 2
 ; "
 ` |
 6
 b _ 2
 H
 u d
 0 Y
 _
 G
 E D z
 J
 e
 H h c
 l
 V V
 O
 f 8 > Z
 9
 !
 r !
 N
 ? O
 T
 8
 $ -
 r
 M
 2
 ;
 C
 * A
 Q
 4
 I
 : ( z c
 )
 I W B 3
 Z
 h
 R a , 6
 E
 `
 #
 8
 c
 x
 o
 I
 _ z
 +
 ) p  
 / 1 t
 ` ;
 9
 @
 l ] ,
 f
 " 6
 Z O
 W
 M
 7 = g
 l W
 K
 6 3
 ^
 1
 i
 $ :
 D =
 J E ;
 [ >
 L 1
 Q
 8 B
 .
 D
 l
 h C
 H
 P >
 :
 R
 % 2
 q E ' a
 i
 >
 [ ! ! M
 Z ? +
 (
 )
 5 A a
 f
 >
 a
 F
 w U
 :
 m
 u
  
 E
 . ^
 k T
 @
 w
 $
 E
 M
 % , p
 8
 9 _
 7
 w D
 c { m J
 -
 , $ = 3 : x
 \ t 0 '
 j
 Z ? ]
 B -
 #
 ~
 /
 * A F ]
 a 8 ?
 ( ? g * K c 4 d
 h
 A $
 A
 g
 C
 O
 3
 m q
 H C
 Z
 +
 q T
 [ I
 =
 f X
 z w
 '
 F r
 q =
 o
 7 7 J
 L h H 2
 U p r Z
 W
 + H
 a
 { E ^
 6
 j
 a f &
 O l V
 u
 +
 Z L
 j
 ` k H
 3
 W
 3
  
 - ? <
 < $ u
 : w
 !
 < r
   R L
 3 ;
 Z
 `
 k
 H
 f L
 y J
 F { g
 !
 h =
 R
 B
 h
 r 5 %
 % C D
 U
 ' .
 >
 (
 # 3 L
 d g
 h , + (
 (
 c
 8
 x K 5 [
 ; ,
 `
 c 4
 a q
 W
 6 ?
 3
 [ %
 + \ O
 s
 Q k m
 b <
 x
 " l v
 Y
 "
 8
 9
 2
 ! % =
 a
 Z
 \
 c * $
 .
 H
 e R
 w a U
 { ' 7
 } t
 ) l
 d
 0
 5

133.42.52.24:443 -> 10.0.2.15:50831 A

 n _ q
 y ^ " r
 s
 . V
 V W
 h
 _ F n m V
 j
 A :
 :
 {
 U
 g
 T L + q # 6 f N @
 @ h
 6 M +
 N
 c
 g
 0 T 7
 3 ,
 x R
 3
 P
 M
 !
 ]
 1
 i
 ) ]
 Q
 `
 | S
 n
 X
 X t
 M
 d
 3 = 3
 '
 / L k U ]
 a
 f
 2
 Q
 6
 I
 s
 / f _
 {
 /
 7
 } b (
 @ b
 \ c
 E
 {
 0 S j
 ]
 D p
 :
 ?
 A
 _ Q
 b G r
 X
   D
 ^
 + ,
 Q R N
 h f T
 Z
 .
 m
 V
 |
  
 S O x
 c ( .
 0
 ~
 z
 A
 s
 b
 @
 0 `
 x w
 j { X
 # N *
 x
 >
 + u < :
 G
 F
 :
 N
 \
 ] o a P 5
 `
 . 5
 <
 R
 I
 6
 U Z R
 % H N
 1 "
 ?
 t
 b n S 0 e p " O
 ` V
 !
 3
 G
 $
 {
 t
 : 6
 4 N
 0 "
 i
 C
 A 5
 @
 D
 N g V
 Z
 r 6
 B
 4
 A i b
  
 P
 g y
 e d
 R
 w
 i
 t
 7
 z
 N 4
 T J
 ]
 2 j
 _
 U
 !
 &
 M w (
 $ {
 j
 7 o
 {
 d S
 .
 O ;
 = I %
 U
 .
 1 i
 E 7
  
 J W l h
 i
 |
 e '
 m z r
 D
 * x Z
 B
  
 \
 A 5
 }
 8
 $
 i !
 T
 2 +
 E
 y 7 e
 s
 \
 a
 E
 c , ` _ ! . ' K 0
 ! "
 n
 #
 l 2
 1
 m " a
 X U K
 I
 = l
 E
 & d
   9
 D
 w
 d
 O
 2
 ^
 a F
 } L
 W o =
 .
 } * +
 W
 E
 2 1
 t
 m
 y
 Q
 5 '
 V
 I
 X ! b
 ] ^ k
 !
 -
 T
 O
 ?
 4
 F H D
 # S i
 E
 5 6
 =
 b
 !
 ; #
 {
 B
 6
 V %
 : )
 ^
 Q
 :
 8 >
 _
 ;
 ~
 j V 4
 O
 u
 ] { g [ ; +
 a
 i
 R
 p
 r
 M 0 Z +
 * )
 {
 f
 '
 3
 ;
 `
 ^
 Z
 b
 Z &
 %
 9 N
 } Q
 a
 p
 7 `
 w -
 7
 9 g , P _
 V
 K s x } {
 `
 (
 Z "
 @ A h
 t T
 k
 8
 = D l , S
 u
 4 +
 m e
 ~ H
 o Q
 )
 *
 $
 1 e x [
 @
 g
 S / '
 l
 [ \ ^
 4
 k
 1
 W
 t ]
 !
  
 o %
 ) L /
 Z y k
 P
 #
 9 D
 > T -
 0 A
 w
 4
10.0.2.15:50831 -> 133.42.52.24:443 A
133.42.52.24:443 -> 10.0.2.15:50831 A

 / p H b
 W
 )
 2 ;
 \
 E o j
 ~
 L
 7 `
 n j > 8
 0
 b s l
 |  
 F
 1
 7
 - '
 [ r O !
 2
 c
 C
 x
 y
 / ) S ;
 W > 6
 i
 !
 e
 B
 a I 7 [
 k
 2
 =
 T
 Z
 ; ! <
 s
 W 9
 * N
 p
 , U
 p
 ]
 K
 s
 C |
 %
 U !
 4  
 F N
 #
 q
 C $
 3
 0 Y
 A
 9
 %
 % t v Z
 Y
  
 )
 = T
 }
 >
 q H P
 x 8
 y
 U
 v *
 l ~
 H
 n } t
 K
 2 .
 t
 n
 h r
 0
 r
 @ y
 3 d g O
 ]
 ^
 !
 A
 4 O
 X
 K R
 z v
 `
 K
 0
 "
 s
 \
 E f
 7
 . B a
 `
 p : # Y
 H
 \ U X U
 e
 a
 d
 A
 ; E
 F
 H .
 *
 V ( Q
 >
 m
 q
 #
 \ f E Z
   [ ? k 8
 W
 ; > n
 E
 `
 G
 e
 8
 V
 q ' i y
 6 4
 C _ ;
 c
 9
 ]
 t f }
 =
 G
 A
 &
 1 8
 *
 -
 X
 q
 *
 v Y
 J
 E
 " 6
 $
 y
 F l
 C e 5
 t
 [
 1 %
 \
  
 9 P
 =
 > @ >
 {
 & a
 i 1
 a
 S
 ]
 4
 "
 `
 % \
 y q | z
 H w
 *
 u
 .
 /
 , j (
 %
 u
 6 Y
 #
 r ,
 Y
 s |
 "
 _
 .
 r
 =
 b
 ,
 S s
 Y
 z
 - w  
 t
 H
 a
 U
 B
 K
 b ^
 >
 a $ q
 ^
 g
 U
 Q .
 U
 \
 f
 @
 |
 } { .
 {
 k d p
 2
 @ 6 o e
 >
 B
 l < U h k
 / Z 7
 2 (
 A
 i
 # Z
 A
 $
 i
 h -
 1
 y W 8 F u
 q " w
 w V
 [ F
 f 8
 N m
 U
 { \ S
 }
 b
 B >
 *
 I
 4
 L
 8
 x
 <
 R
 g
 r L
 C
 1
 C = 2
 ]
 _ z ;
 !
 @ S ~
 S x
 l F |
 A /
 Z ?
 e B
 N
 |
 d
 } V 6
 q ?
 2 Y
 6
 ;
 9
 n V V
 7 { v
 k
 ; q
 ,
 \
 o
 F
 t
 ]
 E J
 u
  
 N | I G
 \
 e 5
 n
 |
 `
 4 N
 c
 { D w w X
 _ u
 p
 f J
 c \
 o
 e z
 I F
 ! ^
 .
 R M \
 ? h u
 I
 K Z - j r d G 7 m
 6
 v
 %
 s
 % X ;
 Y
 6
 L
 + - j
 >
 $ '
 { _
 I
 *
 5
 A
 F 4 !
 $
 ' 6 ]
 b
 = 6 * Z l
 ] U A @
 [
 W
 M
 +
 p
 o
 < M a
 7 l
133.42.52.24:443 -> 10.0.2.15:50831 A
 _ y
 /
 B
 n
 n
 =
 u W
 z
 S
 &
 i
 N a
 { D
 $ C G -
 m
 2
 B
 ` _
 ^
 [
 "  
 ` X 4
 A
 o
 W g s *
 H
 Z d
 z
 _ X } m
 ( j
 5
 ^ p
 "
 h F
 J k +
 `
 i
 (
 O {
 $
 N Q B
 >
 e
 K
 v
 J
 > ` B U
 #
 Y Q
 R t G
 J
 >
 > 9
 3
 q
 `
 `
 5
 }
 -
 a z
 % A
  
 }
 z
 S
 b k
 1
  
 (
 r
 Q
 >
 [
 o
 1
 >
 o [
 H s
 , 1
 f ; :
 q -
 )
 m
 ] # h $ N
 = g j r
 +
 L 5
 t r
 = ?
 n j
 I
 C
 4 (
 r
 9
 : D n
 $
 7
 {
 m v v R c
 ?
 -
 _ l M ]
 e ( 7 h
 V g
 ,
 l ; _
 6
 ]
 / 5
 b  
 @
 ?
 ?
 : {
 d
 ^
 ?
 ?
 =
 ` <
 J
 h K ;
 w ]
  
 1
 * o
 o 2 t
 n F
 p
 _
 r
 &
 %
 X + 9 T
 -
 3
 v
 G 8
 C
 M C c
 ) "
 a
 R
 p z ,
 , # f
 } @ 9
 k T
 q
  
 &
 &
 f
 z
 _ .
 K
 i
 u
 s
 b
 k
 i q K v
 Y
 S
 f ^ D
 O
 P [
 C
 =
 | [
 R }
 0
 m *
 @
 ( ~ .
 j
 J K
 }
 B
 X
 [ H
 n {
 f
 E
 w
 M u
 t
 T
 F [
 O
 Z 0 J
 #
 d U
 " ]
 `
 V
 &
 U
 9
 R $
 0 a N
 Q
 4 P
 V
 f
 V <
 E
 S
 a
 _
 L
 \ a
 I q
 (
 )
 +
 p
 @ X
 ?
 b
 ) O
 | ~
 h
 3 O d h
 c
 )
 3
 E
 a
 . Z
 Q
 >
 l 1
 | 0
 ( ;
 n
 Y M
 f
 7 I
 I
 a Y
 "
 7
 h
 _ m - A
 X
 }
 [
 T * {
 ,
 E
 D A N
 l
 2
 w d
 ! p
 3 l
 /
 7
 W
 c
 C {
 l
 2
 g
 K
 }
 { X }
 (
 ] b
 ` [
 U
 ' \
 <
  
 c
   `
 U T
 $
 ; &
 ! ^
 u
 C
  
 !
 9 (
 C n
 5
 [ Z c
  
 H V
 x
 /
 b
 x
 ]
 }
 y >
 K
 n
 j
 o
 a
 p
 e D
 <
 Q Z
 *
 {
 } '
 {
 V R \ ' F
 T
 h
 \
 z R
 2
 A
 < O
 U -
 H
 K
 t
 A
 a "

10.0.2.15:50831 -> 133.42.52.24:443 A
133.42.52.24:443 -> 10.0.2.15:50831 A

 R Q
 +
 N 1 _ (
 q F
 U i
 H T
 A
 = $
 n
 u '
 V f
 l l
 ~ W 1
 n &
 *
 -
 |
 {
 ?
 X X
 H
 L
 U
 J
 [
 D j e Z z
 ,
 S U $ y B
 $
 {
 [
 t
 Q
 X
 A
  
 j
 j
 R a
 Z
 '
 6
 ( 5
 _ s j
 r O
 % > $ 9
 t
 % $ " N
 w
 e l
 x
 [
 m
 / 4 Q
 R
 P
 k
 )
 U
 i
 Y k
 2
 G M
 5
 4 u >
 9
 f $ B A
 ; s
 u
 U 6 *
 + `
 X g
 0
 #
 $
 ; Q
 / W
 {
 ]
 i ]
 U
 f
 G :
 e "
 ! 2
 3
  
 ( : 0 F   H
 2
 ?
 8 [ L
 G
 <
 g
 z w & \ K
 >
 &
 c
 w
 | [ p
 1 S
 }
 | [ G f " e c
  
 r
 b
 Z
 3
 ? ^
 n
 e
 o ` z u I
 1
 p o
 -
 < P =
 o
 * d
 j x
 7 ` H B
 2
 ]
 y
 o
 g
 /
 P
 V J
 m &
 )
 '
 L
 8
 F
 G
 c u
 N
 x 2 v
 y
 ;
 * B , p
 R
 x B O
 0 a N U
 $ ^
 * , Q
 g 6
 v
 ! F Z % B
 T E I
 6
 d * Y 5
 ? S
 $ E }
 Q x
 >
 j \
 Y =
 t
 d
 ; -
 :
 :
 | j t
 4 e
  
 S 0
 ~ ^
 % |
 4 c 6
 6
 g b t n
 `
 { ^ / ; 6
 c
 u
 d Q
 + u
 s
 #
 W
 b
 x
 q
 z c
 ^ k
 Z
 I
 %
 F
 `
 y
 A
 Q
 r
 X
 $ ! n
  
 B ( 5
 y - o
 ! z
 ! ~ Z
 B l ' q
 w
 ( c K )
 f F E
 N
 D
 ( '
 \
 o
 4
 y y 0 2
 D j
 s
 g E
 d
 n
 _ Z
 x
 W
 J
 q 0 7
 *
 ` L 4 T
 d
 ; " H
 R H
 Y ' :
 ; g $
 9
 }
 6
 $ : q %
 *
 ] Y
 7
 2 T ?
 + E
 U l v
 5
 l t
 U
 o G
 f $
 }
 L
 5
 I @
 P J
 6
 X 7 w
 +
 ]
 8
 O B #
 4 . | a x 0
 c
 b
 P R
 =
 P
 8 F
 :
 > `
 . &
 F c
 , <
 l
 t d
 b C
 ' ` G
 U M
 0 P
 ; /
 5
 O
 |
 ~
 C
 O
 g R S +
 ' {
 s
 [ 2 o
 Q
 M 9
 l
 a .
  
 I
 | '
 a
 b X
 <
 ~ %
 =
 d
 D P
 ' 9
 Z
 D n
 8
 I : T
 s
 '
 P
 = +
 N
 #
 ;
 A r
 R S
 Y

133.42.52.24:443 -> 10.0.2.15:50831 AP

 h ,
 i
 e ~ !
 P 5 I
 T
 \
 `
 <
 &
 X ]
 $
 ?
 9
 ~
 |
 #
 O
 "
 I
 <
 9
 `
 6
 C
 Y
 )
 P
 *
 Z
 Q
 d
 ~
 ,
 a
 l
 ` T
 % 4 7 / h 5
 ( p
 F y
 B J
 *
 H G
 2 <
 ]
 V
 \ W
 k
 `
 5 1
 &
 w
 3
 % m
 I
 6
 3 9 * l C
 (
 r
 S
 0 N
 # ! <
 ^
 y [
 T
 2
 V e  
 - G
 ( >
 y 5
 7
 (
 C
 G
 X
 H
 2
 |
 _
 O i } N
 ;
 \
 "
 Y
 c
 R
 \
 I
 b z
 !
 x
 t 3 N
 L
 $ L
 c o ?
 &
 }
 *
 ]
 J
 2
 N
 J
 c =
 F
 : !
 F
 D
 Y
 & | .

10.0.2.15:50831 -> 133.42.52.24:443 A
133.42.52.24:443 -> 10.0.2.15:50831 A
 Q .
 x
 g y
 h
 8
 { &
 y | >
 2
 Z
 ,
 n
 "
 {
 ,
 -
 % P Y
 H
 / W }
 / x
 4 l
 W
 s f
 E
 L ~
 t
 m
 L
 _
 8 8 D
 z
 v
 x
 0 * J
 \
 t
 Y
 ;
 9
 | A
 I
 -
 h
 u
 d
 5
 O
 Z L
 S
 # d F ~
 i N T
 - @ l . Q
 H
 j
 T
 u F 1
 U k @
 9
 g
 f v A 4
 t K
 8 ` Y
 ^ b f G
 -
 P
 I
 m
 : Y ?
 2 f
 B
 U
 M
 s
 G
 k
 \
 G
 S b
 &
 %
 W F
 0
 w
 5
 s
 J
 V
 ? [ F [
 y O
 k
 J
 #
 C
 P
 x
 a
 C
 4 C 1 H
 O
 6
 @
 a
 j
 r
 >
 W
 6
 ]
 D
 )
 Z ?
 S
 2 T
 9
 I
 }
 R
 I
 :
 $ ^
 b
 Q A
 "
 @
 }
 f
 {
 n
 V
 j
 ; E
 O V
 H
 s n
 2
 x z
 K
 Y f ) | D Q
 o Q
 "
 Y
 |
 9 8 ]
 '
 r
 9 3
 = < b [
 M
 Y \
 8 9 9
 N
 O
 6
 v
 l
 R
 `
 ` u
 J m -
 5 w a
 +
 `
 1 [ 7
 3
 9 K
 $ y Y O
 ^
 p
 E
 # , !
 @
 ;
 I
 t
 ? 1
 {
 m
 - < E >
 "
 D
 4
 q R
 4
 V
 '
 p
 @ ^
 p \
 )
 L W
 B
 %
 `
 E
 7
 y ; q D
 V
 T R z
 L
 e
 5
 %
 b Y @
 w
 v
 .
 O
 7 >
 Y
 7 9 / B
 D
 j
 / w
 2
 [
 c
 [
 +
 0 .
 * >
 _
 ; ~ c H
 V
 Y
 C z K @
 k
 C 5
 z
 ;
 e T
 * Q
 g
 i
 1 t
 { Z
  
 D u
 #
 7 D
 s
 #
 |
 -
 >
 D :
 v @
 E
 |
 g '
 C
 r y o
 ! f
 , (
 k
 k B q
 "
 W :
 M
 =
 u
 S 3
 J _
 <
 A a
 , +
 p
 6
 F O
 + 1
 3
 U
  
 * k 7 (
 1
 L
 ~ (
 W P
 } B / w P
 l
 z
 9
 }
 ,
 [
 H :
 3
 c
 Z J
 X = f
 h Q O
 >  
 +
 +
 O y %
 h
 ~ X
 *
 { J a
 ) ' 8
 Q
 <
 B 1
 F 3 8
 )
 -
 T
 ~ h
 U
 A
 : ]
 _
 k v
 k *
 u j
 x Q #
 3
 }
 I
 ;
 B 8 H J
 h
 3
 3 Z
 b
 a E
 i
 ;
 m d
 % G
 P r Q i n
 l - #
 z
 ?
 - t O = [
 | 1
 j C
 : #
 7
 ? @
 g
 } v
 *
 0
133.42.52.24:443 -> 10.0.2.15:50831 A
 " D
 I
 I
 g
 Y
 l
 3
 S
 R
 f
 w
 A Z
 0 m f
 v M 0 A
 m
 a }
 V
 c 9 Z H
 B b
 f b 6
 Q
 } a
 6
 {
 y 4 n c _
 /
 Q "
 d
 N
 -
 ^
 C
 +
 f H d X ' 1 1
 f
 ,
 n
 * [ =
 L
 M /
 d H
 *
 ?
 j
 L -
 E 9
 9 u V  
 Y
 }
 O 1
 [
 S Y
 > O
 w
 W 7 5
 z , W 1 l
 j
 ( h
 D
 3 : (
 q
 A
 *
 c n
 R R
 { o }
 d #
 y
 p u
 p
 1 a
 Y 4 n & 3 L u
 X |
 w Q
 + X
 j
 p
 ~ A E
 q ]
 N
 ?
 g
 i
 U
 = J l ~
   a
 S
 j S
 M K
 & $
 Y
 & g
 z
 -
 W
 M
 t 1 $
 B p
 l
 !
 (
 u
 B
 >
 M
 n
 r
 Q
 |
 ] v
 v G
 t z
 0 O ?
 s
 H
 +
 K q
 M p q
 ?
 m
 X f
 *
 R
 + o
 Z
 b [
 I
 c
 r C
 Q Q P
 k
 >
 N
 .
 F 9
 o
 n
 }
 [ s :
 |
 1 x
 k k
 g M
 ]
 J
 5
 K
 i
 v B
 w
   b m U e
 M
 3 W
 *
 L
 o F 1
 b
 ;
 j L y 4 3 }
 ~ > i a
 a
 /
 Q
 o
 I
 '
 .
 #
 N
 I
 &
 ( ` -
 S
 -
 . b
 M :
 ?
 %
 [ E
 M
 # V
 H
 #
 1
 w z
 Z
 x
 :
 J R c
 #
 D
 Z z
 5
 \ X 0
 < s ' V # \
 E
 5 H
 Y
  
 p
 /
 ,
 m
 h
 \
 8
 * ~ 2
 n
 _
 %
 A v ^
 6 y
 3 ^ I z H
 ]
 K p
 `
 : [
 n
 h k
 V
 ]
 ; E
 d
 0 j J
 "
 - d
 J
 I Q ' . D
 5
 W
 F
 U 1 t
 .
 M > x
 {
 %
 <
 %
 # ;
 g
 E
 v K &
 X
 ,
 " a
 |
 p M & [
 ~ U ( < >
 H
 W
 ;
 9 [
 o
 {
 R
 /
 O
 7
 p - X
 t
 8
 0
 ; A ^
 (
 E
 W
 e s
 ) N
 l
 f
 x
 Y l
 B P
 Y q
 /
 J
 b n j 5
 K
 E U N E
 \
 { D
 9 Y q
 q ,
 j
 I
 , Y
 x
 | ! ! u
 ;
 t
 H
 0 h
 d
 d
 h ~ R B W
 i
 j
 9
 J
 k
 J s 6 P Q
 C
 r S & O
 n
 8
 -
 p < L (
 M T
 a > `
 t
 o
 V
 N Z
 Y `
 D
 K
 [ L )
 I Q =
10.0.2.15:50831 -> 133.42.52.24:443 A
133.42.52.24:443 -> 10.0.2.15:50831 A

 (
 <
 B
 $ u \ a
 ? w
 {
 2 S
 W ]
 r
 \
 }
 l
 U
 \
 e [
 Y
 G
 *
 i
 /
 y " K
 r
 > ) ( Y
 Z C
 Z
 X
 U v
 d
 X } q
 [
 c
 d
 /
 +
 " [
 W
 =
 ^ A
 o .
 t
 0 l
 +
 \
 * + H <
 A . C
 ;
 a _ z
 ) n
 @
 j
 R
 6
 < s
 \
 5 ?
 c
 ; b : } 7
 v
 #
 n
 U }
 U
 X
 g
 f
 ' :
 J
 !
 j
 l
 `
 7
 T
 "
 @
 9 ~ <
 N
 6
 6 J h
 A
 Y
 3 ~ C y
  
 {
 f
   s
 Z
 W + V
 /
 z
 ?
 2
 !
 J
 { [ l
 | p
 `
 f )
 $
 + p 9 3
 k e 0 f
 E
 p }
  
 5
 F
 z
 G
 d o
 <
 {
 - !
 & h
 u q 0 5
 O
 '
 +
 R 3 N [
 {
 i `
 0
 R
 ' @
 f >
 @
 ] P
 8
 U
 S
 z / :
 ! b X
 `
 7
 #
 |
 & $
 J c
 g
 W
 b
 K O N
 M y
 %
 T N
 ~
 ~
 t
 m + .
 o Z
 d M
 )
 H Z 4 a z J I ^ L
 c
 u
 ` M
 : x
 `
 -
 1
 k
 t
 G
 5
 8
 1
 P
 5
 < p
 9
 \
 ]
 t
 ?
 5 )
 9
 J 6
 c
 c
 T
 , W
 Z T
 6
 z ;
 -
 C K l a ;
 .
 z
 5 ;
 T >
 k O @
 x
 S   6
 +
 5
 2
 q
 0
 # I w
 +
 I
 ; B ^ w
 $ +
 z
 d
 a
 v -
 9
 Q
 |
 ` 1
 y ~
 '
 6
 )
 g
 &
 W
 I ) /
 X g
 9 T 0
 " #
 D
 % "
 k
 6 k A U
 .
 (
 Q y
 p
 H
 _ k
 D 2
 _
 }
 j < %
 p
 f
 Y
 _
 5
 J
 ; J Q
 &
 {
 H
 ^
 w
 , /
 d
 ] ; X &
 n & +
 ^ s
 > g
 i
 _ G
 =
 Q
 h
 \
 u
 <
 #
 z
 p
 D
 /
 t
 I o
 \ P
 <
 l
 + 6 l
 :
 k
 A
 F
 T
 P #
 L
 G
 % 3 O |
 =
 1
 - <
 0
 y
 ,
 C
 \ l
 '
 , 9
 7
 V p
 @
 " w T X q
 j ~ 9
 1
 %
 D
 q #
 d
 w h
 *
 V
   5
 l `
 A
 x
 h
 u
 a
 _
 y S ]
 Z =
 ; Q i
 ) # l j & h
 > l
 J
 ~ .
 \
 |
 N
 h
 x
 ]
 d a
 ' _ l
 - ~ ] D ;
 a
 >
 I h
 \ ]
 ,
 h ; H E u d

133.42.52.24:443 -> 10.0.2.15:50831 A

 c
 !
 ]
 D y b X
 x
 i
 L
 F _
 [ }
 c
 @
 ~ I
 S
 i 3
 <
 1
 %
 U
 `
 1 /   q e
 } S
 i
 w | -
 i e
 1
   < z
 <
 l X
 m
 p R
 -
 / Q
 5
 +
 s
 h T
 c
  
 U O
 *
 $ 1
 l
 O
 { X
 : U T
 #
 y
 2 A   '
 ^
 X
 0 [ t
 . 2 }
 ^ ]
 Z
 Q >
 G
 L (
 z g
 _ l
 J +
 _
 ;
 Z
 i U
 I
 T
 o X v
 g
 %
 ~
 U
 n O
 I
 >
 [
 I
 z
 n ? 5
 K R t w f C
 N i S 8 [
 i Y
 h Z Q
 /
  
 6 q
 L
 v
 H
 6 ^
 B
 J +
 -
 K
 C
 g c ] [
 % 3
 7
 0
 :
 m
 G Q
 #
 I p
 = !
 ^ I
 < j 6 E
 h
 u
 \
 4
 v ;
 -
 1
 /
 e
 Z
 . r
 ?  
 K
 A
 {
 @ / O ;
 ;
 F [ n Q
 > @
 k
 A
 g ^ F
 b
 ~
 o M e
 v
 q I
 h J s -
 h R
 ; 5 7
 :
 < ^
 }
 8
 4
 '
 O /
 S
 h W
 Y
 v
 b y
 X
 R
 U
 &
 6 = :
 D
 :
 Y
 ] | / ? U
 G ' t
 \
 b
 A
 )
 9
 B
 j
 % u @
 K
 G
 }
 8
 l
 t
 n Z
 u & "
 V D
 E 7
 r
 <
 c
 p
 \
 6
 2
 }
   V h
 !
 &
 l
 M 2
 ,
 p z
 O " < R > g b
 c
 t ( O |
 c
 R s . $
 5
 n =
 O ]
 N
 W
 f
 I m
 L
 v
 t
 e
 U
 x
 ,
 F
 5
 S
 3
 t p * U 2 `
 >
 $
 n Z
 ;
 t l 4
 e R {
 H
 B
 p
 ! D
 y
 4
 h
 z Z / m J y
 Z
 S
 S
 x
 8
 & i
 +
 ? (
 l
 l
 Q
 w
 W
 y
 X
 _
 d
 j P C
 j
 x
 +
 Q i q
 R
 *
 < P \
 H
 < &
 f
 L |
 )
 g
 L
 :
 y [
 c , 0  
 f
 z S V L
 S
 r
 [
 |
 K
 j
 ` v
 ]
 $
 c
 " 0
 s >
 ` !
 @ b
 w p
 I )
 . G .
 "
 %
 T X h H 0 a
 \ D
 A 0 , p o
 c 4
 H B
 - x
 n 8
 u
 ' a '
 9
 *
 V x
 p
 .
 I
 1
 B
 #
 a
 y
 ` !  
 K b
 9
 b
 k \
 | !
 3
 {
 =
 s
 a
 -
 O
 ;
 o z
 h
 . N
 e
 H
 V
 C
 `
 t
 S
 +
 ;
 0
 W v w ~
 l
 w
 v V
 s
 &
 |
 l Z
 E n
 r 8 ! U
 ^ _
10.0.2.15:50831 -> 133.42.52.24:443 A
133.42.52.24:443 -> 10.0.2.15:50831 A

 F
 7 M \
 $ N
 k 8
 : E
 F
 d O l S
 :
 ) ?
 _
 3
 ,
 r
 z @ E
 i
 P
 < .
 h U c
 Y
 0
 b D z
 !
 /
 d
 h 5 S
 8
 | \
 $
 | l U
 k
 . ,
 r #
 &
 u  
 ' @
 N
 Z
 l
 t L
 Q
 *
   _
 K m
 a
 s
 ,
 ~
 *
 s d q
 < * = /
 J
 L
 ;
 ' v 6
 A
 J
 8
 k
 G
 H
 v
 :
 !
 + R ? p
 ~
 B 6
 f
 >
 u
 [
 L
 e i e
 d
 6 r D
 '
 y | ;
 m 1 y i ! m
 ]
 U
 n L
 9
 D q
 & q
 l T
 6
 h
 { # \ l
 ; d
 V
 h T
 }
 <
 B
 P |
 V x
 p
 +
 q
 h
 `
 * 2
 O ^
 P `
 N
 |
 L H
 w 8 5
 8 m
 '
 Q
 ` / x
 { O
 S
 6
 w B x
 u
 X
 c
 g
 g B
 2
 \ n
 ~   J
 @
 U
 k 7
 9
 N
 v
 J T
 \
 (
 E
 C
 (
 T
 >
 5
 >
 , k
 K x
 w J
 4 _ $ _
 f
 ( (
 e ;
 q
 ;
 w I u r 6 W I
 !
 E
 {
 + d \
 l
 -
 ! m
 .
 1 m
 _ N
 ;
 <
 y
 $ b
 ?
 >
 \
 % C
 i
 7
 g
 >
 _ Q b
 o
 5 O
 ]
 G
 y
 -
 ]
 0 T
 y
 o \ R
 >
 (
 K @
 +
 I
 ]
 H
 2 M K
 h x r
 t
 d
 i
 j
 &
 H
 M
 +
 % g
 j S
 {
 e
 q I 3 G 3
 e
 |
 u
 +
 # b
 "
 (
 m
 Q m
 "
 l
 W =
 _
 p
 u i
 A 5
 W
 d o
 S 1
 5
 ? D
 M
 _ D
 F Y k
 3
 ,
 p >
 - :
 Y T
 &
 v
 R
 !
 ? W r
 f (
 m 9
 $
 5
 3 J
 '
 <
  
 p R
 ^
 K
 [ 0 G
 v
 O
 9
 A
 $
 ]
 "
 <
 S x
 S
 ` _
 7 : s }
 ^
 t
 t
 j
 4
 K
 L
 G
 m
 r
 p K
 N
 m
 k
 ' U
 2 2 a 8
 `
 ; N /
 +
 ; ! &
 %
 <
 9
 C
 x
 ~ ]
 N
 Z
 $
 m
 A H
 &
 (
 L G $
 :
 c
 v
 } )
 2
 v
 4
 k , <
 u
 C < n C
 ;
 Z
 6 z M
 '
 F
 > {
 T
 m
 Z J
 >
  
 ~ :
 @ #
 x
 n ` ~ d
 >
 ?
 U !
 .
 ]
 )
 C +
 N
 \
 (
 O
133.42.52.24:443 -> 10.0.2.15:50831 A

 S
 &
 { 0 G B L
 O
 w f a
 x
 T
 X j
 ! f
 k
 6 s E
 2
 I K ?
 a
 &
 4 w
 @ I
 d K p
 M "
 {
 " J N
 <
 V
 4
 V f
 + ,
 >
 X > 4
 C
 Y j
 - _
 r
  
 h J D
 $
 V
 _ g
 S j 9
 d
 ^
 G
 Q \ n
 O
 <
 !
 o
 m
 ~
 6
 ' W
 . N
 R O
 _ D
 + D 5 [
 & )
 - _
 @
 j
 |
 *
 e
 c
 Y
 W
 2 3
 i
 f
 5 d @
 p F
 5
 A
 ` K `
 L 8 y p
 N J
 D &
 A s :
 6
 ] k -
 #
 d
 y
 (
 I
 j
 V
 r
 7
 } M w
 ?
 ~
 H U A
 J
 L V
 E
 ` <
 7 K { 0
 l
 9
 ^ Q | w
 T
 &
 K
 8
 c K q n
 w M ^
 -
 " Q j
 d X J
 <
 l n
 p
 ~ e ' $
 L
 8
 f
 ` Y
 _
 Y e
 ~ R 8 q
 !
 c
 _
 f 7 U
 8 H ^
 w z
 w
 f 4
   0 2
 2
 U
 z M $ ]  
 v
 5
 B
 q
 n x [
 v
 c
 v
 1 K q
 4
 @
 > W
 D
 Z
 !
 O Y y
 I )
 }
 u
 "
 j
 a [
 T
 {
 9
 V
  
 #
 + v
 #
 q
 O 7
 " j
 Q
 %
 2
 ) . 7 }
 % > 8
 U +
 Q E z
 f ? e
 6
 }
 t
 ]
 l
 =
 i
 ( C
 (
 M [ f
 p
 u
 .
 0
 ; p
 ;
 \ ~
 = r
 ; | )
 6
 b
 } u T
 S
 3 y Z
 /
 z
 5
 0
 Y
 K
 A
 < S X
 # E
 $
  
 g
 H
 ^
 @
 / P _ B
 E
 E B K
 C I
 D
 , p
 b d | p v
 ` f
 h
 s
 >
 3 0 <
 5 7 n
 t
 |
 M ~
 h
 \
 1
 } %
 G
 K
 : l
 +
 &
 < U
 >
 # E a { +
 < j '
 L
 ^
 Y 4
 O
 9 & V
 ) u
 z
 f
 Y
 C
 a
 w S
 B
 a
 ^ ;
 `
 r P i
 =
 T
 @
 p 0
 n
 d ^ $ .
 <
 $ [
 *
 g g
 Y
 B i a w @ d
 "
 P
 D 9
 >
 b i =
 %
   |
 @
 /
 _
 }
 w
 Q
 T m
 y 5
 .
 b
 ^
 ?
 G
   9
 ~ <
 ^
 g s
 l
 ,
 h
 =
 /
 ` b *
 g
 g +
 O u
 ( t &
 M @ [ *
 l
 .
 w
 k
 ]
 g
 P
 v d \
 _ [
 Q w
 _
 i
 x & V * ?
 j
 +
 -
 V
 Y
 C .
 [ l
 , `
 W
 &
 R P
10.0.2.15:50831 -> 133.42.52.24:443 A
133.42.52.24:443 -> 10.0.2.15:50831 A

 t
 5
 ; @
 \ - !
 Q , C
 Y
 s
 z
 Z |
 0
 $
 @
 )
 S
 T
 {
 9
 l 2
 S 4
 p
 e R 1 8
 E G
 O
 }
 E } r C
  
 A
 ;
 ~
 G [ C
 u
 I - j s '
 Z
 ` H 1
 ]
 T
 j : n
 s a
 * #
 C r
 #
 # x
 + 6 [ s
 8 )
 ~
 _
 2 O
 9
 Z 5 k <
 b K f C o
 8
 B
 p I / 9
 # ; G
 P l
 N 0
 q
 = f 5
 C M
 ^
 m
 } m
 J
 - M = I
 j
 u
 x h | u
 R
 v
 2
 N
 ^ \
 h f
 y D
 Q
 H
 I
 W
 !
 v
 v
 ^
 1
 "
 t
 d
 :
 J
 U
 L
 6
 '
 $ 7
 s
 *
 H S
 b
 p
 ^
 H
 =
 f
  
 T N W
 r
 ] H
 d
 v
 m 5
 !
 z J
 F
 U
 '
 -
 K
 :
 A l u
 (
 j Z l (
 z G
 N
 ) q q
 X K
 n
 $
 j
 e
 T
 L
 <
 9 ) B
 v u
 V x 5
 T
 \
 d
 J
 l Y
 F
 2
 > p
 z
 S
 q
 ? L
 _ ! * G
 `
 K
 ,
 u :
 u
 Y W 8 Q |
 H
 N
 o
 f ]
 n
 V
 D
 F
 i
 r
 Y
 U
 1 /
 r =
 9
 a a
 \
 ]
 m \
 B
 b
 F W -
 -
 9
 g
 ~
 J x
 G
 u T
 w 5
 >
 :
 ~
 6 ?
 \ $ 6 H ` L
 Y >
 t
 ^
 *
 N
 G
 2 3
 T
 0
 R
 R j
 z j
 > L
 : Q 8
 , <
 D
 C
 E
 $ x
 s
   S
 B
 G
 ^
 M
 O
 :
 z
 4
 k
 H
 K >
 p
 |
 y
 r
 j
 8
 + <
 `
 +
 2
 p ]
 w
 ;
 i '
 ; 1 .
 ?
 K : [
 L
 ~
 * k /
 m C
 i
 % g
 ?
 v y
 G
 w
 ' t
 p
 , 4
 v
 d U S
 T
 %
 # P f
 n
 U
 F R T
 p
 " (
 H
 R
 |
 w
 V >
 5
 U
 - o c
 q \ W e J
 @
 <
 )
 ] /
   ^
 p
 y
 ^
 &
 #
 l
 ,
 ;
 k r
 &
 :
 6 U
 * _
 j  
 W
 x
 + x
 i
 " , w
 $
 E
 8 Q
 x J
 &
 N
 S
 0 ,
 R v
 *
 p [ o
 >
 E f
 *
 e {
 h
 W
 {
 O
 :
 R
 d
 a
 ^ $
 e
 j
 ~
 j
 9
 Q
 T 4
 5 $
 S J I " M
 Y
 * R g
 ^ & ?
 x
 n G
 Z f j
 j y V
 '
 c
 ~
 \
 ]
 3 k
 1
 S
 : G
 U
 m
 0 !
 r
 _ u
 h F .
 J
 H 9 !
 s
 g
 -
 V
 S
133.42.52.24:443 -> 10.0.2.15:50831 A

 K i i
 T $
 )
 b N
 ~
 ` 1
 u
 v
 f
 :
 T m
 i
 x 2
 M
 Z
 k
 6
 z
 2
 H p
 V
 T
 G
 t
 G
 E
 X
 l I
 f
 m _
 &
 s 5
 ~
 e
 % '
 : O
 / c u H
 [
 V
 2
 1
 W )
 G A
 i
 < 4
 & O
 _
 .
 ; C i   )
 >
 ? ~
 Z
 $
 ^ z 2 &
 . ; f >
 A $
 Z @ (
 < @ n Q
 O ?
 E
 .
 v
 C
 A g
 y
 2
 '
 f
 \
 l &
 F 5
 H ]
 &
 T
 r [ ~
 {
 a
 9
 R ?
 d E
 n
 .
 l D
 5 "
 [
 E
 #
 4
 =
 ;
 ]
 R
 O 2 i 5 2
 g 2 <
 R 0
 # n
 B '
 o
 I h
 :
 H D
 , c (
 ~ O R
 \ u j <
 $
 6
 d y
 m
 f
 z
 ' | 9 H o T r ^ C K G .
 t e
 ,
 Q
 <
 X O
 C
 Z
 h
 9
 O : K T
 *
 ~ I
 ] }
 7 V
 u
 h
 o
 C
 Y {
 n a
 x x ; p R
 E
 G
 c
 n
 # N
 _
 %
 B
 j
 D ? #
 | b d
 O
 A
 {
 \
 T q
 s
 R
 (
 o
 M L
 b p
 +
 =
 s
 $
 R &
 L
 8
 @
 5
 p c
 2
 q 1
 !
 Z 7
 R
 n
 '
 p
 :
 o
 L
 z
 a
 t $
 9 U i
 1 m
 M
 @ F g
 L
 \ Y D
 o I
 R
 -
 $ d w
 ^
 / L
 0
 G
 , %
 E 2 *
 T
 c
 5
 _ Y
 W
 ) 4 X
 O } q
 P
 V s & f
 <
 V ]
 G o j
 n n f
 f
 S
 < 8
 A ( 1
 0
 v \
 * | z
 u -
 Y
 S
 \
 `
 X
 !
 : 4 c C
 < D
 > N A
 @
 k ( 7
 b
 ,
 M
 Y
 E M
 & D q
 0   I `
 0 3
 } x
 u
 Z
 u
 ; & F
 ) ^ J K >
 F V
 I ( B S H & ~
 6
 0
 %
 =
  
 0 A h
 " & 6
 :
 P
 ? H
 \
 l
 b K
 D
 T
 P H
 8 $
 6 Y
 %
 +
 ^
 +
 f
 ~
 X
 ] }
 @
 @
 b
 q
 X
 c w U f O
 {
 w
 C
 ,
 F
 v
 I v
 m i F
 %
 m G
 v >
 C
 b
 h
 j
 +
 ?
 0
  
 m
 !
 E
 =
 ~ " R ? o
 ,
 Q _
 5
 5 T 9 ?
 0 z U
 O
 T
 7 k W ]
 c {
 ; N 2
 E K
 [ C U s
 o
 p
 O _ K i
 3
 r q
 L
 . . 0 K
 $
 : ;
10.0.2.15:50831 -> 133.42.52.24:443 A
133.42.52.24:443 -> 10.0.2.15:50831 A

 ? > ]
 !
 D
 $
 h
 w
 Y
 3
 a
 Q
 G
 ! 0 |
 K d
 C .
 s
 > t m
 J
 N w
 h ~
 |  
 . n
 / q
 _
 A
 o H
 * ,
 o K X
 I
 P . (
 L
 %
 i u @ r
 V B
 ^
 C
 x
 Q +
 # a (
 ~
 5 4 "
 C
 A
 t K S
 F
 :
 p
 / g E o
 6
 l
 P A
 j
 A
 #
 ! 1
 !
 j d
 6 "
 *
 N
 | G l
 }
 g
  
 h
 A
 f
  
 )
 /
 O
 1
 B
 s *
 g
 6
 ]
 )
 !
 y
 "
 R ]
 d
 ?
 o
 R
 D |
 m 9
 s
 .
 5
 p
 !
 S & 1
 o
 )
 E H
 l a
 A C
 b
 u V
 k
 Q
 i
 5
 O q
 Q
 j
 >
 7
 O
 X
 R
 "
 r
 M
 m '
 S
 M
 y
 S r
 %
 ,
 A _
 B
 x
 b
 k
 x D
 H
 } R
 n 6
 x
 @
 e
 \
 J
 = 2
 ?
 y g Q L " O
 ` - }
 u
 R _ z Y W
 h c
 9 & M 7
 )
 c
 w
 % 3
 *
 <
 " c
 N
 e y q
 L c m J l
 ]
 p k i e
 w O
 ^
 / w
 o  
 b
 h
 u
 c
 m x
 {
 0
 { ) D   , l 7
 2
 \
 r | `
 ~
 X U o
 .
 7
 > *
 D e
 p
 N
 O
 Q
 |
 , #
 E
 r =
 }
 G
 7
 p
 8
 T
 o
 u
 P L *
 k C
 d  
 2 `
 @
 ,
 1
 -
 =
 4
 p
 l
 y =
 f
 .
 ?
 :
 y
 S
 D
 o
 Q
 $
 d x
 N ;
 %
 i
 |
 c
 6
 /
 a i
 b $
 N U S
 T
  
 ,
 O
 '
 H T
 X & g n
 =
 B
 (
 1
 y
 H   g
 k 7
 = <
 s
 C
 f k
 ~ s :
 z
 "
 6 V
 J
 ^
 &
 l
 e
 L
 ?
 [ P
 7
 D 7 H
 n J
 t
 T Y
 X
 z
 r
 3
 > _ |
 1
 :
 z >
 E
 u
 A _
 C
 i
 W
 )
 S 1
 E g
 w
 h
 j
 I
 z
 r
 "
 < 5 k D
 V U
 O "
 &
 k
 >
 Y
 ~
 h
 N 3
 F
 $
 '
 y
 ?
 \
 D K
 Z 4 C
 h
 X / O
 =
 v M
 , o = J b
 .
 A
 ] > i
 #
 4 2 l r
 t
 7
 E
 ~ r T
 @
 6
 ) _
 8
 D d
 F
 $
 +
 C
 } o l
 G #
 5
 )
 &
 g
 \
 R
 N
 m o I ,
 d
 *
 b
 M
 A S
133.42.52.24:443 -> 10.0.2.15:50831 A

 ; <
 V
 /
 3 S [
 1
 $
 8 l
 ) [ 3
 _
 "
 &
 j e
 >
 a s
 2 V V v
 v
 E }
 T { k V
 P < M m
 X
 X
 0
 t
 Z x 1
 ;
 c
 N Q
 Z
 e
 S k = b
 d
 R
 u
 1
 z z g
 t
 4  
 i
 M [
 R
 . U 3
 F
 # Q `
 \ ;
 X @
 u
 R }
 <
 G E % :
 B
 i c
 B
 )
 a &
 ; o
 y
 n
 ,
 9
 I H
 &
 I
 Y
 <
 f
 _
 O
 }
 9
 ) ;
 D
 U
 ] F
 z k |
 >
 ^
 M
 G
 6
 _
 E
 +
 R
 I #
 d e j q
 f
 "
 n
 m z P
 -
 O
 +
 .
 q /
 j
 L #
 z
 ?
 1
 S *
 T
 D e
 - u
 -
 4
 j
 2
 T
 [ X
 W
 M P
 Y G
 W
 B
 M
 (
 m 6 ,  
 W !
 ^ l
 z
 d - F
 J
 :
 S ; | G
 8 v w 4 & _ -
 A $ +
 5 Z
 {
 A 3 .
 #
 t <
 *
 p
 .
 N y
 A
 ?
 I   *
 *
 M
 u
 V
 o
 , q
 s
 O s 3
 i
 B
 4 w S 4
 P ~
 K
 w
 /
 Y (
 O
 ~ p J , Y
 2 ;
 s m : " d
 !
 0
 c
 @ ~ 3
 V y q
 g )
  
 + |
 Y B
 * R
 j g G
 F
 w
 Z
 1 #
 l x
 \ (
 % ~ $ .
 [ , S
 4
 9
 6
 , :
 @
  
 5
 q
 9 Y ) B
 [
 y l
 d
 I
 g b
 w
 x
 (
 $
 J
 G v
 ;
  
 b f
 + "
 o
 n
 e
 w +
 W
 _
 v
 6
 1
 > "
 3 [
 0 O
 p
 J
 h m
 + ~
 =
 a
 < p r
 k
 |
 C ) ) :
 *
 L
 .
 T
 7 3
 E & b
 x
 Y
 ` o   i (
 s , 2 9 W
 e p
 ,
 k
 Q [
 w
 u
 S
 X
 ? %
 U
 K
 +
 L
 7
 )
 , 8 b
 "
 ] X \
 i
 a F
 8
 P
 z
 O
 9 $
 S
 g
 T
 $
 5
 {
 + 7
 y :
 O
 a j , /
 6 S
 I m
 7
 @
 s
 P d I
 *
 &
 5 P b 8
  
 g
 9 v C . O
 - B (
 K
 4 m
 $ D
 > ) > % @
 4 ,
 J
 H w
 < ) ) ?
 y
 Q
 y ;
 i U
 v 7 D
 W K
 s ^
 J
 0
 $ \
 i
 B
 !
 + d
 o I
 u
 " z
 3
 b
 N { d G k
 s
 H
 c
 =
 ( Y
 W m z
10.0.2.15:50831 -> 133.42.52.24:443 A
133.42.52.24:443 -> 10.0.2.15:50831 AP

 c 7
 H \
 W
 z
 (
 j
 a Z
 x < e ?
 Y
 @
 L =
 h
 B `
 W
 )
 9
 _
 O
 F N O : O
 } *
 H
 V

133.42.52.24:443 -> 10.0.2.15:50831 AP
 _
 a
 b v
 V x
  
 =
 } *
 . ) 2
 O
 ~ /
 6
 9  
 s
 =
 W x
 - x
 ,
 y f
 '
 B 7
 }
 { q s
 s
 0
 U
 Q
 ^ G 1
 /
 q - X 9
 Q " i
 S
 R - n
 x q
 e Z
 r A d
 a 9
 Y e
 =
 \
 P
 , 1
 O O r E .
 [
 x
 g [
 X
 "
 n
 ]
 #
 |
 q
 p 9
 G
 ,
 l
 5
 B
 /
 ^
 s
 T j b <
 _
   H
 M
 y
 h
 *
 $
 u
 6
 v v
 e
 |
 ! [
 x
 m
 z H
 $ f
 t f
 U
 b S
 k
 T
 H
 n
  
 1 W
 y
 N R 2 V
 g L
 7 `
 T
 E
 /
 x
 M
 X
 3
 ; f
 y N @
 w
  
 [
 %
 k
 H k
 L
 ?
 H ) F
 Q
 |
 &
 _ } :
 s
 |
 _
 m
 1
 v
 c
 J
 {
 - C
 :
 H
 F 2 i Z -
 =
 @
 &
 l M
 W @ X ` /
 * D
 q
 e
 t
 h E
 2
 W
 ; >
 }
 [
 o
 '
 Y
 Q 5
 Y
 4
 Y
 /
 7
 0 ~
 ) ^
 ]
 u } v - =
 b
 s
 "
 l S 1
 A
 : e
 t B
 ^
 ? (
 V b P
 1
 V T
 o n z R b
 W
 c
 ,
 ` 5 8 =
 ;
 ?
 w
 C @ : o
 2 h [
 "
 t
 B [ f
 -
 {
 G
 l
 g
 %
 U
 l
 4
 7 a J Z N p } [
 } A -
 A
 2
 ) Q
 3 b
 {
 s N ^
 ^
 ) e % W
 7
 i @
 3
 : ]
 q B
 , h I
 / # R >
 U B
 `
 K
 +
 k /
 c
 X
 F 0
 Y |
 M
 L
 V x G
 a
 .
 5 M < 6 n
 1
 I 3
 ^
 E
 O
 A
 +
 m
 5
 g n } [ - P
 `
 I 7
 a ;
 A q
 .
 W
 q
 O q
 k
 b & =
 ~ w
 C
 O {
 V
 <
 <   &
 O
 *
 p O
 t , H
 q " ' /
 V z
 e [ {
 C
 0 /
 "
 J
 g
 s .
 Q
 h
 A
 ?
 g
 V
 8
 E o
 S
 = l % 7 <
 & 2
 +
 G
 A W
 $ 5
 h
 i
 N
 a
 `
 % @
 L
 8 x
 } ~ b
 + 4 1 > M
 /
 V
 $ H
 v
 0

10.0.2.15:50831 -> 133.42.52.24:443 A
133.42.52.24:443 -> 10.0.2.15:50831 A

 I
 )
 / s
 h
 <
 T
 T +
 W f
 E
 4
 ^
 1 B
 : h S
 X
 C
  
 7 a
 t ,
 .
 H I {
 A b F
 _ g
 ? 3
 ; k
 v ]
 % C
 >
 &
 Z H
 $
 L
 +
 =
 1
 F
 0
 ^
 # L
 %
 T
 {
 h N g
 H
 + 5 R
 U a
 / B
 ;
 K %
 (
 "
 4
 o ;
 I
 s {
 _ w
 #
 o
 - `
 p 6
 V m
 (
 ,
 d
 t
 w
 K
 , # ( I
 a
 L
 S ; G
 F . ~ s
 ? 6
 U
 X
 n
 3
 I
 S
 _
 \
 W
 ^ P
 K
 ,
 ,
 k
 ( Y
 = E { <
 R
  
 (
 f t
 T
 i 8 /
 [  
 B S
 T
 x w
 X
 R
 7 #
 T
 ` s
 M
 ?
 y
 0
 d [
 g
 k
 +
 X N e
 ~ "
 /
 =
 I
 a
 )
 f
 3
 I
 _ $
 /
 /
 o
 8
 Q b
 t ` O
 B E
 <
 E _ _ T
 s
 } 9
 h
 9 p
 7
 h
 - x
 e l ? 0 W
 l 9
  
 G
 x u U O L w G
 U { % 8
 |
 P M P M
 C j
 = }
 B
 K
 4
 E
 . J X v z 0 q @
 U
 A
 G
 Z
  
 0
 | }
 ,
 K
 `
 P
 } =
 !
 "
 =
 :
 d * N
 3
 O
 @
 ]
 1
 Z
 )
 ; W
 ( < G
 +
 !
 C
 I
 Q
 n
 i S
 t
 O
 l
 _ J r
 i 9
 W
 < p
 , (
 a
 + )
 0
 Y
 `
 F ] G 0
 f
 K
 b b
 `
 [ '
 G 9
 C
 y 4
 U
 !
 F E
 u
 p   2 |
 E
 +
 m I a
 8 ~
 F
 r
 J
 9  
 b
 /
 C 3
 J
 t { A )
 z
 R
 R
 /
 <
 u
 {
 e j P #
 l
 /
 A
 i
 ?
 1
   A W
 [
 v
 .
 h   %
 b R J w & $
 G
 <
 ]
 B
 i
 0
 5
 q
 .
 6 y {
 Y " r
  
 u
 %
 (
 V
 u u
 &
 |
 Q
 =
 I
 d A ) ( `
 [
 G
 (
 n
 y " O 7 G
 B
 o f
 t
 A
 {
 w e
 6
 2
 W
 r
 r
 = S "
 <
 g H
 E ( d % c
 J 7
 f
 X
 +
 *
 8
 / i v
 D 9 I
 j
 8
 d
 =
 k
 6
 :
 p
 0
 T
 N 4 @
 t
 } C
 d W
 Z
 e
 *
 d
 Y <
 v
 C
 k a ! m
 x
 7 `
 q
 ~ +
   4
 j Z
 -
 6
 n
 d
 ,
 k
 |

133.42.52.24:443 -> 10.0.2.15:50831 A
 1 W
 M
 . = S e
 \ x A
 6
 ]
 ?
 -
 3
 v
 s V
 V S
 ~ 5
 x
 y =
 `
 x
 h
 x
 &
 2 )
 W
 !
 ;
 .
 B
 Q
 e
 D
 Q %
 ;
 &
 Q
 t
 5 8 % N
 b
 s
 h
 [
 k J
 J
 3
 \
 I
 =
 j
 | U
 d
 >
 5
 \
 z ^ , ^ V
 4 D u
 -
 s n
 #
 s
 o 2 H 0 Q
 `
 %
 ]
 M
 * e >
 x z _ [
 s
 5 b X x @ ? .
 y
 3
 J :
 8
 m -
 h
 ' Z {
 F
 |
 [
 L
 k : 8
 /
 v
 U
 j *
 f
 )
 "
 Q
 6
 w
 3 o
 o
 G
 w 0 a
 c
 /
 @
 j
 i [
 H
 J
 p H
 % ~ F w
 O
 A
 h
 r
 N
 5
 '
 R
 V
 ]
 R
 N F
 x :
 )
 : X
 t
 p U
 ^ &
 ^
 }
 V
 0 T
 N d
 < V
 Q R
 =
 @
 o
 \ ^
 0
 # -
 L m y q $
 ,
 4 G
 f
 O .
 A
 P
 m ~
 0
 & Q @ f
 7
 D F %
 =
 \
 K
 O T
 j
 n
 R
 j
 >
 J
 i
 k g n
 , m
 N
 A l
 g
 q
 A
 h
 N , )
 f
 2 2
 #
 h
 8 P -
 =
 N %
 :
 [
 ? _
 = O
 + &
 3
 ;
 w :
 ; h d
 '
 x
 X M
 e
 v K
 I
 k (
 m b > v ' K
 ~
 +
 (
 c
 k
 E
 O l
 =
 b z
 n
 - {
 )
 U
 $
 ?
 d
 W
 B A <
 z
 y
 ]
 T
 B
 u
 c
 7
 o
 & g
 -
 o a /
 "
 U
 _ 7
 \ #
 N
 :
 t
 Y
 ; w
 ,
 ^ p X @
 }
 ; t
 ^
 _
 *
 < h /
 6
 o
 : S K B j
 "
 z "
 4
  
 r o |
 | I
 ;
 |
 L ] W c
 N _ "
 ^ _
 =
 G
 S 9 w m
 I
 F ,
 f 6 <
 >
 b
 y
 |
 R
 ^ *
 i
 l
 "
 -
 e
  
 " i
 =
 [
 + Q d
 e K F
 1
 ~ @ 4
 < M
 k
 ' ;
 L ( M 4 C
 P s v
 *
 /
 /
 4
 (
 S
 ^
 \
 ^
 +
 ] +
 o
 0
 {
 _
 l
 ,
 h
 S
 Z
 m
 S
 "
 ~
 2
 h A 5
 T
 q
 L Z
 D
 Y
 R
 w
 h
 }
 .
 6
 7
 r
 h Z h
 x d d $
 z
 p 0 J D
 } K
 l f
 n z ]
 p
 1
 <
 3
 v $
 d '
 0 4
 O
 F *
 # 9
 %
 n
 *
 O o
 x S
 3 U B ; ;
 [
 C
 0 o
 ` 3
 6 g `
 x
 J
 { &
 , R
10.0.2.15:50831 -> 133.42.52.24:443 A
133.42.52.24:443 -> 10.0.2.15:50831 AP

 u 6
 \
 U Q
 =

133.42.52.24:443 -> 10.0.2.15:50831 AF
10.0.2.15:50831 -> 133.42.52.24:443 A
10.0.2.15:50831 -> 133.42.52.24:443 AF
133.42.52.24:443 -> 10.0.2.15:50831 A
